2025-04-04 13:39:29.400 [info] [main] Log level: Info
2025-04-04 13:39:29.400 [info] [main] Validating found git in: "git"
2025-04-04 13:39:29.400 [info] [main] Using git "2.25.1" from "git"
2025-04-04 13:39:29.400 [info] [Model][doInitialScan] Initial repository scan started
2025-04-04 13:39:29.400 [info] > git rev-parse --show-toplevel [10ms]
2025-04-04 13:39:29.400 [info] > git rev-parse --git-dir --git-common-dir [10ms]
2025-04-04 13:39:29.400 [info] [Model][openRepository] Opened repository: /home/hr.bcp-sms1.com/public_html
2025-04-04 13:39:29.400 [info] > git config --get commit.template [10ms]
2025-04-04 13:39:29.400 [info] > git rev-parse --show-toplevel [14ms]
2025-04-04 13:39:29.400 [info] > git for-each-ref --format=%(refname)%00%(upstream:short)%00%(objectname)%00%(upstream:track)%00%(upstream:remotename)%00%(upstream:remoteref) refs/heads/kas refs/remotes/kas [20ms]
2025-04-04 13:39:29.400 [info] > git rev-parse --show-toplevel [7ms]
2025-04-04 13:39:29.400 [info] > git status -z -uall [17ms]
2025-04-04 13:39:29.400 [info] > git rev-parse --show-toplevel [31ms]
2025-04-04 13:39:29.400 [info] > git rev-parse --show-toplevel [3ms]
2025-04-04 13:39:29.400 [info] > git for-each-ref --sort -committerdate --format %(refname)%00%(objectname)%00%(*objectname) [25ms]
2025-04-04 13:39:29.400 [info] > git rev-parse --show-toplevel [40ms]
2025-04-04 13:39:29.400 [info] > git for-each-ref --format=%(refname)%00%(upstream:short)%00%(objectname)%00%(upstream:track)%00%(upstream:remotename)%00%(upstream:remoteref) refs/heads/kas refs/remotes/kas [10ms]
2025-04-04 13:39:29.400 [info] > git rev-parse --show-toplevel [1268ms]
2025-04-04 13:39:29.400 [info] > git fetch [1555ms]
2025-04-04 13:39:29.400 [info] > git config --get --local branch.kas.vscode-merge-base [1390ms]
2025-04-04 13:39:29.400 [info] > git rev-parse --show-toplevel [95ms]
2025-04-04 13:39:29.400 [info] [Model][doInitialScan] Initial repository scan completed - repositories (1), closed repositories (0), parent repositories (0), unsafe repositories (0)
2025-04-04 13:39:29.400 [info] > git config --get commit.template [115ms]
2025-04-04 13:39:29.400 [info] > git config --get commit.template [17ms]
2025-04-04 13:39:29.400 [info] > git for-each-ref --format=%(refname)%00%(upstream:short)%00%(objectname)%00%(upstream:track)%00%(upstream:remotename)%00%(upstream:remoteref) refs/heads/origin/kas refs/remotes/origin/kas [74ms]
2025-04-04 13:39:29.400 [info] > git merge-base refs/heads/kas refs/remotes/origin/kas [65ms]
2025-04-04 13:39:29.400 [info] > git for-each-ref --format=%(refname)%00%(upstream:short)%00%(objectname)%00%(upstream:track)%00%(upstream:remotename)%00%(upstream:remoteref) refs/heads/kas refs/remotes/kas [191ms]
2025-04-04 13:39:29.400 [info] > git for-each-ref --format=%(refname)%00%(upstream:short)%00%(objectname)%00%(upstream:track)%00%(upstream:remotename)%00%(upstream:remoteref) refs/heads/kas refs/remotes/kas [215ms]
2025-04-04 13:39:29.410 [info] > git check-ignore -v -z --stdin [11ms]
2025-04-04 13:39:29.413 [info] > git diff --name-status -z --diff-filter=ADMR 5369eace12f0dd1fe4b23c8cda51a5f2a64e6bc9...refs/remotes/origin/kas [197ms]
2025-04-04 13:39:29.510 [info] > git status -z -uall [54ms]
2025-04-04 13:39:29.511 [info] > git for-each-ref --sort -committerdate --format %(refname)%00%(objectname)%00%(*objectname) [19ms]
2025-04-04 13:39:41.504 [info] > git config --get commit.template [199ms]
2025-04-04 13:39:41.529 [info] > git for-each-ref --format=%(refname)%00%(upstream:short)%00%(objectname)%00%(upstream:track)%00%(upstream:remotename)%00%(upstream:remoteref) refs/heads/kas refs/remotes/kas [3ms]
2025-04-04 13:39:41.578 [info] > git status -z -uall [22ms]
2025-04-04 13:39:41.579 [info] > git for-each-ref --sort -committerdate --format %(refname)%00%(objectname)%00%(*objectname) [12ms]
2025-04-04 13:39:42.942 [info] > git diff --name-status -z --diff-filter=ADMR @{upstream} [5ms]
2025-04-04 13:41:42.795 [info] > git diff --name-status -z --diff-filter=ADMR @{upstream} [9ms]
2025-04-04 13:42:19.124 [info] > git config --get commit.template [18ms]
2025-04-04 13:42:19.125 [info] > git for-each-ref --format=%(refname)%00%(upstream:short)%00%(objectname)%00%(upstream:track)%00%(upstream:remotename)%00%(upstream:remoteref) refs/heads/kas refs/remotes/kas [5ms]
2025-04-04 13:42:19.150 [info] > git status -z -uall [16ms]
2025-04-04 13:42:19.150 [info] > git for-each-ref --sort -committerdate --format %(refname)%00%(objectname)%00%(*objectname) [4ms]
2025-04-04 13:43:42.796 [info] > git diff --name-status -z --diff-filter=ADMR @{upstream} [9ms]
2025-04-04 13:44:54.647 [info] > git config --get commit.template [25ms]
2025-04-04 13:44:54.648 [info] > git for-each-ref --format=%(refname)%00%(upstream:short)%00%(objectname)%00%(upstream:track)%00%(upstream:remotename)%00%(upstream:remoteref) refs/heads/kas refs/remotes/kas [11ms]
2025-04-04 13:44:54.677 [info] > git status -z -uall [16ms]
2025-04-04 13:44:54.683 [info] > git for-each-ref --sort -committerdate --format %(refname)%00%(objectname)%00%(*objectname) [7ms]
2025-04-04 13:44:54.862 [info] > git fetch [254ms]
2025-04-04 13:44:54.884 [info] > git config --get commit.template [13ms]
2025-04-04 13:44:54.885 [info] > git for-each-ref --format=%(refname)%00%(upstream:short)%00%(objectname)%00%(upstream:track)%00%(upstream:remotename)%00%(upstream:remoteref) refs/heads/kas refs/remotes/kas [2ms]
2025-04-04 13:44:54.917 [info] > git status -z -uall [19ms]
2025-04-04 13:44:54.918 [info] > git for-each-ref --sort -committerdate --format %(refname)%00%(objectname)%00%(*objectname) [3ms]
2025-04-04 13:44:57.309 [info] > git check-ignore -v -z --stdin [3ms]
2025-04-04 13:44:59.526 [info] > git check-ignore -v -z --stdin [4ms]
2025-04-04 13:44:59.723 [info] > git config --get commit.template [13ms]
2025-04-04 13:44:59.724 [info] > git for-each-ref --format=%(refname)%00%(upstream:short)%00%(objectname)%00%(upstream:track)%00%(upstream:remotename)%00%(upstream:remoteref) refs/heads/kas refs/remotes/kas [2ms]
2025-04-04 13:44:59.782 [info] > git status -z -uall [45ms]
2025-04-04 13:44:59.782 [info] > git for-each-ref --sort -committerdate --format %(refname)%00%(objectname)%00%(*objectname) [4ms]
2025-04-04 13:45:09.878 [info] > git check-ignore -v -z --stdin [15ms]
2025-04-04 13:45:12.833 [info] > git show --textconv :api/auth/auth.php [23ms]
2025-04-04 13:45:12.840 [info] > git ls-files --stage -- api/auth/auth.php [9ms]
2025-04-04 13:45:12.856 [info] > git cat-file -s 1b28f2903e0aab0186a1e775a413eed3143ef508 [6ms]
2025-04-04 13:45:14.524 [info] > git blame --root --incremental 5369eace12f0dd1fe4b23c8cda51a5f2a64e6bc9 -- api/auth/auth.php [887ms]
2025-04-04 13:45:17.970 [info] > git show --textconv :api/auth/forgot.php [31ms]
2025-04-04 13:45:17.989 [info] > git ls-files --stage -- api/auth/forgot.php [21ms]
2025-04-04 13:45:18.014 [info] > git cat-file -s e62eeaefa66e3b7f57e8eca017b4735aab4e3ef1 [7ms]
2025-04-04 13:45:24.105 [info] > git show --textconv :api/auth/login.php [37ms]
2025-04-04 13:45:24.111 [info] > git ls-files --stage -- api/auth/login.php [7ms]
2025-04-04 13:45:24.129 [info] > git cat-file -s e61b3e06fa42ad45f1cfb5514e9c0dbe774179fa [4ms]
2025-04-04 13:45:39.716 [info] > git check-ignore -v -z --stdin [4ms]
2025-04-04 13:45:42.780 [info] > git diff --name-status -z --diff-filter=ADMR @{upstream} [3ms]
2025-04-04 13:45:43.210 [info] > git check-ignore -v -z --stdin [2ms]
2025-04-04 13:45:44.644 [info] > git show --textconv :page/application-track/Details.php [11ms]
2025-04-04 13:45:44.646 [info] > git ls-files --stage -- page/application-track/Details.php [2ms]
2025-04-04 13:45:44.656 [info] > git cat-file -s f1f0719d25e06335267a6c127f22d29967c2d12d [4ms]
2025-04-04 13:45:45.345 [info] > git blame --root --incremental 5369eace12f0dd1fe4b23c8cda51a5f2a64e6bc9 -- page/application-track/Details.php [133ms]
2025-04-04 13:45:56.977 [info] > git ls-files --stage -- page/application-track/List.php [4ms]
2025-04-04 13:45:56.988 [info] > git show --textconv :page/application-track/List.php [46ms]
2025-04-04 13:45:56.993 [info] > git cat-file -s 18d97b6789b27aa5f6b24245956298c1b0250d24 [6ms]
2025-04-04 13:46:06.045 [info] > git check-ignore -v -z --stdin [5ms]
2025-04-04 13:46:07.585 [info] > git show --textconv :page/bcp-news-update/Main.php [8ms]
2025-04-04 13:46:07.585 [info] > git ls-files --stage -- page/bcp-news-update/Main.php [1ms]
2025-04-04 13:46:07.596 [info] > git cat-file -s e25a858d78c4595ab03eaff4ff2ba035cb434650 [1ms]
2025-04-04 13:46:08.725 [info] > git blame --root --incremental 5369eace12f0dd1fe4b23c8cda51a5f2a64e6bc9 -- page/bcp-news-update/Main.php [66ms]
2025-04-04 13:46:16.310 [info] > git check-ignore -v -z --stdin [4ms]
2025-04-04 13:46:18.176 [info] > git check-ignore -v -z --stdin [23ms]
2025-04-04 13:46:20.045 [info] > git show --textconv :page/complaint-feedback/Complaint.php [15ms]
2025-04-04 13:46:20.046 [info] > git ls-files --stage -- page/complaint-feedback/Complaint.php [2ms]
2025-04-04 13:46:20.058 [info] > git cat-file -s 9ec39fbaa17bcd8d71d4fcb91aef889fa16589e6 [3ms]
2025-04-04 13:46:24.933 [info] > git show --textconv :page/complaint-feedback/Details_complaint.php [24ms]
2025-04-04 13:46:24.936 [info] > git ls-files --stage -- page/complaint-feedback/Details_complaint.php [6ms]
2025-04-04 13:46:24.946 [info] > git cat-file -s 1bc826c2517e9760b487a82a13d59a34b7d242c4 [3ms]
2025-04-04 13:46:31.281 [info] > git show --textconv :page/complaint-feedback/Details_feedback.php [113ms]
2025-04-04 13:46:31.293 [info] > git ls-files --stage -- page/complaint-feedback/Details_feedback.php [16ms]
2025-04-04 13:46:31.306 [info] > git cat-file -s 088373a446ee03b1ff361217fdf599a8f5bb8ecf [1ms]
2025-04-04 13:46:31.793 [info] > git blame --root --incremental 5369eace12f0dd1fe4b23c8cda51a5f2a64e6bc9 -- page/complaint-feedback/Details_feedback.php [32ms]
2025-04-04 13:46:34.621 [info] > git show --textconv :page/complaint-feedback/Feedback.php [11ms]
2025-04-04 13:46:34.625 [info] > git ls-files --stage -- page/complaint-feedback/Feedback.php [8ms]
2025-04-04 13:46:34.633 [info] > git cat-file -s 8da40df448c74286821152bfd05d692665b0b358 [2ms]
2025-04-04 13:46:38.106 [info] > git show --textconv :page/complaint-feedback/List.php [9ms]
2025-04-04 13:46:38.108 [info] > git ls-files --stage -- page/complaint-feedback/List.php [3ms]
2025-04-04 13:46:38.121 [info] > git cat-file -s 3d87cf8d3ad320039b81582c580c425f05216628 [2ms]
2025-04-04 13:46:38.536 [info] > git blame --root --incremental 5369eace12f0dd1fe4b23c8cda51a5f2a64e6bc9 -- page/complaint-feedback/List.php [24ms]
2025-04-04 13:46:43.371 [info] > git check-ignore -v -z --stdin [3ms]
2025-04-04 13:46:45.233 [info] > git show --textconv :page/dashboard/Main.php [17ms]
2025-04-04 13:46:45.233 [info] > git ls-files --stage -- page/dashboard/Main.php [1ms]
2025-04-04 13:46:45.245 [info] > git cat-file -s e69de29bb2d1d6434b8b29ae775ad8c2e48c5391 [1ms]
2025-04-04 13:46:51.249 [info] > git check-ignore -v -z --stdin [6ms]
2025-04-04 13:46:52.746 [info] > git show --textconv :page/employee-management/Create.php [19ms]
2025-04-04 13:46:52.751 [info] > git ls-files --stage -- page/employee-management/Create.php [8ms]
2025-04-04 13:46:52.762 [info] > git cat-file -s e9b3fb558c49d5d74319213a42e3701d15bf5fc1 [2ms]
2025-04-04 13:47:00.905 [info] > git show --textconv :page/employee-management/Details.php [17ms]
2025-04-04 13:47:00.907 [info] > git ls-files --stage -- page/employee-management/Details.php [3ms]
2025-04-04 13:47:00.921 [info] > git cat-file -s 4473baf5b025c3503a1f69614a26dcc7359a2791 [1ms]
2025-04-04 13:47:01.237 [info] > git blame --root --incremental 5369eace12f0dd1fe4b23c8cda51a5f2a64e6bc9 -- page/employee-management/Details.php [19ms]
2025-04-04 13:47:23.391 [info] > git check-ignore -v -z --stdin [49ms]
2025-04-04 13:47:27.050 [info] > git check-ignore -v -z --stdin [3ms]
2025-04-04 13:47:29.216 [info] > git check-ignore -v -z --stdin [2ms]
2025-04-04 13:47:36.322 [info] > git config --get commit.template [13ms]
2025-04-04 13:47:36.386 [info] > git for-each-ref --format=%(refname)%00%(upstream:short)%00%(objectname)%00%(upstream:track)%00%(upstream:remotename)%00%(upstream:remoteref) refs/heads/kas refs/remotes/kas [65ms]
2025-04-04 13:47:36.409 [info] > git status -z -uall [9ms]
2025-04-04 13:47:36.433 [info] > git for-each-ref --sort -committerdate --format %(refname)%00%(objectname)%00%(*objectname) [25ms]
2025-04-04 13:47:36.801 [info] > git show --textconv :api/application/approve.php [19ms]
2025-04-04 13:47:36.805 [info] > git ls-files --stage -- api/application/approve.php [5ms]
2025-04-04 13:47:36.815 [info] > git cat-file -s 42c32575badfd7d6eff917345c264f132401125f [1ms]
2025-04-04 13:47:37.908 [info] > git blame --root --incremental 5369eace12f0dd1fe4b23c8cda51a5f2a64e6bc9 -- api/application/approve.php [794ms]
2025-04-04 13:47:42.781 [info] > git diff --name-status -z --diff-filter=ADMR @{upstream} [6ms]
2025-04-04 13:47:49.689 [info] > git show --textconv :api/onboarding/assign_task.php [11ms]
2025-04-04 13:47:49.693 [info] > git ls-files --stage -- api/onboarding/assign_task.php [5ms]
2025-04-04 13:47:49.705 [info] > git cat-file -s 7cd9392f6c1879a68b131b5e2ca203326be693e1 [1ms]
2025-04-04 13:47:50.072 [info] > git blame --root --incremental 5369eace12f0dd1fe4b23c8cda51a5f2a64e6bc9 -- api/onboarding/assign_task.php [76ms]
2025-04-04 13:47:53.428 [info] > git show --textconv :api/onboarding/assign_task.php [16ms]
2025-04-04 13:47:53.430 [info] > git ls-files --stage -- api/onboarding/assign_task.php [4ms]
2025-04-04 13:47:53.469 [info] > git cat-file -s 7cd9392f6c1879a68b131b5e2ca203326be693e1 [25ms]
2025-04-04 13:47:55.532 [info] > git fetch [593ms]
2025-04-04 13:47:55.566 [info] > git config --get commit.template [11ms]
2025-04-04 13:47:55.567 [info] > git for-each-ref --format=%(refname)%00%(upstream:short)%00%(objectname)%00%(upstream:track)%00%(upstream:remotename)%00%(upstream:remoteref) refs/heads/kas refs/remotes/kas [3ms]
2025-04-04 13:47:55.596 [info] > git status -z -uall [16ms]
2025-04-04 13:47:55.599 [info] > git for-each-ref --sort -committerdate --format %(refname)%00%(objectname)%00%(*objectname) [7ms]
2025-04-04 13:47:55.992 [info] > git check-ignore -v -z --stdin [1ms]
2025-04-04 13:47:56.901 [info] > git config --get commit.template [2ms]
2025-04-04 13:47:56.912 [info] > git for-each-ref --format=%(refname)%00%(upstream:short)%00%(objectname)%00%(upstream:track)%00%(upstream:remotename)%00%(upstream:remoteref) refs/heads/kas refs/remotes/kas [2ms]
2025-04-04 13:47:56.933 [info] > git status -z -uall [13ms]
2025-04-04 13:47:56.934 [info] > git for-each-ref --sort -committerdate --format %(refname)%00%(objectname)%00%(*objectname) [2ms]
2025-04-04 13:47:59.695 [info] > git ls-files --stage -- api/survey/create.php [3ms]
2025-04-04 13:47:59.707 [info] > git show --textconv :api/survey/create.php [25ms]
2025-04-04 13:47:59.707 [info] > git cat-file -s 66b4b6436bd5720058d9a85827b2bf2fe75f3f0e [1ms]
2025-04-04 13:48:00.068 [info] > git blame --root --incremental 5369eace12f0dd1fe4b23c8cda51a5f2a64e6bc9 -- api/survey/create.php [38ms]
2025-04-04 13:48:02.240 [info] > git config --get commit.template [30ms]
2025-04-04 13:48:02.251 [info] > git for-each-ref --format=%(refname)%00%(upstream:short)%00%(objectname)%00%(upstream:track)%00%(upstream:remotename)%00%(upstream:remoteref) refs/heads/kas refs/remotes/kas [12ms]
2025-04-04 13:48:02.298 [info] > git status -z -uall [30ms]
2025-04-04 13:48:02.298 [info] > git for-each-ref --sort -committerdate --format %(refname)%00%(objectname)%00%(*objectname) [3ms]
2025-04-04 13:48:03.435 [info] > git show --textconv :api/survey/create.php [32ms]
2025-04-04 13:48:03.436 [info] > git ls-files --stage -- api/survey/create.php [2ms]
2025-04-04 13:48:03.453 [info] > git cat-file -s 66b4b6436bd5720058d9a85827b2bf2fe75f3f0e [5ms]
2025-04-04 13:48:05.673 [info] > git show --textconv :api/survey/create.php [24ms]
2025-04-04 13:48:05.674 [info] > git ls-files --stage -- api/survey/create.php [14ms]
2025-04-04 13:48:05.684 [info] > git cat-file -s 66b4b6436bd5720058d9a85827b2bf2fe75f3f0e [4ms]
2025-04-04 13:48:08.091 [info] > git show --textconv :api/survey/create.php [37ms]
2025-04-04 13:48:08.092 [info] > git ls-files --stage -- api/survey/create.php [4ms]
2025-04-04 13:48:08.122 [info] > git cat-file -s 66b4b6436bd5720058d9a85827b2bf2fe75f3f0e [5ms]
2025-04-04 13:48:10.671 [info] > git check-ignore -v -z --stdin [3ms]
2025-04-04 13:48:11.756 [info] > git check-ignore -v -z --stdin [3ms]
2025-04-04 13:48:16.853 [info] > git check-ignore -v -z --stdin [3ms]
2025-04-04 13:48:25.202 [info] > git ls-files --stage -- api/user-api/get_user.php [10ms]
2025-04-04 13:48:25.215 [info] > git show --textconv :api/user-api/get_user.php [34ms]
2025-04-04 13:48:25.216 [info] > git cat-file -s 3fbd44965e50192912a81ab1e5fb0465fe494a12 [3ms]
2025-04-04 13:48:25.601 [info] > git blame --root --incremental 5369eace12f0dd1fe4b23c8cda51a5f2a64e6bc9 -- api/user-api/get_user.php [92ms]
2025-04-04 13:48:31.054 [info] > git check-ignore -v -z --stdin [11ms]
2025-04-04 13:48:36.023 [info] > git check-ignore -v -z --stdin [3ms]
2025-04-04 13:48:37.190 [info] > git config --get commit.template [13ms]
2025-04-04 13:48:37.192 [info] > git for-each-ref --format=%(refname)%00%(upstream:short)%00%(objectname)%00%(upstream:track)%00%(upstream:remotename)%00%(upstream:remoteref) refs/heads/kas refs/remotes/kas [2ms]
2025-04-04 13:48:37.213 [info] > git status -z -uall [10ms]
2025-04-04 13:48:37.214 [info] > git for-each-ref --sort -committerdate --format %(refname)%00%(objectname)%00%(*objectname) [3ms]
2025-04-04 13:48:38.100 [info] > git check-ignore -v -z --stdin [9ms]
2025-04-04 13:48:40.231 [info] > git check-ignore -v -z --stdin [18ms]
2025-04-04 13:48:41.945 [info] > git check-ignore -v -z --stdin [4ms]
2025-04-04 13:48:43.260 [info] > git check-ignore -v -z --stdin [4ms]
2025-04-04 13:48:46.540 [info] > git check-ignore -v -z --stdin [16ms]
2025-04-04 13:48:48.145 [info] > git check-ignore -v -z --stdin [1ms]
2025-04-04 13:48:49.508 [info] > git check-ignore -v -z --stdin [8ms]
2025-04-04 13:48:52.327 [info] > git check-ignore -v -z --stdin [3ms]
2025-04-04 13:48:54.204 [info] > git check-ignore -v -z --stdin [7ms]
2025-04-04 13:48:55.520 [info] > git config --get commit.template [13ms]
2025-04-04 13:48:55.524 [info] > git for-each-ref --format=%(refname)%00%(upstream:short)%00%(objectname)%00%(upstream:track)%00%(upstream:remotename)%00%(upstream:remoteref) refs/heads/kas refs/remotes/kas [5ms]
2025-04-04 13:48:55.552 [info] > git status -z -uall [18ms]
2025-04-04 13:48:55.553 [info] > git for-each-ref --sort -committerdate --format %(refname)%00%(objectname)%00%(*objectname) [2ms]
2025-04-04 13:48:55.706 [info] > git check-ignore -v -z --stdin [2ms]
2025-04-04 13:48:58.865 [info] > git check-ignore -v -z --stdin [3ms]
2025-04-04 13:48:59.908 [info] > git check-ignore -v -z --stdin [2ms]
2025-04-04 13:49:01.574 [info] > git check-ignore -v -z --stdin [5ms]
2025-04-04 13:49:17.647 [info] > git show --textconv :page/_component/Topbar.php [12ms]
2025-04-04 13:49:17.647 [info] > git ls-files --stage -- page/_component/Topbar.php [2ms]
2025-04-04 13:49:17.658 [info] > git cat-file -s 524ad27225e1422cd806a4ed71894a547490c734 [3ms]
2025-04-04 13:49:18.147 [info] > git blame --root --incremental 5369eace12f0dd1fe4b23c8cda51a5f2a64e6bc9 -- page/_component/Topbar.php [181ms]
2025-04-04 13:49:22.767 [info] > git show --textconv :page/application-track/Details.php [11ms]
2025-04-04 13:49:22.771 [info] > git ls-files --stage -- page/application-track/Details.php [6ms]
2025-04-04 13:49:22.783 [info] > git cat-file -s f1f0719d25e06335267a6c127f22d29967c2d12d [6ms]
2025-04-04 13:49:27.414 [info] > git show --textconv :page/application-track/List.php [25ms]
2025-04-04 13:49:27.418 [info] > git ls-files --stage -- page/application-track/List.php [10ms]
2025-04-04 13:49:27.426 [info] > git cat-file -s 18d97b6789b27aa5f6b24245956298c1b0250d24 [2ms]
2025-04-04 13:49:27.796 [info] > git blame --root --incremental 5369eace12f0dd1fe4b23c8cda51a5f2a64e6bc9 -- page/application-track/List.php [18ms]
2025-04-04 13:49:34.887 [info] > git show --textconv :page/employee-management/Create.php [12ms]
2025-04-04 13:49:34.888 [info] > git ls-files --stage -- page/employee-management/Create.php [5ms]
2025-04-04 13:49:34.903 [info] > git cat-file -s e9b3fb558c49d5d74319213a42e3701d15bf5fc1 [7ms]
2025-04-04 13:49:35.324 [info] > git blame --root --incremental 5369eace12f0dd1fe4b23c8cda51a5f2a64e6bc9 -- page/employee-management/Create.php [25ms]
2025-04-04 13:49:35.560 [info] > git config --get commit.template [2ms]
2025-04-04 13:49:35.587 [info] > git for-each-ref --format=%(refname)%00%(upstream:short)%00%(objectname)%00%(upstream:track)%00%(upstream:remotename)%00%(upstream:remoteref) refs/heads/kas refs/remotes/kas [6ms]
2025-04-04 13:49:35.614 [info] > git status -z -uall [12ms]
2025-04-04 13:49:35.615 [info] > git for-each-ref --sort -committerdate --format %(refname)%00%(objectname)%00%(*objectname) [3ms]
2025-04-04 13:49:42.799 [info] > git diff --name-status -z --diff-filter=ADMR @{upstream} [17ms]
2025-04-04 13:49:48.574 [info] > git config --get commit.template [11ms]
2025-04-04 13:49:48.575 [info] > git for-each-ref --format=%(refname)%00%(upstream:short)%00%(objectname)%00%(upstream:track)%00%(upstream:remotename)%00%(upstream:remoteref) refs/heads/kas refs/remotes/kas [3ms]
2025-04-04 13:49:48.595 [info] > git status -z -uall [9ms]
2025-04-04 13:49:48.599 [info] > git for-each-ref --sort -committerdate --format %(refname)%00%(objectname)%00%(*objectname) [4ms]
2025-04-04 13:50:15.994 [info] > git config --get commit.template [11ms]
2025-04-04 13:50:15.994 [info] > git for-each-ref --format=%(refname)%00%(upstream:short)%00%(objectname)%00%(upstream:track)%00%(upstream:remotename)%00%(upstream:remoteref) refs/heads/kas refs/remotes/kas [1ms]
2025-04-04 13:50:16.024 [info] > git status -z -uall [17ms]
2025-04-04 13:50:16.027 [info] > git for-each-ref --sort -committerdate --format %(refname)%00%(objectname)%00%(*objectname) [5ms]
2025-04-04 13:50:26.878 [info] > git show --textconv :page/employee-management/Details.php [14ms]
2025-04-04 13:50:26.882 [info] > git ls-files --stage -- page/employee-management/Details.php [5ms]
2025-04-04 13:50:26.904 [info] > git cat-file -s 4473baf5b025c3503a1f69614a26dcc7359a2791 [5ms]
2025-04-04 13:50:39.166 [info] > git show --textconv :page/employee-management/Create.php [20ms]
2025-04-04 13:50:39.167 [info] > git ls-files --stage -- page/employee-management/Create.php [5ms]
2025-04-04 13:50:39.176 [info] > git cat-file -s e9b3fb558c49d5d74319213a42e3701d15bf5fc1 [2ms]
2025-04-04 13:50:55.895 [info] > git fetch [262ms]
2025-04-04 13:50:55.922 [info] > git for-each-ref --format=%(refname)%00%(upstream:short)%00%(objectname)%00%(upstream:track)%00%(upstream:remotename)%00%(upstream:remoteref) refs/heads/kas refs/remotes/kas [4ms]
2025-04-04 13:50:55.923 [info] > git config --get commit.template [17ms]
2025-04-04 13:50:55.956 [info] > git status -z -uall [11ms]
2025-04-04 13:50:55.961 [info] > git for-each-ref --sort -committerdate --format %(refname)%00%(objectname)%00%(*objectname) [5ms]
2025-04-04 13:50:57.366 [info] > git config --get commit.template [11ms]
2025-04-04 13:50:57.369 [info] > git for-each-ref --format=%(refname)%00%(upstream:short)%00%(objectname)%00%(upstream:track)%00%(upstream:remotename)%00%(upstream:remoteref) refs/heads/kas refs/remotes/kas [6ms]
2025-04-04 13:50:57.396 [info] > git status -z -uall [14ms]
2025-04-04 13:50:57.396 [info] > git for-each-ref --sort -committerdate --format %(refname)%00%(objectname)%00%(*objectname) [1ms]
2025-04-04 13:50:57.788 [info] > git ls-files --stage -- page/employee-management/Create.php [3ms]
2025-04-04 13:50:57.799 [info] > git cat-file -s e9b3fb558c49d5d74319213a42e3701d15bf5fc1 [2ms]
2025-04-04 13:50:58.106 [info] > git show --textconv :page/employee-management/Create.php [1ms]
2025-04-04 13:51:32.638 [info] > git config --get commit.template [11ms]
2025-04-04 13:51:32.640 [info] > git for-each-ref --format=%(refname)%00%(upstream:short)%00%(objectname)%00%(upstream:track)%00%(upstream:remotename)%00%(upstream:remoteref) refs/heads/kas refs/remotes/kas [3ms]
2025-04-04 13:51:32.671 [info] > git status -z -uall [18ms]
2025-04-04 13:51:32.672 [info] > git for-each-ref --sort -committerdate --format %(refname)%00%(objectname)%00%(*objectname) [7ms]
2025-04-04 13:51:37.706 [info] > git config --get commit.template [3ms]
2025-04-04 13:51:37.727 [info] > git for-each-ref --format=%(refname)%00%(upstream:short)%00%(objectname)%00%(upstream:track)%00%(upstream:remotename)%00%(upstream:remoteref) refs/heads/kas refs/remotes/kas [6ms]
2025-04-04 13:51:37.781 [info] > git status -z -uall [41ms]
2025-04-04 13:51:37.781 [info] > git for-each-ref --sort -committerdate --format %(refname)%00%(objectname)%00%(*objectname) [2ms]
2025-04-04 13:51:42.794 [info] > git diff --name-status -z --diff-filter=ADMR @{upstream} [4ms]
2025-04-04 13:52:04.150 [info] > git show --textconv :page/employee-management/Details.php [11ms]
2025-04-04 13:52:04.151 [info] > git ls-files --stage -- page/employee-management/Details.php [4ms]
2025-04-04 13:52:04.163 [info] > git cat-file -s 4473baf5b025c3503a1f69614a26dcc7359a2791 [2ms]
2025-04-04 13:52:17.559 [info] > git config --get commit.template [17ms]
2025-04-04 13:52:17.560 [info] > git for-each-ref --format=%(refname)%00%(upstream:short)%00%(objectname)%00%(upstream:track)%00%(upstream:remotename)%00%(upstream:remoteref) refs/heads/kas refs/remotes/kas [2ms]
2025-04-04 13:52:17.584 [info] > git status -z -uall [15ms]
2025-04-04 13:52:17.585 [info] > git for-each-ref --sort -committerdate --format %(refname)%00%(objectname)%00%(*objectname) [1ms]
2025-04-04 13:52:22.697 [info] > git config --get commit.template [19ms]
2025-04-04 13:52:22.746 [info] > git for-each-ref --format=%(refname)%00%(upstream:short)%00%(objectname)%00%(upstream:track)%00%(upstream:remotename)%00%(upstream:remoteref) refs/heads/kas refs/remotes/kas [4ms]
2025-04-04 13:52:22.792 [info] > git status -z -uall [25ms]
2025-04-04 13:52:22.796 [info] > git for-each-ref --sort -committerdate --format %(refname)%00%(objectname)%00%(*objectname) [5ms]
2025-04-04 13:52:23.772 [info] > git check-ignore -v -z --stdin [3ms]
2025-04-04 13:52:30.467 [info] > git show --textconv :page/job-posting/Create.php [10ms]
2025-04-04 13:52:30.468 [info] > git ls-files --stage -- page/job-posting/Create.php [3ms]
2025-04-04 13:52:30.490 [info] > git cat-file -s 6328460e60a2f423259be002beeec5060cb27ee4 [5ms]
2025-04-04 13:52:30.872 [info] > git blame --root --incremental 5369eace12f0dd1fe4b23c8cda51a5f2a64e6bc9 -- page/job-posting/Create.php [59ms]
2025-04-04 13:52:43.439 [info] > git check-ignore -v -z --stdin [3ms]
2025-04-04 13:52:45.652 [info] > git show --textconv :page/job-posting/List.php [11ms]
2025-04-04 13:52:45.653 [info] > git ls-files --stage -- page/job-posting/List.php [2ms]
2025-04-04 13:52:45.693 [info] > git cat-file -s e93ae6c62ca3c0f078fccd84d3c0c4748e887f25 [7ms]
2025-04-04 13:52:46.059 [info] > git blame --root --incremental 5369eace12f0dd1fe4b23c8cda51a5f2a64e6bc9 -- page/job-posting/List.php [34ms]
2025-04-04 13:52:54.326 [info] > git show --textconv :page/performance-evaluation/Adminmain.php [20ms]
2025-04-04 13:52:54.327 [info] > git ls-files --stage -- page/performance-evaluation/Adminmain.php [3ms]
2025-04-04 13:52:54.336 [info] > git cat-file -s 997165fb9bffbf637cbca4f0c8430b3aa80a95be [2ms]
2025-04-04 13:52:54.696 [info] > git blame --root --incremental 5369eace12f0dd1fe4b23c8cda51a5f2a64e6bc9 -- page/performance-evaluation/Adminmain.php [27ms]
2025-04-04 13:53:04.110 [info] > git check-ignore -v -z --stdin [3ms]
2025-04-04 13:53:06.214 [info] > git show --textconv :page/survey/Create.php [14ms]
2025-04-04 13:53:06.216 [info] > git ls-files --stage -- page/survey/Create.php [7ms]
2025-04-04 13:53:06.275 [info] > git cat-file -s 952fd5e4857b85bdbc61687129790adbbc22a495 [26ms]
2025-04-04 13:53:06.693 [info] > git blame --root --incremental 5369eace12f0dd1fe4b23c8cda51a5f2a64e6bc9 -- page/survey/Create.php [55ms]
2025-04-04 13:53:11.757 [info] > git check-ignore -v -z --stdin [1ms]
2025-04-04 13:53:14.086 [info] > git show --textconv :page/survey/Edit.php [22ms]
2025-04-04 13:53:14.086 [info] > git ls-files --stage -- page/survey/Edit.php [5ms]
2025-04-04 13:53:14.108 [info] > git cat-file -s 2a0c6fa7c322086b911ffc3448cd27da281a705f [9ms]
2025-04-04 13:53:14.505 [info] > git blame --root --incremental 5369eace12f0dd1fe4b23c8cda51a5f2a64e6bc9 -- page/survey/Edit.php [13ms]
2025-04-04 13:53:22.930 [info] > git check-ignore -v -z --stdin [3ms]
2025-04-04 13:53:26.108 [info] > git show --textconv :page/survey/List.php [32ms]
2025-04-04 13:53:26.115 [info] > git ls-files --stage -- page/survey/List.php [8ms]
2025-04-04 13:53:26.127 [info] > git cat-file -s 8e9c5c0884c431f886e25e6cdc07bdc2520b871b [3ms]
2025-04-04 13:53:26.457 [info] > git blame --root --incremental 5369eace12f0dd1fe4b23c8cda51a5f2a64e6bc9 -- page/survey/List.php [10ms]
2025-04-04 13:53:35.198 [info] > git show --textconv :page/survey/Main.php [10ms]
2025-04-04 13:53:35.207 [info] > git ls-files --stage -- page/survey/Main.php [9ms]
2025-04-04 13:53:35.218 [info] > git cat-file -s 0e80efd3375a82bcf39f61e8c09a495f2d063982 [2ms]
2025-04-04 13:53:35.595 [info] > git blame --root --incremental 5369eace12f0dd1fe4b23c8cda51a5f2a64e6bc9 -- page/survey/Main.php [9ms]
2025-04-04 13:53:40.478 [info] > git check-ignore -v -z --stdin [4ms]
2025-04-04 13:53:42.379 [info] > git show --textconv :page/survey/Submit.php [13ms]
2025-04-04 13:53:42.385 [info] > git ls-files --stage -- page/survey/Submit.php [7ms]
2025-04-04 13:53:42.400 [info] > git cat-file -s 1336435e94fa3dec582ea10acde925ad552e436a [6ms]
2025-04-04 13:53:42.767 [info] > git blame --root --incremental 5369eace12f0dd1fe4b23c8cda51a5f2a64e6bc9 -- page/survey/Submit.php [8ms]
2025-04-04 13:53:42.795 [info] > git diff --name-status -z --diff-filter=ADMR @{upstream} [4ms]
2025-04-04 13:53:46.216 [info] > git check-ignore -v -z --stdin [7ms]
2025-04-04 13:53:47.684 [info] > git check-ignore -v -z --stdin [4ms]
2025-04-04 13:53:50.397 [info] > git show --textconv :page/user-management/Create.php [23ms]
2025-04-04 13:53:50.397 [info] > git ls-files --stage -- page/user-management/Create.php [4ms]
2025-04-04 13:53:50.442 [info] > git cat-file -s e9b3fb558c49d5d74319213a42e3701d15bf5fc1 [5ms]
2025-04-04 13:53:50.978 [info] > git blame --root --incremental 5369eace12f0dd1fe4b23c8cda51a5f2a64e6bc9 -- page/user-management/Create.php [119ms]
2025-04-04 13:53:56.318 [info] > git fetch [285ms]
2025-04-04 13:53:56.349 [info] > git for-each-ref --format=%(refname)%00%(upstream:short)%00%(objectname)%00%(upstream:track)%00%(upstream:remotename)%00%(upstream:remoteref) refs/heads/kas refs/remotes/kas [1ms]
2025-04-04 13:53:56.349 [info] > git config --get commit.template [24ms]
2025-04-04 13:53:56.364 [info] > git status -z -uall [9ms]
2025-04-04 13:53:56.379 [info] > git for-each-ref --sort -committerdate --format %(refname)%00%(objectname)%00%(*objectname) [16ms]
2025-04-04 13:53:57.924 [info] > git config --get commit.template [26ms]
2025-04-04 13:53:57.926 [info] > git for-each-ref --format=%(refname)%00%(upstream:short)%00%(objectname)%00%(upstream:track)%00%(upstream:remotename)%00%(upstream:remoteref) refs/heads/kas refs/remotes/kas [3ms]
2025-04-04 13:53:57.963 [info] > git status -z -uall [19ms]
2025-04-04 13:53:57.963 [info] > git for-each-ref --sort -committerdate --format %(refname)%00%(objectname)%00%(*objectname) [4ms]
2025-04-04 13:53:58.273 [info] > git ls-files --stage -- page/user-management/Create.php [1ms]
2025-04-04 13:53:58.282 [info] > git cat-file -s e9b3fb558c49d5d74319213a42e3701d15bf5fc1 [2ms]
2025-04-04 13:53:58.590 [info] > git show --textconv :page/user-management/Create.php [6ms]
2025-04-04 13:54:06.069 [info] > git config --get commit.template [1ms]
2025-04-04 13:54:06.093 [info] > git for-each-ref --format=%(refname)%00%(upstream:short)%00%(objectname)%00%(upstream:track)%00%(upstream:remotename)%00%(upstream:remoteref) refs/heads/kas refs/remotes/kas [3ms]
2025-04-04 13:54:06.113 [info] > git status -z -uall [11ms]
2025-04-04 13:54:06.125 [info] > git for-each-ref --sort -committerdate --format %(refname)%00%(objectname)%00%(*objectname) [13ms]
2025-04-04 13:54:10.248 [info] > git show --textconv :page/user-management/Details.php [16ms]
2025-04-04 13:54:10.252 [info] > git ls-files --stage -- page/user-management/Details.php [9ms]
2025-04-04 13:54:10.287 [info] > git cat-file -s 019ad3f58e023332c1a706a9ca594bf2d2d5c88d [6ms]
2025-04-04 13:54:10.643 [info] > git blame --root --incremental 5369eace12f0dd1fe4b23c8cda51a5f2a64e6bc9 -- page/user-management/Details.php [33ms]
2025-04-04 13:54:52.745 [info] > git config --get commit.template [9ms]
2025-04-04 13:54:52.761 [info] > git for-each-ref --format=%(refname)%00%(upstream:short)%00%(objectname)%00%(upstream:track)%00%(upstream:remotename)%00%(upstream:remoteref) refs/heads/kas refs/remotes/kas [6ms]
2025-04-04 13:54:52.789 [info] > git status -z -uall [12ms]
2025-04-04 13:54:52.791 [info] > git for-each-ref --sort -committerdate --format %(refname)%00%(objectname)%00%(*objectname) [3ms]
2025-04-04 13:54:53.256 [info] > git check-ignore -v -z --stdin [4ms]
2025-04-04 13:54:54.970 [info] > git check-ignore -v -z --stdin [14ms]
2025-04-04 13:54:55.407 [info] > git show --textconv :page/user-profile/Profile.php [13ms]
2025-04-04 13:54:55.408 [info] > git ls-files --stage -- page/user-profile/Profile.php [2ms]
2025-04-04 13:54:55.431 [info] > git cat-file -s 10c4179dbfa22a3792b1047aae8277746a41fcfe [3ms]
2025-04-04 13:54:55.816 [info] > git blame --root --incremental 5369eace12f0dd1fe4b23c8cda51a5f2a64e6bc9 -- page/user-profile/Profile.php [31ms]
2025-04-04 13:55:00.370 [info] > git show --textconv :public/Apply_details.php [18ms]
2025-04-04 13:55:00.371 [info] > git ls-files --stage -- public/Apply_details.php [3ms]
2025-04-04 13:55:00.381 [info] > git cat-file -s 96cbdcb05ee7ffdcc23076f37814613544b6eab6 [2ms]
2025-04-04 13:55:00.815 [info] > git blame --root --incremental 5369eace12f0dd1fe4b23c8cda51a5f2a64e6bc9 -- public/Apply_details.php [34ms]
2025-04-04 13:55:07.784 [info] > git show --textconv :public/Apply.php [37ms]
2025-04-04 13:55:07.785 [info] > git ls-files --stage -- public/Apply.php [20ms]
2025-04-04 13:55:07.805 [info] > git cat-file -s 5465b4ce23173ff49885f5882fc5e6ae7733f135 [2ms]
2025-04-04 13:55:08.276 [info] > git blame --root --incremental 5369eace12f0dd1fe4b23c8cda51a5f2a64e6bc9 -- public/Apply.php [96ms]
2025-04-04 13:55:11.841 [info] > git show --textconv :public/Jobs.php [8ms]
2025-04-04 13:55:11.841 [info] > git ls-files --stage -- public/Jobs.php [1ms]
2025-04-04 13:55:11.859 [info] > git cat-file -s 75bcc268b35312e5890f4fc88ac638054566fe5f [8ms]
2025-04-04 13:55:12.273 [info] > git blame --root --incremental 5369eace12f0dd1fe4b23c8cda51a5f2a64e6bc9 -- public/Jobs.php [15ms]
2025-04-04 13:55:16.848 [info] > git show --textconv :public/Login.php [24ms]
2025-04-04 13:55:16.861 [info] > git ls-files --stage -- public/Login.php [21ms]
2025-04-04 13:55:16.871 [info] > git cat-file -s 914c94251f865918a20ee576de379ec27e3fb89d [1ms]
2025-04-04 13:55:17.254 [info] > git blame --root --incremental 5369eace12f0dd1fe4b23c8cda51a5f2a64e6bc9 -- public/Login.php [32ms]
2025-04-04 13:55:21.750 [info] > git show --textconv :public/Recover.php [10ms]
2025-04-04 13:55:21.750 [info] > git ls-files --stage -- public/Recover.php [3ms]
2025-04-04 13:55:21.760 [info] > git cat-file -s 6270b9f368ccd08cc4abc5e6c58b1ecfff8d5220 [1ms]
2025-04-04 13:55:22.094 [info] > git blame --root --incremental 5369eace12f0dd1fe4b23c8cda51a5f2a64e6bc9 -- public/Recover.php [8ms]
2025-04-04 13:55:25.846 [info] > git show --textconv :public/Register.php [7ms]
2025-04-04 13:55:25.848 [info] > git ls-files --stage -- public/Register.php [3ms]
2025-04-04 13:55:25.864 [info] > git cat-file -s 5b964c31989871efec5533c997078f2aa35047d2 [8ms]
2025-04-04 13:55:26.387 [info] > git blame --root --incremental 5369eace12f0dd1fe4b23c8cda51a5f2a64e6bc9 -- public/Register.php [12ms]
2025-04-04 13:55:29.963 [info] > git check-ignore -v -z --stdin [2ms]
2025-04-04 13:55:30.454 [info] > git show --textconv :public/_template/Header.php [22ms]
2025-04-04 13:55:30.455 [info] > git ls-files --stage -- public/_template/Header.php [9ms]
2025-04-04 13:55:30.470 [info] > git cat-file -s 221c0d9caa3dfae6c35bbfb98586b60fbd25201b [3ms]
2025-04-04 13:55:30.933 [info] > git blame --root --incremental 5369eace12f0dd1fe4b23c8cda51a5f2a64e6bc9 -- public/_template/Header.php [13ms]
2025-04-04 13:55:37.446 [info] > git show --textconv :page/employee-management/Details.php [10ms]
2025-04-04 13:55:37.448 [info] > git ls-files --stage -- page/employee-management/Details.php [4ms]
2025-04-04 13:55:37.456 [info] > git cat-file -s 4473baf5b025c3503a1f69614a26dcc7359a2791 [2ms]
2025-04-04 13:55:39.139 [info] > git check-ignore -v -z --stdin [2ms]
2025-04-04 13:55:42.794 [info] > git diff --name-status -z --diff-filter=ADMR @{upstream} [8ms]
2025-04-04 13:55:55.676 [info] > git show --textconv :api/user-management/update_user.php [12ms]
2025-04-04 13:55:55.680 [info] > git ls-files --stage -- api/user-management/update_user.php [6ms]
2025-04-04 13:55:55.690 [info] > git cat-file -s a7ab44fc158deb2f4652acd7224646cb60a24901 [3ms]
2025-04-04 13:56:06.837 [info] > git show --textconv :api/user-management/create_user.php [9ms]
2025-04-04 13:56:06.841 [info] > git ls-files --stage -- api/user-management/create_user.php [4ms]
2025-04-04 13:56:06.852 [info] > git cat-file -s e03afe1343ffbda5ad1d9eb9676b9c2193160cc1 [3ms]
2025-04-04 13:56:16.453 [info] > git show --textconv :page/employee-management/Details.php [13ms]
2025-04-04 13:56:16.453 [info] > git ls-files --stage -- page/employee-management/Details.php [1ms]
2025-04-04 13:56:16.463 [info] > git cat-file -s 4473baf5b025c3503a1f69614a26dcc7359a2791 [2ms]
2025-04-04 13:56:17.893 [info] > git show --textconv :api/user-management/create_user.php [13ms]
2025-04-04 13:56:17.897 [info] > git ls-files --stage -- api/user-management/create_user.php [5ms]
2025-04-04 13:56:17.909 [info] > git cat-file -s e03afe1343ffbda5ad1d9eb9676b9c2193160cc1 [2ms]
2025-04-04 13:56:19.535 [info] > git show --textconv :page/employee-management/Create.php [9ms]
2025-04-04 13:56:19.536 [info] > git ls-files --stage -- page/employee-management/Create.php [2ms]
2025-04-04 13:56:19.552 [info] > git cat-file -s e9b3fb558c49d5d74319213a42e3701d15bf5fc1 [8ms]
2025-04-04 13:56:26.378 [info] > git show --textconv :api/user-management/create_user.php [15ms]
2025-04-04 13:56:26.380 [info] > git ls-files --stage -- api/user-management/create_user.php [3ms]
2025-04-04 13:56:26.393 [info] > git cat-file -s e03afe1343ffbda5ad1d9eb9676b9c2193160cc1 [5ms]
2025-04-04 13:56:31.556 [info] > git show --textconv :page/user-management/Details.php [31ms]
2025-04-04 13:56:31.559 [info] > git ls-files --stage -- page/user-management/Details.php [5ms]
2025-04-04 13:56:31.580 [info] > git cat-file -s 019ad3f58e023332c1a706a9ca594bf2d2d5c88d [10ms]
2025-04-04 13:56:42.086 [info] > git show --textconv :page/user-management/Create.php [13ms]
2025-04-04 13:56:42.097 [info] > git ls-files --stage -- page/user-management/Create.php [12ms]
2025-04-04 13:56:42.111 [info] > git cat-file -s e9b3fb558c49d5d74319213a42e3701d15bf5fc1 [2ms]
2025-04-04 13:56:45.308 [info] > git show --textconv :page/job-posting/Create.php [33ms]
2025-04-04 13:56:45.313 [info] > git ls-files --stage -- page/job-posting/Create.php [5ms]
2025-04-04 13:56:45.347 [info] > git cat-file -s 6328460e60a2f423259be002beeec5060cb27ee4 [9ms]
2025-04-04 13:56:56.625 [info] > git fetch [220ms]
2025-04-04 13:56:56.651 [info] > git config --get commit.template [11ms]
2025-04-04 13:56:56.651 [info] > git for-each-ref --format=%(refname)%00%(upstream:short)%00%(objectname)%00%(upstream:track)%00%(upstream:remotename)%00%(upstream:remoteref) refs/heads/kas refs/remotes/kas [2ms]
2025-04-04 13:56:56.670 [info] > git status -z -uall [8ms]
2025-04-04 13:56:56.674 [info] > git for-each-ref --sort -committerdate --format %(refname)%00%(objectname)%00%(*objectname) [4ms]
2025-04-04 13:56:58.134 [info] > git config --get commit.template [25ms]
2025-04-04 13:56:58.167 [info] > git for-each-ref --format=%(refname)%00%(upstream:short)%00%(objectname)%00%(upstream:track)%00%(upstream:remotename)%00%(upstream:remoteref) refs/heads/kas refs/remotes/kas [23ms]
2025-04-04 13:56:58.238 [info] > git status -z -uall [55ms]
2025-04-04 13:56:58.251 [info] > git for-each-ref --sort -committerdate --format %(refname)%00%(objectname)%00%(*objectname) [21ms]
2025-04-04 13:57:02.486 [info] > git config --get commit.template [2ms]
2025-04-04 13:57:02.516 [info] > git for-each-ref --format=%(refname)%00%(upstream:short)%00%(objectname)%00%(upstream:track)%00%(upstream:remotename)%00%(upstream:remoteref) refs/heads/kas refs/remotes/kas [4ms]
2025-04-04 13:57:02.549 [info] > git for-each-ref --sort -committerdate --format %(refname)%00%(objectname)%00%(*objectname) [4ms]
2025-04-04 13:57:02.587 [info] > git status -z -uall [54ms]
2025-04-04 13:57:15.885 [info] > git config --get commit.template [9ms]
2025-04-04 13:57:15.886 [info] > git for-each-ref --format=%(refname)%00%(upstream:short)%00%(objectname)%00%(upstream:track)%00%(upstream:remotename)%00%(upstream:remoteref) refs/heads/kas refs/remotes/kas [2ms]
2025-04-04 13:57:15.944 [info] > git status -z -uall [28ms]
2025-04-04 13:57:15.945 [info] > git for-each-ref --sort -committerdate --format %(refname)%00%(objectname)%00%(*objectname) [8ms]
2025-04-04 13:57:15.983 [info] > git merge-base refs/heads/kas refs/remotes/origin/kas [7ms]
2025-04-04 13:57:15.998 [info] > git diff --name-status -z --diff-filter=ADMR 5369eace12f0dd1fe4b23c8cda51a5f2a64e6bc9...refs/remotes/origin/kas [2ms]
2025-04-04 13:57:16.894 [info] > git config --get commit.template [9ms]
2025-04-04 13:57:16.895 [info] > git for-each-ref --format=%(refname)%00%(upstream:short)%00%(objectname)%00%(upstream:track)%00%(upstream:remotename)%00%(upstream:remoteref) refs/heads/kas refs/remotes/kas [2ms]
2025-04-04 13:57:16.913 [info] > git status -z -uall [10ms]
2025-04-04 13:57:16.919 [info] > git for-each-ref --sort -committerdate --format %(refname)%00%(objectname)%00%(*objectname) [7ms]
2025-04-04 13:57:24.263 [info] > git config --get commit.template [8ms]
2025-04-04 13:57:24.265 [info] > git for-each-ref --format=%(refname)%00%(upstream:short)%00%(objectname)%00%(upstream:track)%00%(upstream:remotename)%00%(upstream:remoteref) refs/heads/kas refs/remotes/kas [3ms]
2025-04-04 13:57:24.287 [info] > git status -z -uall [11ms]
2025-04-04 13:57:24.291 [info] > git for-each-ref --sort -committerdate --format %(refname)%00%(objectname)%00%(*objectname) [7ms]
2025-04-04 13:57:24.318 [info] > git merge-base refs/heads/kas refs/remotes/origin/kas [11ms]
2025-04-04 13:57:24.338 [info] > git diff --name-status -z --diff-filter=ADMR adc22d768a3859e100abd6ec16bbd94c9eb89a3b...refs/remotes/origin/kas [11ms]
2025-04-04 13:57:30.292 [info] > git config --get commit.template [15ms]
2025-04-04 13:57:30.294 [info] > git for-each-ref --format=%(refname)%00%(upstream:short)%00%(objectname)%00%(upstream:track)%00%(upstream:remotename)%00%(upstream:remoteref) refs/heads/kas refs/remotes/kas [2ms]
2025-04-04 13:57:30.316 [info] > git for-each-ref --sort -committerdate --format %(refname)%00%(objectname)%00%(*objectname) [3ms]
2025-04-04 13:57:30.317 [info] > git status -z -uall [14ms]
2025-04-04 13:57:42.812 [info] > git diff --name-status -z --diff-filter=ADMR @{upstream} [10ms]
2025-04-04 13:59:42.794 [info] > git diff --name-status -z --diff-filter=ADMR @{upstream} [3ms]
2025-04-04 14:01:42.808 [info] > git diff --name-status -z --diff-filter=ADMR @{upstream} [6ms]
2025-04-04 14:03:42.804 [info] > git diff --name-status -z --diff-filter=ADMR @{upstream} [10ms]
