2025-04-01 08:20:36.576 [info] [main] Log level: Info
2025-04-01 08:20:36.576 [info] [main] Validating found git in: "git"
2025-04-01 08:20:36.576 [info] [main] Using git "2.25.1" from "git"
2025-04-01 08:20:36.576 [info] [Model][doInitialScan] Initial repository scan started
2025-04-01 08:20:36.576 [info] > git rev-parse --show-toplevel [13ms]
2025-04-01 08:20:36.576 [info] > git rev-parse --git-dir --git-common-dir [4ms]
2025-04-01 08:20:36.576 [info] [Model][openRepository] Opened repository: /home/hr.bcp-sms1.com/public_html
2025-04-01 08:20:36.638 [info] > git rev-parse --show-toplevel [15ms]
2025-04-01 08:20:36.640 [info] > git config --get commit.template [41ms]
2025-04-01 08:20:36.670 [info] > git for-each-ref --format=%(refname)%00%(upstream:short)%00%(objectname)%00%(upstream:track)%00%(upstream:remotename)%00%(upstream:remoteref) refs/heads/kas refs/remotes/kas [20ms]
2025-04-01 08:20:36.673 [info] > git rev-parse --show-toplevel [5ms]
2025-04-01 08:20:36.726 [info] > git status -z -uall [28ms]
2025-04-01 08:20:36.727 [info] > git rev-parse --show-toplevel [44ms]
2025-04-01 08:20:36.751 [info] > git for-each-ref --sort -committerdate --format %(refname) %(objectname) %(*objectname) [25ms]
2025-04-01 08:20:36.897 [info] > git rev-parse --show-toplevel [151ms]
2025-04-01 08:20:36.924 [info] > git rev-parse --show-toplevel [2ms]
2025-04-01 08:20:36.926 [info] > git config --get commit.template [17ms]
2025-04-01 08:20:36.926 [info] > git for-each-ref --format=%(refname)%00%(upstream:short)%00%(objectname)%00%(upstream:track)%00%(upstream:remotename)%00%(upstream:remoteref) refs/heads/kas refs/remotes/kas [40ms]
2025-04-01 08:20:36.971 [info] > git rev-parse --show-toplevel [22ms]
2025-04-01 08:20:36.972 [info] > git config --get --local branch.kas.vscode-merge-base [34ms]
2025-04-01 08:20:37.043 [info] > git for-each-ref --format=%(refname)%00%(upstream:short)%00%(objectname)%00%(upstream:track)%00%(upstream:remotename)%00%(upstream:remoteref) refs/heads/kas refs/remotes/kas [74ms]
2025-04-01 08:20:37.052 [info] > git rev-parse --show-toplevel [12ms]
2025-04-01 08:20:37.063 [info] [Model][doInitialScan] Initial repository scan completed - repositories (1), closed repositories (0), parent repositories (0), unsafe repositories (0)
2025-04-01 08:20:37.070 [info] > git for-each-ref --format=%(refname)%00%(upstream:short)%00%(objectname)%00%(upstream:track)%00%(upstream:remotename)%00%(upstream:remoteref) refs/heads/origin/kas refs/remotes/origin/kas [74ms]
2025-04-01 08:20:37.191 [info] > git merge-base refs/heads/kas refs/remotes/origin/kas [93ms]
2025-04-01 08:20:37.429 [info] > git status -z -uall [101ms]
2025-04-01 08:20:37.430 [info] > git for-each-ref --sort -committerdate --format %(refname) %(objectname) %(*objectname) [21ms]
2025-04-01 08:20:37.473 [info] > git diff --name-status -z --diff-filter=ADMR 0e065010bc7861fa42e0c0cd8545cd89824c66f3...refs/remotes/origin/kas [174ms]
2025-04-01 08:20:37.479 [info] > git merge-base refs/heads/kas refs/remotes/origin/kas [6ms]
2025-04-01 08:20:37.502 [info] > git diff --name-status -z --diff-filter=ADMR 0e065010bc7861fa42e0c0cd8545cd89824c66f3...refs/remotes/origin/kas [5ms]
2025-04-01 08:20:39.119 [info] > git check-ignore -v -z --stdin [62ms]
2025-04-01 08:20:39.121 [info] > git fetch [2560ms]
2025-04-01 08:20:39.559 [info] > git config --get commit.template [395ms]
2025-04-01 08:20:39.560 [info] > git for-each-ref --format=%(refname)%00%(upstream:short)%00%(objectname)%00%(upstream:track)%00%(upstream:remotename)%00%(upstream:remoteref) refs/heads/kas refs/remotes/kas [7ms]
2025-04-01 08:20:39.613 [info] > git status -z -uall [41ms]
2025-04-01 08:20:39.614 [info] > git check-ignore -v -z --stdin [7ms]
2025-04-01 08:20:39.615 [info] > git for-each-ref --sort -committerdate --format %(refname) %(objectname) %(*objectname) [25ms]
2025-04-01 08:20:41.496 [info] > git check-ignore -v -z --stdin [12ms]
2025-04-01 08:20:49.045 [info] > git show --textconv :page/performance-evaluation/Main.php [35ms]
2025-04-01 08:20:49.045 [info] > git ls-files --stage -- page/performance-evaluation/Main.php [26ms]
2025-04-01 08:20:49.085 [info] > git cat-file -s d3bb8121df9c7296cc7f3ee8a2ecbcb3c7e7c9b8 [17ms]
2025-04-01 08:20:58.319 [info] > git show --textconv :page/performance-evaluation/Adminmain.php [15ms]
2025-04-01 08:20:58.335 [info] > git ls-files --stage -- page/performance-evaluation/Adminmain.php [19ms]
2025-04-01 08:20:58.367 [info] > git cat-file -s 7d925e1acb66f624a1daa1074cf78b08245b48c3 [6ms]
2025-04-01 08:30:17.242 [info] > git fetch [389ms]
2025-04-01 08:30:17.288 [info] > git config --get commit.template [3ms]
2025-04-01 08:30:17.351 [info] > git for-each-ref --format=%(refname)%00%(upstream:short)%00%(objectname)%00%(upstream:track)%00%(upstream:remotename)%00%(upstream:remoteref) refs/heads/kas refs/remotes/kas [36ms]
2025-04-01 08:30:17.399 [info] > git status -z -uall [27ms]
2025-04-01 08:30:17.403 [info] > git for-each-ref --sort -committerdate --format %(refname) %(objectname) %(*objectname) [13ms]
2025-04-01 08:30:18.809 [info] > git for-each-ref --format=%(refname)%00%(upstream:short)%00%(objectname)%00%(upstream:track)%00%(upstream:remotename)%00%(upstream:remoteref) refs/heads/kas refs/remotes/kas [6ms]
2025-04-01 08:30:18.810 [info] > git config --get commit.template [42ms]
2025-04-01 08:30:18.848 [info] > git status -z -uall [14ms]
2025-04-01 08:30:18.851 [info] > git for-each-ref --sort -committerdate --format %(refname) %(objectname) %(*objectname) [4ms]
2025-04-01 08:30:19.093 [info] > git ls-files --stage -- page/performance-evaluation/Adminmain.php [4ms]
2025-04-01 08:30:19.105 [info] > git cat-file -s 7d925e1acb66f624a1daa1074cf78b08245b48c3 [4ms]
2025-04-01 08:30:19.346 [info] > git show --textconv :page/performance-evaluation/Adminmain.php [8ms]
2025-04-01 08:30:19.381 [info] > git blame --root --incremental 0e065010bc7861fa42e0c0cd8545cd89824c66f3 -- page/performance-evaluation/Adminmain.php [1104ms]
2025-04-01 08:34:00.993 [info] > git fetch [651ms]
2025-04-01 08:34:01.040 [info] > git config --get commit.template [2ms]
2025-04-01 08:34:01.080 [info] > git for-each-ref --format=%(refname)%00%(upstream:short)%00%(objectname)%00%(upstream:track)%00%(upstream:remotename)%00%(upstream:remoteref) refs/heads/kas refs/remotes/kas [8ms]
2025-04-01 08:34:01.190 [info] > git status -z -uall [73ms]
2025-04-01 08:34:01.190 [info] > git for-each-ref --sort -committerdate --format %(refname) %(objectname) %(*objectname) [11ms]
2025-04-01 08:34:02.264 [info] > git for-each-ref --format=%(refname)%00%(upstream:short)%00%(objectname)%00%(upstream:track)%00%(upstream:remotename)%00%(upstream:remoteref) refs/heads/kas refs/remotes/kas [11ms]
2025-04-01 08:34:02.264 [info] > git config --get commit.template [38ms]
2025-04-01 08:34:02.306 [info] > git status -z -uall [12ms]
2025-04-01 08:34:02.310 [info] > git for-each-ref --sort -committerdate --format %(refname) %(objectname) %(*objectname) [5ms]
2025-04-01 08:34:19.121 [info] > git ls-files --stage -- page/performance-evaluation/Adminmain.php [6ms]
2025-04-01 08:34:19.138 [info] > git cat-file -s 7d925e1acb66f624a1daa1074cf78b08245b48c3 [1ms]
2025-04-01 08:34:19.458 [info] > git show --textconv :page/performance-evaluation/Adminmain.php [9ms]
2025-04-01 08:35:18.586 [info] > git config --get commit.template [23ms]
2025-04-01 08:35:18.587 [info] > git for-each-ref --format=%(refname)%00%(upstream:short)%00%(objectname)%00%(upstream:track)%00%(upstream:remotename)%00%(upstream:remoteref) refs/heads/kas refs/remotes/kas [2ms]
2025-04-01 08:35:18.615 [info] > git for-each-ref --sort -committerdate --format %(refname) %(objectname) %(*objectname) [4ms]
2025-04-01 08:35:18.621 [info] > git status -z -uall [20ms]
2025-04-01 08:35:26.400 [info] > git config --get commit.template [0ms]
2025-04-01 08:35:26.423 [info] > git for-each-ref --format=%(refname)%00%(upstream:short)%00%(objectname)%00%(upstream:track)%00%(upstream:remotename)%00%(upstream:remoteref) refs/heads/kas refs/remotes/kas [6ms]
2025-04-01 08:35:26.467 [info] > git status -z -uall [25ms]
2025-04-01 08:35:26.486 [info] > git for-each-ref --sort -committerdate --format %(refname) %(objectname) %(*objectname) [26ms]
2025-04-01 08:35:42.061 [info] > git config --get commit.template [24ms]
2025-04-01 08:35:42.092 [info] > git for-each-ref --format=%(refname)%00%(upstream:short)%00%(objectname)%00%(upstream:track)%00%(upstream:remotename)%00%(upstream:remoteref) refs/heads/kas refs/remotes/kas [10ms]
2025-04-01 08:35:42.141 [info] > git status -z -uall [35ms]
2025-04-01 08:35:42.172 [info] > git for-each-ref --sort -committerdate --format %(refname) %(objectname) %(*objectname) [32ms]
2025-04-01 08:37:08.165 [info] > git fetch [284ms]
2025-04-01 08:37:08.197 [info] > git config --get commit.template [14ms]
2025-04-01 08:37:08.200 [info] > git for-each-ref --format=%(refname)%00%(upstream:short)%00%(objectname)%00%(upstream:track)%00%(upstream:remotename)%00%(upstream:remoteref) refs/heads/kas refs/remotes/kas [8ms]
2025-04-01 08:37:08.245 [info] > git status -z -uall [26ms]
2025-04-01 08:37:08.250 [info] > git for-each-ref --sort -committerdate --format %(refname) %(objectname) %(*objectname) [10ms]
2025-04-01 08:37:09.546 [info] > git config --get commit.template [3ms]
2025-04-01 08:37:09.588 [info] > git for-each-ref --format=%(refname)%00%(upstream:short)%00%(objectname)%00%(upstream:track)%00%(upstream:remotename)%00%(upstream:remoteref) refs/heads/kas refs/remotes/kas [23ms]
2025-04-01 08:37:09.624 [info] > git status -z -uall [16ms]
2025-04-01 08:37:09.626 [info] > git for-each-ref --sort -committerdate --format %(refname) %(objectname) %(*objectname) [3ms]
2025-04-01 08:37:09.852 [info] > git ls-files --stage -- page/performance-evaluation/Adminmain.php [5ms]
2025-04-01 08:37:09.861 [info] > git cat-file -s 7d925e1acb66f624a1daa1074cf78b08245b48c3 [3ms]
2025-04-01 08:37:10.091 [info] > git show --textconv :page/performance-evaluation/Adminmain.php [3ms]
2025-04-01 08:37:49.413 [info] > git for-each-ref --format=%(refname)%00%(upstream:short)%00%(objectname)%00%(upstream:track)%00%(upstream:remotename)%00%(upstream:remoteref) refs/heads/kas refs/remotes/kas [3ms]
2025-04-01 08:37:49.414 [info] > git config --get commit.template [21ms]
2025-04-01 08:37:49.449 [info] > git status -z -uall [16ms]
2025-04-01 08:37:49.451 [info] > git for-each-ref --sort -committerdate --format %(refname) %(objectname) %(*objectname) [2ms]
2025-04-01 08:40:03.247 [info] > git config --get commit.template [119ms]
2025-04-01 08:40:03.309 [info] > git for-each-ref --format=%(refname)%00%(upstream:short)%00%(objectname)%00%(upstream:track)%00%(upstream:remotename)%00%(upstream:remoteref) refs/heads/kas refs/remotes/kas [10ms]
2025-04-01 08:40:03.371 [info] > git status -z -uall [28ms]
2025-04-01 08:40:03.379 [info] > git for-each-ref --sort -committerdate --format %(refname) %(objectname) %(*objectname) [9ms]
2025-04-01 08:40:03.903 [info] > git config --get commit.template [122ms]
2025-04-01 08:40:03.989 [info] > git for-each-ref --format=%(refname)%00%(upstream:short)%00%(objectname)%00%(upstream:track)%00%(upstream:remotename)%00%(upstream:remoteref) refs/heads/kas refs/remotes/kas [98ms]
2025-04-01 08:40:04.332 [info] > git status -z -uall [125ms]
2025-04-01 08:40:04.335 [info] > git for-each-ref --sort -committerdate --format %(refname) %(objectname) %(*objectname) [14ms]
2025-04-01 08:40:08.784 [info] > git fetch [326ms]
2025-04-01 08:40:08.809 [info] > git config --get commit.template [13ms]
2025-04-01 08:40:08.813 [info] > git for-each-ref --format=%(refname)%00%(upstream:short)%00%(objectname)%00%(upstream:track)%00%(upstream:remotename)%00%(upstream:remoteref) refs/heads/kas refs/remotes/kas [9ms]
2025-04-01 08:40:08.839 [info] > git status -z -uall [12ms]
2025-04-01 08:40:08.846 [info] > git for-each-ref --sort -committerdate --format %(refname) %(objectname) %(*objectname) [8ms]
2025-04-01 08:40:10.148 [info] > git config --get commit.template [11ms]
2025-04-01 08:40:10.172 [info] > git for-each-ref --format=%(refname)%00%(upstream:short)%00%(objectname)%00%(upstream:track)%00%(upstream:remotename)%00%(upstream:remoteref) refs/heads/kas refs/remotes/kas [9ms]
2025-04-01 08:40:10.255 [info] > git status -z -uall [38ms]
2025-04-01 08:40:10.259 [info] > git for-each-ref --sort -committerdate --format %(refname) %(objectname) %(*objectname) [5ms]
2025-04-01 08:41:30.071 [info] > git show --textconv :page/performance-evaluation/Adminmain.php [91ms]
2025-04-01 08:41:30.072 [info] > git show --textconv HEAD:page/performance-evaluation/Adminmain.php [76ms]
2025-04-01 08:41:30.072 [info] > git ls-tree -l HEAD -- page/performance-evaluation/Adminmain.php [18ms]
2025-04-01 08:41:30.075 [info] > git ls-files --stage -- page/performance-evaluation/Adminmain.php [46ms]
2025-04-01 08:41:30.138 [info] > git cat-file -s 309823d701351b796da377ed80fc415187cda0d2 [28ms]
2025-04-01 08:43:43.568 [info] > git fetch [319ms]
2025-04-01 08:43:43.620 [info] > git config --get commit.template [16ms]
2025-04-01 08:43:43.642 [info] > git for-each-ref --format=%(refname)%00%(upstream:short)%00%(objectname)%00%(upstream:track)%00%(upstream:remotename)%00%(upstream:remoteref) refs/heads/kas refs/remotes/kas [2ms]
2025-04-01 08:43:43.680 [info] > git status -z -uall [26ms]
2025-04-01 08:43:43.681 [info] > git for-each-ref --sort -committerdate --format %(refname) %(objectname) %(*objectname) [6ms]
2025-04-01 08:43:44.934 [info] > git config --get commit.template [4ms]
2025-04-01 08:43:44.945 [info] > git for-each-ref --format=%(refname)%00%(upstream:short)%00%(objectname)%00%(upstream:track)%00%(upstream:remotename)%00%(upstream:remoteref) refs/heads/kas refs/remotes/kas [1ms]
2025-04-01 08:43:44.974 [info] > git status -z -uall [20ms]
2025-04-01 08:43:44.974 [info] > git for-each-ref --sort -committerdate --format %(refname) %(objectname) %(*objectname) [7ms]
2025-04-01 08:43:45.403 [info] > git ls-tree -l HEAD -- page/performance-evaluation/Adminmain.php [5ms]
2025-04-01 08:43:45.405 [info] > git ls-files --stage -- page/performance-evaluation/Adminmain.php [13ms]
2025-04-01 08:43:45.418 [info] > git cat-file -s 309823d701351b796da377ed80fc415187cda0d2 [2ms]
2025-04-01 08:43:45.674 [info] > git show --textconv HEAD:page/performance-evaluation/Adminmain.php [10ms]
2025-04-01 08:43:45.682 [info] > git show --textconv :page/performance-evaluation/Adminmain.php [13ms]
2025-04-01 08:46:51.411 [info] > git fetch [275ms]
2025-04-01 08:46:51.427 [info] > git config --get commit.template [1ms]
2025-04-01 08:46:51.448 [info] > git for-each-ref --format=%(refname)%00%(upstream:short)%00%(objectname)%00%(upstream:track)%00%(upstream:remotename)%00%(upstream:remoteref) refs/heads/kas refs/remotes/kas [15ms]
2025-04-01 08:46:51.507 [info] > git status -z -uall [33ms]
2025-04-01 08:46:51.508 [info] > git for-each-ref --sort -committerdate --format %(refname) %(objectname) %(*objectname) [7ms]
2025-04-01 08:46:52.771 [info] > git config --get commit.template [3ms]
2025-04-01 08:46:52.815 [info] > git for-each-ref --format=%(refname)%00%(upstream:short)%00%(objectname)%00%(upstream:track)%00%(upstream:remotename)%00%(upstream:remoteref) refs/heads/kas refs/remotes/kas [5ms]
2025-04-01 08:46:52.832 [info] > git status -z -uall [10ms]
2025-04-01 08:46:52.865 [info] > git for-each-ref --sort -committerdate --format %(refname) %(objectname) %(*objectname) [21ms]
2025-04-01 08:46:53.142 [info] > git ls-files --stage -- page/performance-evaluation/Adminmain.php [7ms]
2025-04-01 08:46:53.150 [info] > git ls-tree -l HEAD -- page/performance-evaluation/Adminmain.php [9ms]
2025-04-01 08:46:53.154 [info] > git cat-file -s 309823d701351b796da377ed80fc415187cda0d2 [5ms]
2025-04-01 08:46:53.466 [info] > git show --textconv HEAD:page/performance-evaluation/Adminmain.php [52ms]
2025-04-01 08:46:53.466 [info] > git show --textconv :page/performance-evaluation/Adminmain.php [44ms]
2025-04-01 08:47:11.305 [info] > git config --get commit.template [8ms]
2025-04-01 08:47:11.333 [info] > git for-each-ref --format=%(refname)%00%(upstream:short)%00%(objectname)%00%(upstream:track)%00%(upstream:remotename)%00%(upstream:remoteref) refs/heads/kas refs/remotes/kas [29ms]
2025-04-01 08:47:11.366 [info] > git for-each-ref --sort -committerdate --format %(refname) %(objectname) %(*objectname) [16ms]
2025-04-01 08:47:11.490 [info] > git status -z -uall [148ms]
2025-04-01 08:47:19.305 [info] > git config --get commit.template [20ms]
2025-04-01 08:47:19.307 [info] > git for-each-ref --format=%(refname)%00%(upstream:short)%00%(objectname)%00%(upstream:track)%00%(upstream:remotename)%00%(upstream:remoteref) refs/heads/kas refs/remotes/kas [3ms]
2025-04-01 08:47:19.333 [info] > git status -z -uall [14ms]
2025-04-01 08:47:19.338 [info] > git for-each-ref --sort -committerdate --format %(refname) %(objectname) %(*objectname) [6ms]
2025-04-01 08:47:27.116 [info] > git config --get commit.template [27ms]
2025-04-01 08:47:27.121 [info] > git for-each-ref --format=%(refname)%00%(upstream:short)%00%(objectname)%00%(upstream:track)%00%(upstream:remotename)%00%(upstream:remoteref) refs/heads/kas refs/remotes/kas [6ms]
2025-04-01 08:47:27.149 [info] > git status -z -uall [17ms]
2025-04-01 08:47:27.152 [info] > git for-each-ref --sort -committerdate --format %(refname) %(objectname) %(*objectname) [5ms]
2025-04-01 08:48:49.099 [info] > git config --get commit.template [16ms]
2025-04-01 08:48:49.104 [info] > git for-each-ref --format=%(refname)%00%(upstream:short)%00%(objectname)%00%(upstream:track)%00%(upstream:remotename)%00%(upstream:remoteref) refs/heads/kas refs/remotes/kas [7ms]
2025-04-01 08:48:49.140 [info] > git status -z -uall [24ms]
2025-04-01 08:48:49.142 [info] > git for-each-ref --sort -committerdate --format %(refname) %(objectname) %(*objectname) [3ms]
2025-04-01 08:48:54.208 [info] > git config --get commit.template [37ms]
2025-04-01 08:48:54.210 [info] > git for-each-ref --format=%(refname)%00%(upstream:short)%00%(objectname)%00%(upstream:track)%00%(upstream:remotename)%00%(upstream:remoteref) refs/heads/kas refs/remotes/kas [4ms]
2025-04-01 08:48:54.237 [info] > git status -z -uall [19ms]
2025-04-01 08:48:54.239 [info] > git for-each-ref --sort -committerdate --format %(refname) %(objectname) %(*objectname) [3ms]
2025-04-01 08:48:58.020 [info] > git config --get commit.template [19ms]
2025-04-01 08:48:58.021 [info] > git for-each-ref --format=%(refname)%00%(upstream:short)%00%(objectname)%00%(upstream:track)%00%(upstream:remotename)%00%(upstream:remoteref) refs/heads/kas refs/remotes/kas [4ms]
2025-04-01 08:48:58.065 [info] > git status -z -uall [29ms]
2025-04-01 08:48:58.065 [info] > git for-each-ref --sort -committerdate --format %(refname) %(objectname) %(*objectname) [2ms]
2025-04-01 08:48:59.276 [info] > git config --get commit.template [3ms]
2025-04-01 08:48:59.285 [info] > git for-each-ref --format=%(refname)%00%(upstream:short)%00%(objectname)%00%(upstream:track)%00%(upstream:remotename)%00%(upstream:remoteref) refs/heads/kas refs/remotes/kas [4ms]
2025-04-01 08:48:59.323 [info] > git status -z -uall [18ms]
2025-04-01 08:48:59.323 [info] > git for-each-ref --sort -committerdate --format %(refname) %(objectname) %(*objectname) [1ms]
2025-04-01 08:48:59.424 [info] > git ls-files --stage -- page/performance-evaluation/Adminmain.php [7ms]
2025-04-01 08:48:59.436 [info] > git ls-tree -l HEAD -- page/performance-evaluation/Adminmain.php [13ms]
2025-04-01 08:48:59.437 [info] > git cat-file -s 997165fb9bffbf637cbca4f0c8430b3aa80a95be [3ms]
2025-04-01 08:48:59.669 [info] > git show --textconv HEAD:page/performance-evaluation/Adminmain.php [9ms]
2025-04-01 08:48:59.670 [info] > git show --textconv :page/performance-evaluation/Adminmain.php [2ms]
2025-04-01 08:49:25.338 [info] > git config --get commit.template [13ms]
2025-04-01 08:49:25.351 [info] > git for-each-ref --format=%(refname)%00%(upstream:short)%00%(objectname)%00%(upstream:track)%00%(upstream:remotename)%00%(upstream:remoteref) refs/heads/kas refs/remotes/kas [19ms]
2025-04-01 08:49:25.399 [info] > git status -z -uall [36ms]
2025-04-01 08:49:25.399 [info] > git for-each-ref --sort -committerdate --format %(refname) %(objectname) %(*objectname) [24ms]
2025-04-01 08:49:25.470 [info] > git merge-base refs/heads/kas refs/remotes/origin/kas [5ms]
2025-04-01 08:49:25.482 [info] > git diff --name-status -z --diff-filter=ADMR 0e065010bc7861fa42e0c0cd8545cd89824c66f3...refs/remotes/origin/kas [4ms]
2025-04-01 08:49:25.832 [info] > git blame --root --incremental f526fd922837f28016a49c7d252e805e8aca6003 -- page/performance-evaluation/Adminmain.php [399ms]
2025-04-01 08:49:26.748 [info] > git ls-files --stage -- page/performance-evaluation/Adminmain.php [6ms]
2025-04-01 08:49:26.765 [info] > git cat-file -s 997165fb9bffbf637cbca4f0c8430b3aa80a95be [4ms]
2025-04-01 08:49:27.022 [info] > git show --textconv :page/performance-evaluation/Adminmain.php [5ms]
2025-04-01 08:49:31.763 [info] > git config --get commit.template [5ms]
2025-04-01 08:49:31.777 [info] > git for-each-ref --format=%(refname)%00%(upstream:short)%00%(objectname)%00%(upstream:track)%00%(upstream:remotename)%00%(upstream:remoteref) refs/heads/kas refs/remotes/kas [1ms]
2025-04-01 08:49:31.861 [info] > git status -z -uall [77ms]
2025-04-01 08:49:31.862 [info] > git for-each-ref --sort -committerdate --format %(refname) %(objectname) %(*objectname) [55ms]
2025-04-01 08:49:31.883 [info] > git merge-base refs/heads/kas refs/remotes/origin/kas [3ms]
2025-04-01 08:49:31.897 [info] > git diff --name-status -z --diff-filter=ADMR f526fd922837f28016a49c7d252e805e8aca6003...refs/remotes/origin/kas [5ms]
2025-04-01 08:49:32.920 [info] > git config --get commit.template [17ms]
2025-04-01 08:49:32.921 [info] > git for-each-ref --format=%(refname)%00%(upstream:short)%00%(objectname)%00%(upstream:track)%00%(upstream:remotename)%00%(upstream:remoteref) refs/heads/kas refs/remotes/kas [4ms]
2025-04-01 08:49:32.936 [info] > git status -z -uall [7ms]
2025-04-01 08:49:32.939 [info] > git for-each-ref --sort -committerdate --format %(refname) %(objectname) %(*objectname) [4ms]
2025-04-01 08:49:33.224 [info] > git ls-files --stage -- page/performance-evaluation/Adminmain.php [3ms]
2025-04-01 08:49:33.234 [info] > git cat-file -s 997165fb9bffbf637cbca4f0c8430b3aa80a95be [2ms]
2025-04-01 08:49:33.472 [info] > git show --textconv :page/performance-evaluation/Adminmain.php [3ms]
