2025-04-04 13:59:35.676 [info] [main] Log level: Info
2025-04-04 13:59:35.676 [info] [main] Validating found git in: "git"
2025-04-04 13:59:35.676 [info] [main] Using git "2.25.1" from "git"
2025-04-04 13:59:35.676 [info] [Model][doInitialScan] Initial repository scan started
2025-04-04 13:59:35.676 [info] > git rev-parse --show-toplevel [21ms]
2025-04-04 13:59:35.676 [info] > git rev-parse --git-dir --git-common-dir [12ms]
2025-04-04 13:59:35.676 [info] [Model][openRepository] Opened repository: /home/hr.bcp-sms1.com/public_html
2025-04-04 13:59:35.715 [info] > git config --get commit.template [41ms]
2025-04-04 13:59:35.715 [info] > git rev-parse --show-toplevel [6ms]
2025-04-04 13:59:35.780 [info] > git for-each-ref --format=%(refname)%00%(upstream:short)%00%(objectname)%00%(upstream:track)%00%(upstream:remotename)%00%(upstream:remoteref) refs/heads/kas refs/remotes/kas [36ms]
2025-04-04 13:59:35.823 [info] > git status -z -uall [22ms]
2025-04-04 13:59:35.824 [info] > git rev-parse --show-toplevel [47ms]
2025-04-04 13:59:35.840 [info] > git rev-parse --show-toplevel [1ms]
2025-04-04 13:59:35.840 [info] > git for-each-ref --sort -committerdate --format %(refname)%00%(objectname)%00%(*objectname) [19ms]
2025-04-04 13:59:36.297 [info] > git for-each-ref --format=%(refname)%00%(upstream:short)%00%(objectname)%00%(upstream:track)%00%(upstream:remotename)%00%(upstream:remoteref) refs/heads/kas refs/remotes/kas [372ms]
2025-04-04 13:59:36.363 [info] > git config --get --local branch.kas.vscode-merge-base [37ms]
2025-04-04 13:59:36.399 [info] > git config --get commit.template [417ms]
2025-04-04 13:59:36.400 [info] > git rev-parse --show-toplevel [433ms]
2025-04-04 13:59:36.401 [info] > git fetch [748ms]
2025-04-04 13:59:36.466 [info] > git for-each-ref --format=%(refname)%00%(upstream:short)%00%(objectname)%00%(upstream:track)%00%(upstream:remotename)%00%(upstream:remoteref) refs/heads/origin/kas refs/remotes/origin/kas [73ms]
2025-04-04 13:59:36.515 [info] > git merge-base refs/heads/kas refs/remotes/origin/kas [29ms]
2025-04-04 13:59:36.541 [info] > git config --get commit.template [78ms]
2025-04-04 13:59:36.541 [info] > git rev-parse --show-toplevel [103ms]
2025-04-04 13:59:36.806 [info] > git check-ignore -v -z --stdin [246ms]
2025-04-04 13:59:36.808 [info] > git diff --name-status -z --diff-filter=ADMR adc22d768a3859e100abd6ec16bbd94c9eb89a3b...refs/remotes/origin/kas [268ms]
2025-04-04 13:59:36.809 [info] > git for-each-ref --format=%(refname)%00%(upstream:short)%00%(objectname)%00%(upstream:track)%00%(upstream:remotename)%00%(upstream:remoteref) refs/heads/kas refs/remotes/kas [312ms]
2025-04-04 13:59:36.866 [info] > git rev-parse --show-toplevel [60ms]
2025-04-04 13:59:36.886 [info] > git for-each-ref --format=%(refname)%00%(upstream:short)%00%(objectname)%00%(upstream:track)%00%(upstream:remotename)%00%(upstream:remoteref) refs/heads/kas refs/remotes/kas [46ms]
2025-04-04 13:59:36.901 [info] > git rev-parse --show-toplevel [17ms]
2025-04-04 13:59:36.906 [info] [Model][doInitialScan] Initial repository scan completed - repositories (1), closed repositories (0), parent repositories (0), unsafe repositories (0)
2025-04-04 13:59:36.963 [info] > git status -z -uall [35ms]
2025-04-04 13:59:36.989 [info] > git for-each-ref --sort -committerdate --format %(refname)%00%(objectname)%00%(*objectname) [45ms]
2025-04-04 13:59:37.819 [info] > git config --get commit.template [45ms]
2025-04-04 13:59:37.846 [info] > git for-each-ref --format=%(refname)%00%(upstream:short)%00%(objectname)%00%(upstream:track)%00%(upstream:remotename)%00%(upstream:remoteref) refs/heads/kas refs/remotes/kas [14ms]
2025-04-04 13:59:38.315 [info] > git status -z -uall [19ms]
2025-04-04 13:59:38.320 [info] > git for-each-ref --sort -committerdate --format %(refname)%00%(objectname)%00%(*objectname) [6ms]
2025-04-04 13:59:39.597 [info] > git diff --name-status -z --diff-filter=ADMR @{upstream} [5ms]
2025-04-04 13:59:46.727 [info] > git show --textconv :public/Home.php [208ms]
2025-04-04 13:59:46.771 [info] > git ls-files --stage -- public/Home.php [56ms]
2025-04-04 13:59:46.899 [info] > git cat-file -s 480fa3d5b55007e6aca595a1598891a6467b3568 [7ms]
2025-04-04 14:00:01.564 [info] > git check-ignore -v -z --stdin [9ms]
2025-04-04 14:00:04.255 [info] > git show --textconv :public/_template/Header.php [29ms]
2025-04-04 14:00:04.256 [info] > git ls-files --stage -- public/_template/Header.php [2ms]
2025-04-04 14:00:04.275 [info] > git cat-file -s 4e91db658c02f630982bad8620bfbadb84238b9f [2ms]
2025-04-04 14:00:05.078 [info] > git blame --root --incremental adc22d768a3859e100abd6ec16bbd94c9eb89a3b -- public/_template/Header.php [32ms]
2025-04-04 14:00:15.957 [info] > git show --textconv :public/_template/Footer.php [48ms]
2025-04-04 14:00:15.973 [info] > git ls-files --stage -- public/_template/Footer.php [17ms]
2025-04-04 14:00:15.990 [info] > git cat-file -s c80356f738d667c6c15286fd521e1632490fe404 [4ms]
2025-04-04 14:00:20.458 [info] > git show --textconv :public/_template/Header.php [46ms]
2025-04-04 14:00:20.472 [info] > git ls-files --stage -- public/_template/Header.php [43ms]
2025-04-04 14:00:20.504 [info] > git cat-file -s 4e91db658c02f630982bad8620bfbadb84238b9f [20ms]
2025-04-04 14:01:35.831 [info] > git show --textconv :public/Home.php [21ms]
2025-04-04 14:01:35.834 [info] > git ls-files --stage -- public/Home.php [4ms]
2025-04-04 14:01:35.850 [info] > git cat-file -s 480fa3d5b55007e6aca595a1598891a6467b3568 [2ms]
2025-04-04 14:01:36.296 [info] > git blame --root --incremental adc22d768a3859e100abd6ec16bbd94c9eb89a3b -- public/Home.php [38ms]
2025-04-04 14:01:39.505 [info] > git diff --name-status -z --diff-filter=ADMR @{upstream} [8ms]
2025-04-04 14:01:44.382 [info] > git show --textconv :public/Apply.php [21ms]
2025-04-04 14:01:44.382 [info] > git ls-files --stage -- public/Apply.php [2ms]
2025-04-04 14:01:44.396 [info] > git cat-file -s 5465b4ce23173ff49885f5882fc5e6ae7733f135 [2ms]
2025-04-04 14:01:44.767 [info] > git blame --root --incremental adc22d768a3859e100abd6ec16bbd94c9eb89a3b -- public/Apply.php [43ms]
2025-04-04 14:01:51.449 [info] > git show --textconv :public/Forgot.php [28ms]
2025-04-04 14:01:51.450 [info] > git ls-files --stage -- public/Forgot.php [2ms]
2025-04-04 14:01:51.501 [info] > git cat-file -s d90f4705222f61fc25b58c3c161ec565a78a82fe [16ms]
2025-04-04 14:01:57.396 [info] > git show --textconv :public/About.php [34ms]
2025-04-04 14:01:57.398 [info] > git ls-files --stage -- public/About.php [4ms]
2025-04-04 14:01:57.430 [info] > git cat-file -s fc898b4a201ba98f36d8aec2a2669249e4917e43 [2ms]
2025-04-04 14:02:34.857 [info] > git show --textconv :public/Apply.php [26ms]
2025-04-04 14:02:34.857 [info] > git ls-files --stage -- public/Apply.php [10ms]
2025-04-04 14:02:34.888 [info] > git cat-file -s 5465b4ce23173ff49885f5882fc5e6ae7733f135 [4ms]
2025-04-04 14:02:37.358 [info] > git fetch [349ms]
2025-04-04 14:02:37.398 [info] > git for-each-ref --format=%(refname)%00%(upstream:short)%00%(objectname)%00%(upstream:track)%00%(upstream:remotename)%00%(upstream:remoteref) refs/heads/kas refs/remotes/kas [4ms]
2025-04-04 14:02:37.399 [info] > git config --get commit.template [16ms]
2025-04-04 14:02:37.427 [info] > git status -z -uall [17ms]
2025-04-04 14:02:37.427 [info] > git for-each-ref --sort -committerdate --format %(refname)%00%(objectname)%00%(*objectname) [4ms]
2025-04-04 14:02:38.805 [info] > git config --get commit.template [1ms]
2025-04-04 14:02:38.823 [info] > git for-each-ref --format=%(refname)%00%(upstream:short)%00%(objectname)%00%(upstream:track)%00%(upstream:remotename)%00%(upstream:remoteref) refs/heads/kas refs/remotes/kas [3ms]
2025-04-04 14:02:38.849 [info] > git status -z -uall [13ms]
2025-04-04 14:02:38.851 [info] > git for-each-ref --sort -committerdate --format %(refname)%00%(objectname)%00%(*objectname) [3ms]
2025-04-04 14:02:39.228 [info] > git ls-files --stage -- public/Apply.php [1ms]
2025-04-04 14:02:39.241 [info] > git cat-file -s 5465b4ce23173ff49885f5882fc5e6ae7733f135 [3ms]
2025-04-04 14:02:39.573 [info] > git show --textconv :public/Apply.php [2ms]
2025-04-04 14:02:50.996 [info] > git config --get commit.template [2ms]
2025-04-04 14:02:51.016 [info] > git for-each-ref --format=%(refname)%00%(upstream:short)%00%(objectname)%00%(upstream:track)%00%(upstream:remotename)%00%(upstream:remoteref) refs/heads/kas refs/remotes/kas [1ms]
2025-04-04 14:02:51.086 [info] > git status -z -uall [22ms]
2025-04-04 14:02:51.086 [info] > git for-each-ref --sort -committerdate --format %(refname)%00%(objectname)%00%(*objectname) [3ms]
2025-04-04 14:02:53.218 [info] > git check-ignore -v -z --stdin [5ms]
2025-04-04 14:02:55.935 [info] > git show --textconv :public/_component/app.php [16ms]
2025-04-04 14:02:55.936 [info] > git ls-files --stage -- public/_component/app.php [3ms]
2025-04-04 14:02:55.955 [info] > git cat-file -s e69de29bb2d1d6434b8b29ae775ad8c2e48c5391 [3ms]
2025-04-04 14:02:58.338 [info] > git show --textconv :public/_component/app.js [16ms]
2025-04-04 14:02:58.339 [info] > git ls-files --stage -- public/_component/app.js [7ms]
2025-04-04 14:02:58.361 [info] > git cat-file -s e69de29bb2d1d6434b8b29ae775ad8c2e48c5391 [1ms]
2025-04-04 14:02:59.070 [info] > git show --textconv :public/_component/app.css [23ms]
2025-04-04 14:02:59.080 [info] > git ls-files --stage -- public/_component/app.css [11ms]
2025-04-04 14:02:59.102 [info] > git cat-file -s e69de29bb2d1d6434b8b29ae775ad8c2e48c5391 [3ms]
2025-04-04 14:03:03.963 [info] > git show --textconv :public/Home.php [30ms]
2025-04-04 14:03:03.975 [info] > git ls-files --stage -- public/Home.php [13ms]
2025-04-04 14:03:04.004 [info] > git cat-file -s 480fa3d5b55007e6aca595a1598891a6467b3568 [6ms]
2025-04-04 14:03:21.234 [info] > git show --textconv :public/_template/Header.php [16ms]
2025-04-04 14:03:21.235 [info] > git ls-files --stage -- public/_template/Header.php [2ms]
2025-04-04 14:03:21.252 [info] > git cat-file -s 4e91db658c02f630982bad8620bfbadb84238b9f [4ms]
2025-04-04 14:03:39.500 [info] > git diff --name-status -z --diff-filter=ADMR @{upstream} [5ms]
2025-04-04 14:04:09.331 [info] > git config --get commit.template [4ms]
2025-04-04 14:04:09.350 [info] > git for-each-ref --format=%(refname)%00%(upstream:short)%00%(objectname)%00%(upstream:track)%00%(upstream:remotename)%00%(upstream:remoteref) refs/heads/kas refs/remotes/kas [4ms]
2025-04-04 14:04:09.389 [info] > git status -z -uall [13ms]
2025-04-04 14:04:09.394 [info] > git for-each-ref --sort -committerdate --format %(refname)%00%(objectname)%00%(*objectname) [6ms]
2025-04-04 14:04:49.263 [info] > git config --get commit.template [5ms]
2025-04-04 14:04:49.280 [info] > git for-each-ref --format=%(refname)%00%(upstream:short)%00%(objectname)%00%(upstream:track)%00%(upstream:remotename)%00%(upstream:remoteref) refs/heads/kas refs/remotes/kas [4ms]
2025-04-04 14:04:49.306 [info] > git status -z -uall [13ms]
2025-04-04 14:04:49.307 [info] > git for-each-ref --sort -committerdate --format %(refname)%00%(objectname)%00%(*objectname) [3ms]
2025-04-04 14:05:38.835 [info] > git fetch [301ms]
2025-04-04 14:05:38.875 [info] > git config --get commit.template [1ms]
2025-04-04 14:05:38.890 [info] > git for-each-ref --format=%(refname)%00%(upstream:short)%00%(objectname)%00%(upstream:track)%00%(upstream:remotename)%00%(upstream:remoteref) refs/heads/kas refs/remotes/kas [5ms]
2025-04-04 14:05:38.953 [info] > git status -z -uall [44ms]
2025-04-04 14:05:38.953 [info] > git for-each-ref --sort -committerdate --format %(refname)%00%(objectname)%00%(*objectname) [21ms]
2025-04-04 14:05:39.540 [info] > git diff --name-status -z --diff-filter=ADMR @{upstream} [19ms]
2025-04-04 14:05:40.273 [info] > git config --get commit.template [2ms]
2025-04-04 14:05:40.284 [info] > git for-each-ref --format=%(refname)%00%(upstream:short)%00%(objectname)%00%(upstream:track)%00%(upstream:remotename)%00%(upstream:remoteref) refs/heads/kas refs/remotes/kas [2ms]
2025-04-04 14:05:40.309 [info] > git status -z -uall [15ms]
2025-04-04 14:05:40.309 [info] > git for-each-ref --sort -committerdate --format %(refname)%00%(objectname)%00%(*objectname) [2ms]
2025-04-04 14:05:40.798 [info] > git ls-files --stage -- public/_template/Header.php [7ms]
2025-04-04 14:05:40.814 [info] > git cat-file -s 4e91db658c02f630982bad8620bfbadb84238b9f [4ms]
2025-04-04 14:05:41.184 [info] > git show --textconv :public/_template/Header.php [3ms]
2025-04-04 14:07:39.520 [info] > git diff --name-status -z --diff-filter=ADMR @{upstream} [15ms]
2025-04-04 14:07:46.253 [info] > git for-each-ref --format=%(refname)%00%(upstream:short)%00%(objectname)%00%(upstream:track)%00%(upstream:remotename)%00%(upstream:remoteref) refs/heads/kas refs/remotes/kas [2ms]
2025-04-04 14:07:46.254 [info] > git config --get commit.template [40ms]
2025-04-04 14:07:46.278 [info] > git status -z -uall [13ms]
2025-04-04 14:07:46.283 [info] > git for-each-ref --sort -committerdate --format %(refname)%00%(objectname)%00%(*objectname) [6ms]
2025-04-04 14:08:05.534 [info] > git config --get commit.template [2ms]
2025-04-04 14:08:05.558 [info] > git for-each-ref --format=%(refname)%00%(upstream:short)%00%(objectname)%00%(upstream:track)%00%(upstream:remotename)%00%(upstream:remoteref) refs/heads/kas refs/remotes/kas [4ms]
2025-04-04 14:08:05.643 [info] > git status -z -uall [43ms]
2025-04-04 14:08:05.643 [info] > git for-each-ref --sort -committerdate --format %(refname)%00%(objectname)%00%(*objectname) [21ms]
2025-04-04 14:08:26.102 [info] > git config --get commit.template [24ms]
2025-04-04 14:08:26.106 [info] > git for-each-ref --format=%(refname)%00%(upstream:short)%00%(objectname)%00%(upstream:track)%00%(upstream:remotename)%00%(upstream:remoteref) refs/heads/kas refs/remotes/kas [11ms]
2025-04-04 14:08:26.162 [info] > git status -z -uall [36ms]
2025-04-04 14:08:26.167 [info] > git for-each-ref --sort -committerdate --format %(refname)%00%(objectname)%00%(*objectname) [19ms]
2025-04-04 14:08:38.419 [info] > git for-each-ref --format=%(refname)%00%(upstream:short)%00%(objectname)%00%(upstream:track)%00%(upstream:remotename)%00%(upstream:remoteref) refs/heads/kas refs/remotes/kas [6ms]
2025-04-04 14:08:38.420 [info] > git config --get commit.template [21ms]
2025-04-04 14:08:38.461 [info] > git status -z -uall [28ms]
2025-04-04 14:08:38.461 [info] > git for-each-ref --sort -committerdate --format %(refname)%00%(objectname)%00%(*objectname) [2ms]
2025-04-04 14:08:39.291 [info] > git fetch [316ms]
2025-04-04 14:08:39.349 [info] > git for-each-ref --format=%(refname)%00%(upstream:short)%00%(objectname)%00%(upstream:track)%00%(upstream:remotename)%00%(upstream:remoteref) refs/heads/kas refs/remotes/kas [4ms]
2025-04-04 14:08:39.351 [info] > git config --get commit.template [42ms]
2025-04-04 14:08:39.387 [info] > git status -z -uall [21ms]
2025-04-04 14:08:39.394 [info] > git for-each-ref --sort -committerdate --format %(refname)%00%(objectname)%00%(*objectname) [8ms]
2025-04-04 14:08:41.152 [info] > git ls-files --stage -- public/_template/Header.php [5ms]
2025-04-04 14:08:41.165 [info] > git cat-file -s 4e91db658c02f630982bad8620bfbadb84238b9f [2ms]
2025-04-04 14:08:41.526 [info] > git show --textconv :public/_template/Header.php [6ms]
2025-04-04 14:08:43.500 [info] > git config --get commit.template [12ms]
2025-04-04 14:08:43.504 [info] > git for-each-ref --format=%(refname)%00%(upstream:short)%00%(objectname)%00%(upstream:track)%00%(upstream:remotename)%00%(upstream:remoteref) refs/heads/kas refs/remotes/kas [4ms]
2025-04-04 14:08:43.537 [info] > git status -z -uall [15ms]
2025-04-04 14:08:43.540 [info] > git for-each-ref --sort -committerdate --format %(refname)%00%(objectname)%00%(*objectname) [4ms]
2025-04-04 14:09:10.418 [info] > git config --get commit.template [24ms]
2025-04-04 14:09:10.419 [info] > git for-each-ref --format=%(refname)%00%(upstream:short)%00%(objectname)%00%(upstream:track)%00%(upstream:remotename)%00%(upstream:remoteref) refs/heads/kas refs/remotes/kas [2ms]
2025-04-04 14:09:10.454 [info] > git status -z -uall [25ms]
2025-04-04 14:09:10.459 [info] > git for-each-ref --sort -committerdate --format %(refname)%00%(objectname)%00%(*objectname) [8ms]
2025-04-04 14:09:39.513 [info] > git diff --name-status -z --diff-filter=ADMR @{upstream} [8ms]
2025-04-04 14:09:48.175 [info] > git config --get commit.template [16ms]
2025-04-04 14:09:48.180 [info] > git for-each-ref --format=%(refname)%00%(upstream:short)%00%(objectname)%00%(upstream:track)%00%(upstream:remotename)%00%(upstream:remoteref) refs/heads/kas refs/remotes/kas [8ms]
2025-04-04 14:09:48.207 [info] > git status -z -uall [11ms]
2025-04-04 14:09:48.211 [info] > git for-each-ref --sort -committerdate --format %(refname)%00%(objectname)%00%(*objectname) [5ms]
2025-04-04 14:10:10.719 [info] > git config --get commit.template [14ms]
2025-04-04 14:10:10.719 [info] > git for-each-ref --format=%(refname)%00%(upstream:short)%00%(objectname)%00%(upstream:track)%00%(upstream:remotename)%00%(upstream:remoteref) refs/heads/kas refs/remotes/kas [1ms]
2025-04-04 14:10:10.745 [info] > git status -z -uall [14ms]
2025-04-04 14:10:10.748 [info] > git for-each-ref --sort -committerdate --format %(refname)%00%(objectname)%00%(*objectname) [4ms]
2025-04-04 14:11:01.707 [info] > git config --get commit.template [16ms]
2025-04-04 14:11:01.708 [info] > git for-each-ref --format=%(refname)%00%(upstream:short)%00%(objectname)%00%(upstream:track)%00%(upstream:remotename)%00%(upstream:remoteref) refs/heads/kas refs/remotes/kas [4ms]
2025-04-04 14:11:01.739 [info] > git status -z -uall [18ms]
2025-04-04 14:11:01.745 [info] > git for-each-ref --sort -committerdate --format %(refname)%00%(objectname)%00%(*objectname) [8ms]
2025-04-04 14:11:32.014 [info] > git config --get commit.template [26ms]
2025-04-04 14:11:32.015 [info] > git for-each-ref --format=%(refname)%00%(upstream:short)%00%(objectname)%00%(upstream:track)%00%(upstream:remotename)%00%(upstream:remoteref) refs/heads/kas refs/remotes/kas [3ms]
2025-04-04 14:11:32.055 [info] > git status -z -uall [26ms]
2025-04-04 14:11:32.057 [info] > git for-each-ref --sort -committerdate --format %(refname)%00%(objectname)%00%(*objectname) [3ms]
2025-04-04 14:11:39.523 [info] > git diff --name-status -z --diff-filter=ADMR @{upstream} [7ms]
2025-04-04 14:11:39.676 [info] > git fetch [264ms]
2025-04-04 14:11:39.707 [info] > git config --get commit.template [17ms]
2025-04-04 14:11:39.710 [info] > git for-each-ref --format=%(refname)%00%(upstream:short)%00%(objectname)%00%(upstream:track)%00%(upstream:remotename)%00%(upstream:remoteref) refs/heads/kas refs/remotes/kas [4ms]
2025-04-04 14:11:39.760 [info] > git status -z -uall [24ms]
2025-04-04 14:11:39.774 [info] > git for-each-ref --sort -committerdate --format %(refname)%00%(objectname)%00%(*objectname) [21ms]
2025-04-04 14:11:41.124 [info] > git config --get commit.template [6ms]
2025-04-04 14:11:41.145 [info] > git for-each-ref --format=%(refname)%00%(upstream:short)%00%(objectname)%00%(upstream:track)%00%(upstream:remotename)%00%(upstream:remoteref) refs/heads/kas refs/remotes/kas [5ms]
2025-04-04 14:11:41.186 [info] > git status -z -uall [14ms]
2025-04-04 14:11:41.188 [info] > git for-each-ref --sort -committerdate --format %(refname)%00%(objectname)%00%(*objectname) [3ms]
2025-04-04 14:11:41.592 [info] > git ls-files --stage -- public/_template/Header.php [11ms]
2025-04-04 14:11:41.664 [info] > git cat-file -s 4e91db658c02f630982bad8620bfbadb84238b9f [25ms]
2025-04-04 14:11:42.034 [info] > git show --textconv :public/_template/Header.php [4ms]
2025-04-04 14:11:46.602 [info] > git config --get commit.template [3ms]
2025-04-04 14:11:46.620 [info] > git for-each-ref --format=%(refname)%00%(upstream:short)%00%(objectname)%00%(upstream:track)%00%(upstream:remotename)%00%(upstream:remoteref) refs/heads/kas refs/remotes/kas [3ms]
2025-04-04 14:11:46.676 [info] > git status -z -uall [30ms]
2025-04-04 14:11:46.678 [info] > git for-each-ref --sort -committerdate --format %(refname)%00%(objectname)%00%(*objectname) [2ms]
2025-04-04 14:11:55.301 [info] > git config --get commit.template [27ms]
2025-04-04 14:11:55.303 [info] > git for-each-ref --format=%(refname)%00%(upstream:short)%00%(objectname)%00%(upstream:track)%00%(upstream:remotename)%00%(upstream:remoteref) refs/heads/kas refs/remotes/kas [2ms]
2025-04-04 14:11:55.344 [info] > git status -z -uall [18ms]
2025-04-04 14:11:55.345 [info] > git for-each-ref --sort -committerdate --format %(refname)%00%(objectname)%00%(*objectname) [5ms]
2025-04-04 14:12:14.675 [info] > git config --get commit.template [14ms]
2025-04-04 14:12:14.676 [info] > git for-each-ref --format=%(refname)%00%(upstream:short)%00%(objectname)%00%(upstream:track)%00%(upstream:remotename)%00%(upstream:remoteref) refs/heads/kas refs/remotes/kas [3ms]
2025-04-04 14:12:14.724 [info] > git status -z -uall [24ms]
2025-04-04 14:12:14.728 [info] > git for-each-ref --sort -committerdate --format %(refname)%00%(objectname)%00%(*objectname) [6ms]
2025-04-04 14:12:24.538 [info] > git config --get commit.template [24ms]
2025-04-04 14:12:24.539 [info] > git for-each-ref --format=%(refname)%00%(upstream:short)%00%(objectname)%00%(upstream:track)%00%(upstream:remotename)%00%(upstream:remoteref) refs/heads/kas refs/remotes/kas [13ms]
2025-04-04 14:12:24.577 [info] > git status -z -uall [21ms]
2025-04-04 14:12:24.577 [info] > git for-each-ref --sort -committerdate --format %(refname)%00%(objectname)%00%(*objectname) [2ms]
2025-04-04 14:12:30.795 [info] > git for-each-ref --format=%(refname)%00%(upstream:short)%00%(objectname)%00%(upstream:track)%00%(upstream:remotename)%00%(upstream:remoteref) refs/heads/kas refs/remotes/kas [6ms]
2025-04-04 14:12:30.796 [info] > git config --get commit.template [19ms]
2025-04-04 14:12:30.826 [info] > git status -z -uall [12ms]
2025-04-04 14:12:30.830 [info] > git for-each-ref --sort -committerdate --format %(refname)%00%(objectname)%00%(*objectname) [5ms]
2025-04-04 14:13:09.014 [info] > git config --get commit.template [6ms]
2025-04-04 14:13:09.031 [info] > git for-each-ref --format=%(refname)%00%(upstream:short)%00%(objectname)%00%(upstream:track)%00%(upstream:remotename)%00%(upstream:remoteref) refs/heads/kas refs/remotes/kas [5ms]
2025-04-04 14:13:09.079 [info] > git status -z -uall [19ms]
2025-04-04 14:13:09.080 [info] > git for-each-ref --sort -committerdate --format %(refname)%00%(objectname)%00%(*objectname) [2ms]
2025-04-04 14:13:39.527 [info] > git diff --name-status -z --diff-filter=ADMR @{upstream} [11ms]
2025-04-04 14:14:56.043 [info] > git fetch [232ms]
2025-04-04 14:14:56.101 [info] > git for-each-ref --format=%(refname)%00%(upstream:short)%00%(objectname)%00%(upstream:track)%00%(upstream:remotename)%00%(upstream:remoteref) refs/heads/kas refs/remotes/kas [6ms]
2025-04-04 14:14:56.102 [info] > git config --get commit.template [21ms]
2025-04-04 14:14:56.142 [info] > git status -z -uall [20ms]
2025-04-04 14:14:56.145 [info] > git for-each-ref --sort -committerdate --format %(refname)%00%(objectname)%00%(*objectname) [5ms]
2025-04-04 14:14:57.618 [info] > git config --get commit.template [2ms]
2025-04-04 14:14:57.629 [info] > git for-each-ref --format=%(refname)%00%(upstream:short)%00%(objectname)%00%(upstream:track)%00%(upstream:remotename)%00%(upstream:remoteref) refs/heads/kas refs/remotes/kas [2ms]
2025-04-04 14:14:57.658 [info] > git status -z -uall [13ms]
2025-04-04 14:14:57.660 [info] > git for-each-ref --sort -committerdate --format %(refname)%00%(objectname)%00%(*objectname) [3ms]
2025-04-04 14:14:58.217 [info] > git ls-files --stage -- public/_template/Header.php [4ms]
2025-04-04 14:14:58.231 [info] > git cat-file -s 4e91db658c02f630982bad8620bfbadb84238b9f [1ms]
2025-04-04 14:14:58.558 [info] > git show --textconv :public/_template/Header.php [1ms]
2025-04-04 14:15:03.840 [info] > git check-ignore -v -z --stdin [2ms]
2025-04-04 14:15:05.298 [info] > git check-ignore -v -z --stdin [4ms]
2025-04-04 14:15:10.146 [info] > git check-ignore -v -z --stdin [4ms]
2025-04-04 14:15:13.778 [info] > git show --textconv :api/user-management/create_user.php [24ms]
2025-04-04 14:15:13.781 [info] > git ls-files --stage -- api/user-management/create_user.php [6ms]
2025-04-04 14:15:13.798 [info] > git cat-file -s e03afe1343ffbda5ad1d9eb9676b9c2193160cc1 [4ms]
2025-04-04 14:15:39.539 [info] > git diff --name-status -z --diff-filter=ADMR @{upstream} [4ms]
2025-04-04 14:16:05.438 [info] > git show --textconv :public/_template/Header.php [46ms]
2025-04-04 14:16:05.440 [info] > git ls-files --stage -- public/_template/Header.php [3ms]
2025-04-04 14:16:05.509 [info] > git cat-file -s 4e91db658c02f630982bad8620bfbadb84238b9f [2ms]
2025-04-04 14:16:32.709 [info] > git config --get commit.template [1ms]
2025-04-04 14:16:32.725 [info] > git for-each-ref --format=%(refname)%00%(upstream:short)%00%(objectname)%00%(upstream:track)%00%(upstream:remotename)%00%(upstream:remoteref) refs/heads/kas refs/remotes/kas [4ms]
2025-04-04 14:16:32.838 [info] > git status -z -uall [32ms]
2025-04-04 14:16:32.838 [info] > git for-each-ref --sort -committerdate --format %(refname)%00%(objectname)%00%(*objectname) [1ms]
2025-04-04 14:17:39.532 [info] > git diff --name-status -z --diff-filter=ADMR @{upstream} [10ms]
2025-04-04 14:18:15.752 [info] > git fetch [259ms]
2025-04-04 14:18:15.788 [info] > git config --get commit.template [21ms]
2025-04-04 14:18:15.788 [info] > git for-each-ref --format=%(refname)%00%(upstream:short)%00%(objectname)%00%(upstream:track)%00%(upstream:remotename)%00%(upstream:remoteref) refs/heads/kas refs/remotes/kas [2ms]
2025-04-04 14:18:15.859 [info] > git status -z -uall [56ms]
2025-04-04 14:18:15.859 [info] > git for-each-ref --sort -committerdate --format %(refname)%00%(objectname)%00%(*objectname) [35ms]
2025-04-04 14:18:45.540 [info] > git config --get commit.template [15ms]
2025-04-04 14:18:45.542 [info] > git for-each-ref --format=%(refname)%00%(upstream:short)%00%(objectname)%00%(upstream:track)%00%(upstream:remotename)%00%(upstream:remoteref) refs/heads/kas refs/remotes/kas [3ms]
2025-04-04 14:18:45.578 [info] > git status -z -uall [19ms]
2025-04-04 14:18:45.578 [info] > git for-each-ref --sort -committerdate --format %(refname)%00%(objectname)%00%(*objectname) [6ms]
2025-04-04 14:18:45.890 [info] > git ls-files --stage -- public/_template/Header.php [23ms]
2025-04-04 14:18:45.939 [info] > git cat-file -s 4e91db658c02f630982bad8620bfbadb84238b9f [4ms]
2025-04-04 14:18:46.301 [info] > git show --textconv :public/_template/Header.php [6ms]
2025-04-04 14:19:39.553 [info] > git diff --name-status -z --diff-filter=ADMR @{upstream} [24ms]
2025-04-04 14:19:40.801 [info] > git show --textconv :api/user-management/create_user.php [17ms]
2025-04-04 14:19:40.806 [info] > git ls-files --stage -- api/user-management/create_user.php [6ms]
2025-04-04 14:19:40.826 [info] > git cat-file -s e03afe1343ffbda5ad1d9eb9676b9c2193160cc1 [6ms]
2025-04-04 14:19:41.927 [info] > git blame --root --incremental adc22d768a3859e100abd6ec16bbd94c9eb89a3b -- api/user-management/create_user.php [673ms]
2025-04-04 14:21:39.645 [info] > git diff --name-status -z --diff-filter=ADMR @{upstream} [7ms]
2025-04-04 14:22:07.250 [info] > git fetch [376ms]
2025-04-04 14:22:07.286 [info] > git config --get commit.template [3ms]
2025-04-04 14:22:07.320 [info] > git for-each-ref --format=%(refname)%00%(upstream:short)%00%(objectname)%00%(upstream:track)%00%(upstream:remotename)%00%(upstream:remoteref) refs/heads/kas refs/remotes/kas [5ms]
2025-04-04 14:22:07.591 [info] > git status -z -uall [216ms]
2025-04-04 14:22:07.618 [info] > git for-each-ref --sort -committerdate --format %(refname)%00%(objectname)%00%(*objectname) [178ms]
2025-04-04 14:22:08.793 [info] > git config --get commit.template [9ms]
2025-04-04 14:22:08.827 [info] > git for-each-ref --format=%(refname)%00%(upstream:short)%00%(objectname)%00%(upstream:track)%00%(upstream:remotename)%00%(upstream:remoteref) refs/heads/kas refs/remotes/kas [9ms]
2025-04-04 14:22:08.933 [info] > git status -z -uall [58ms]
2025-04-04 14:22:08.941 [info] > git for-each-ref --sort -committerdate --format %(refname)%00%(objectname)%00%(*objectname) [9ms]
2025-04-04 14:22:09.094 [info] > git ls-files --stage -- api/user-management/create_user.php [2ms]
2025-04-04 14:22:09.117 [info] > git cat-file -s e03afe1343ffbda5ad1d9eb9676b9c2193160cc1 [8ms]
2025-04-04 14:22:09.472 [info] > git show --textconv :api/user-management/create_user.php [11ms]
2025-04-04 14:22:29.673 [info] > git config --get commit.template [32ms]
2025-04-04 14:22:29.678 [info] > git for-each-ref --format=%(refname)%00%(upstream:short)%00%(objectname)%00%(upstream:track)%00%(upstream:remotename)%00%(upstream:remoteref) refs/heads/kas refs/remotes/kas [8ms]
2025-04-04 14:22:29.721 [info] > git status -z -uall [25ms]
2025-04-04 14:22:29.724 [info] > git for-each-ref --sort -committerdate --format %(refname)%00%(objectname)%00%(*objectname) [4ms]
2025-04-04 14:22:35.984 [info] > git config --get commit.template [2ms]
2025-04-04 14:22:36.004 [info] > git for-each-ref --format=%(refname)%00%(upstream:short)%00%(objectname)%00%(upstream:track)%00%(upstream:remotename)%00%(upstream:remoteref) refs/heads/kas refs/remotes/kas [7ms]
2025-04-04 14:22:36.118 [info] > git status -z -uall [42ms]
2025-04-04 14:22:36.122 [info] > git for-each-ref --sort -committerdate --format %(refname)%00%(objectname)%00%(*objectname) [5ms]
2025-04-04 14:23:25.581 [info] > git config --get commit.template [24ms]
2025-04-04 14:23:25.582 [info] > git for-each-ref --format=%(refname)%00%(upstream:short)%00%(objectname)%00%(upstream:track)%00%(upstream:remotename)%00%(upstream:remoteref) refs/heads/kas refs/remotes/kas [3ms]
2025-04-04 14:23:25.620 [info] > git status -z -uall [24ms]
2025-04-04 14:23:25.622 [info] > git for-each-ref --sort -committerdate --format %(refname)%00%(objectname)%00%(*objectname) [4ms]
2025-04-04 14:23:30.688 [info] > git config --get commit.template [19ms]
2025-04-04 14:23:30.691 [info] > git for-each-ref --format=%(refname)%00%(upstream:short)%00%(objectname)%00%(upstream:track)%00%(upstream:remotename)%00%(upstream:remoteref) refs/heads/kas refs/remotes/kas [5ms]
2025-04-04 14:23:30.721 [info] > git status -z -uall [19ms]
2025-04-04 14:23:30.721 [info] > git for-each-ref --sort -committerdate --format %(refname)%00%(objectname)%00%(*objectname) [1ms]
2025-04-04 14:23:37.995 [info] > git for-each-ref --format=%(refname)%00%(upstream:short)%00%(objectname)%00%(upstream:track)%00%(upstream:remotename)%00%(upstream:remoteref) refs/heads/kas refs/remotes/kas [1ms]
2025-04-04 14:23:37.995 [info] > git config --get commit.template [39ms]
2025-04-04 14:23:38.064 [info] > git status -z -uall [37ms]
2025-04-04 14:23:38.069 [info] > git for-each-ref --sort -committerdate --format %(refname)%00%(objectname)%00%(*objectname) [5ms]
2025-04-04 14:23:39.538 [info] > git diff --name-status -z --diff-filter=ADMR @{upstream} [14ms]
2025-04-04 14:23:41.418 [info] > git ls-files --stage -- api/user-management/create_user.php [2ms]
2025-04-04 14:23:41.440 [info] > git cat-file -s e03afe1343ffbda5ad1d9eb9676b9c2193160cc1 [12ms]
2025-04-04 14:23:41.796 [info] > git show --textconv :api/user-management/create_user.php [5ms]
2025-04-04 14:23:43.152 [info] > git config --get commit.template [26ms]
2025-04-04 14:23:43.152 [info] > git for-each-ref --format=%(refname)%00%(upstream:short)%00%(objectname)%00%(upstream:track)%00%(upstream:remotename)%00%(upstream:remoteref) refs/heads/kas refs/remotes/kas [5ms]
2025-04-04 14:23:43.198 [info] > git status -z -uall [25ms]
2025-04-04 14:23:43.202 [info] > git for-each-ref --sort -committerdate --format %(refname)%00%(objectname)%00%(*objectname) [4ms]
2025-04-04 14:25:39.545 [info] > git diff --name-status -z --diff-filter=ADMR @{upstream} [6ms]
2025-04-04 14:27:20.933 [info] > git config --get commit.template [27ms]
2025-04-04 14:27:20.938 [info] > git for-each-ref --format=%(refname)%00%(upstream:short)%00%(objectname)%00%(upstream:track)%00%(upstream:remotename)%00%(upstream:remoteref) refs/heads/kas refs/remotes/kas [7ms]
2025-04-04 14:27:21.009 [info] > git status -z -uall [37ms]
2025-04-04 14:27:21.010 [info] > git for-each-ref --sort -committerdate --format %(refname)%00%(objectname)%00%(*objectname) [15ms]
2025-04-04 14:27:21.206 [info] > git fetch [348ms]
2025-04-04 14:27:21.235 [info] > git for-each-ref --format=%(refname)%00%(upstream:short)%00%(objectname)%00%(upstream:track)%00%(upstream:remotename)%00%(upstream:remoteref) refs/heads/kas refs/remotes/kas [1ms]
2025-04-04 14:27:21.236 [info] > git config --get commit.template [18ms]
2025-04-04 14:27:21.263 [info] > git status -z -uall [15ms]
2025-04-04 14:27:21.266 [info] > git for-each-ref --sort -committerdate --format %(refname)%00%(objectname)%00%(*objectname) [4ms]
2025-04-04 14:27:23.128 [info] > git ls-files --stage -- api/user-management/create_user.php [10ms]
2025-04-04 14:27:23.152 [info] > git cat-file -s e03afe1343ffbda5ad1d9eb9676b9c2193160cc1 [0ms]
2025-04-04 14:27:23.532 [info] > git show --textconv :api/user-management/create_user.php [3ms]
2025-04-04 14:27:26.092 [info] > git config --get commit.template [55ms]
2025-04-04 14:27:26.096 [info] > git for-each-ref --format=%(refname)%00%(upstream:short)%00%(objectname)%00%(upstream:track)%00%(upstream:remotename)%00%(upstream:remoteref) refs/heads/kas refs/remotes/kas [7ms]
2025-04-04 14:27:26.142 [info] > git status -z -uall [26ms]
2025-04-04 14:27:26.157 [info] > git for-each-ref --sort -committerdate --format %(refname)%00%(objectname)%00%(*objectname) [16ms]
2025-04-04 14:27:35.387 [info] > git config --get commit.template [15ms]
2025-04-04 14:27:35.388 [info] > git for-each-ref --format=%(refname)%00%(upstream:short)%00%(objectname)%00%(upstream:track)%00%(upstream:remotename)%00%(upstream:remoteref) refs/heads/kas refs/remotes/kas [3ms]
2025-04-04 14:27:35.425 [info] > git status -z -uall [19ms]
2025-04-04 14:27:35.438 [info] > git for-each-ref --sort -committerdate --format %(refname)%00%(objectname)%00%(*objectname) [14ms]
2025-04-04 14:27:39.526 [info] > git diff --name-status -z --diff-filter=ADMR @{upstream} [4ms]
2025-04-04 14:29:39.557 [info] > git diff --name-status -z --diff-filter=ADMR @{upstream} [15ms]
2025-04-04 14:31:39.560 [info] > git diff --name-status -z --diff-filter=ADMR @{upstream} [8ms]
2025-04-04 14:31:52.610 [info] > git fetch [245ms]
2025-04-04 14:31:52.638 [info] > git config --get commit.template [3ms]
2025-04-04 14:31:52.656 [info] > git for-each-ref --format=%(refname)%00%(upstream:short)%00%(objectname)%00%(upstream:track)%00%(upstream:remotename)%00%(upstream:remoteref) refs/heads/kas refs/remotes/kas [3ms]
2025-04-04 14:31:52.693 [info] > git status -z -uall [14ms]
2025-04-04 14:31:52.694 [info] > git for-each-ref --sort -committerdate --format %(refname)%00%(objectname)%00%(*objectname) [2ms]
2025-04-04 14:31:54.083 [info] > git config --get commit.template [2ms]
2025-04-04 14:31:54.096 [info] > git for-each-ref --format=%(refname)%00%(upstream:short)%00%(objectname)%00%(upstream:track)%00%(upstream:remotename)%00%(upstream:remoteref) refs/heads/kas refs/remotes/kas [2ms]
2025-04-04 14:31:54.130 [info] > git status -z -uall [15ms]
2025-04-04 14:31:54.130 [info] > git for-each-ref --sort -committerdate --format %(refname)%00%(objectname)%00%(*objectname) [4ms]
2025-04-04 14:31:54.488 [info] > git ls-files --stage -- api/user-management/create_user.php [6ms]
2025-04-04 14:31:54.519 [info] > git cat-file -s e03afe1343ffbda5ad1d9eb9676b9c2193160cc1 [17ms]
2025-04-04 14:31:54.844 [info] > git show --textconv :api/user-management/create_user.php [3ms]
2025-04-04 14:33:08.846 [info] > git check-ignore -v -z --stdin [8ms]
2025-04-04 14:33:14.169 [info] > git check-ignore -v -z --stdin [3ms]
2025-04-04 14:33:16.176 [info] > git check-ignore -v -z --stdin [3ms]
2025-04-04 14:33:18.138 [info] > git show --textconv :page/user-management/Create.php [17ms]
2025-04-04 14:33:18.141 [info] > git ls-files --stage -- page/user-management/Create.php [5ms]
2025-04-04 14:33:18.172 [info] > git cat-file -s 3483fdfbe19fe8d71453b12d4a33d1624bea1fc8 [5ms]
2025-04-04 14:33:18.758 [info] > git blame --root --incremental adc22d768a3859e100abd6ec16bbd94c9eb89a3b -- page/user-management/Create.php [242ms]
2025-04-04 14:33:39.529 [info] > git diff --name-status -z --diff-filter=ADMR @{upstream} [7ms]
2025-04-04 14:34:52.955 [info] > git fetch [235ms]
2025-04-04 14:34:52.982 [info] > git config --get commit.template [12ms]
2025-04-04 14:34:52.983 [info] > git for-each-ref --format=%(refname)%00%(upstream:short)%00%(objectname)%00%(upstream:track)%00%(upstream:remotename)%00%(upstream:remoteref) refs/heads/kas refs/remotes/kas [5ms]
2025-04-04 14:34:53.025 [info] > git status -z -uall [32ms]
2025-04-04 14:34:53.027 [info] > git for-each-ref --sort -committerdate --format %(refname)%00%(objectname)%00%(*objectname) [3ms]
2025-04-04 14:34:54.410 [info] > git config --get commit.template [13ms]
2025-04-04 14:34:54.413 [info] > git for-each-ref --format=%(refname)%00%(upstream:short)%00%(objectname)%00%(upstream:track)%00%(upstream:remotename)%00%(upstream:remoteref) refs/heads/kas refs/remotes/kas [5ms]
2025-04-04 14:34:54.439 [info] > git status -z -uall [14ms]
2025-04-04 14:34:54.440 [info] > git for-each-ref --sort -committerdate --format %(refname)%00%(objectname)%00%(*objectname) [4ms]
2025-04-04 14:34:54.811 [info] > git ls-files --stage -- page/user-management/Create.php [2ms]
2025-04-04 14:34:54.824 [info] > git cat-file -s 3483fdfbe19fe8d71453b12d4a33d1624bea1fc8 [0ms]
2025-04-04 14:34:55.160 [info] > git show --textconv :page/user-management/Create.php [5ms]
2025-04-04 14:34:59.478 [info] > git config --get commit.template [12ms]
2025-04-04 14:34:59.493 [info] > git for-each-ref --format=%(refname)%00%(upstream:short)%00%(objectname)%00%(upstream:track)%00%(upstream:remotename)%00%(upstream:remoteref) refs/heads/kas refs/remotes/kas [3ms]
2025-04-04 14:34:59.535 [info] > git status -z -uall [23ms]
2025-04-04 14:34:59.536 [info] > git for-each-ref --sort -committerdate --format %(refname)%00%(objectname)%00%(*objectname) [10ms]
2025-04-04 14:35:39.545 [info] > git diff --name-status -z --diff-filter=ADMR @{upstream} [10ms]
2025-04-04 14:37:39.549 [info] > git diff --name-status -z --diff-filter=ADMR @{upstream} [8ms]
2025-04-04 14:38:31.524 [info] > git fetch [339ms]
2025-04-04 14:38:31.568 [info] > git config --get commit.template [31ms]
2025-04-04 14:38:31.572 [info] > git for-each-ref --format=%(refname)%00%(upstream:short)%00%(objectname)%00%(upstream:track)%00%(upstream:remotename)%00%(upstream:remoteref) refs/heads/kas refs/remotes/kas [6ms]
2025-04-04 14:38:31.612 [info] > git status -z -uall [23ms]
2025-04-04 14:38:31.613 [info] > git for-each-ref --sort -committerdate --format %(refname)%00%(objectname)%00%(*objectname) [7ms]
2025-04-04 14:38:32.969 [info] > git config --get commit.template [1ms]
2025-04-04 14:38:32.985 [info] > git for-each-ref --format=%(refname)%00%(upstream:short)%00%(objectname)%00%(upstream:track)%00%(upstream:remotename)%00%(upstream:remoteref) refs/heads/kas refs/remotes/kas [4ms]
2025-04-04 14:38:33.023 [info] > git status -z -uall [20ms]
2025-04-04 14:38:33.025 [info] > git for-each-ref --sort -committerdate --format %(refname)%00%(objectname)%00%(*objectname) [3ms]
2025-04-04 14:38:34.015 [info] > git show --textconv :api/user-management/create_user.php [17ms]
2025-04-04 14:38:34.017 [info] > git ls-files --stage -- api/user-management/create_user.php [5ms]
2025-04-04 14:38:34.043 [info] > git cat-file -s e03afe1343ffbda5ad1d9eb9676b9c2193160cc1 [2ms]
2025-04-04 14:39:09.933 [info] > git config --get commit.template [16ms]
2025-04-04 14:39:09.934 [info] > git for-each-ref --format=%(refname)%00%(upstream:short)%00%(objectname)%00%(upstream:track)%00%(upstream:remotename)%00%(upstream:remoteref) refs/heads/kas refs/remotes/kas [2ms]
2025-04-04 14:39:09.962 [info] > git status -z -uall [13ms]
2025-04-04 14:39:09.963 [info] > git for-each-ref --sort -committerdate --format %(refname)%00%(objectname)%00%(*objectname) [3ms]
2025-04-04 14:39:12.466 [info] > git show --textconv :public/_template/Header.php [19ms]
2025-04-04 14:39:12.473 [info] > git ls-files --stage -- public/_template/Header.php [9ms]
2025-04-04 14:39:12.492 [info] > git cat-file -s 4e91db658c02f630982bad8620bfbadb84238b9f [3ms]
2025-04-04 14:39:39.545 [info] > git diff --name-status -z --diff-filter=ADMR @{upstream} [8ms]
2025-04-04 14:40:44.348 [info] > git config --get commit.template [5ms]
2025-04-04 14:40:44.375 [info] > git for-each-ref --format=%(refname)%00%(upstream:short)%00%(objectname)%00%(upstream:track)%00%(upstream:remotename)%00%(upstream:remoteref) refs/heads/kas refs/remotes/kas [11ms]
2025-04-04 14:40:44.428 [info] > git status -z -uall [17ms]
2025-04-04 14:40:44.429 [info] > git for-each-ref --sort -committerdate --format %(refname)%00%(objectname)%00%(*objectname) [3ms]
2025-04-04 14:40:49.480 [info] > git config --get commit.template [31ms]
2025-04-04 14:40:49.483 [info] > git for-each-ref --format=%(refname)%00%(upstream:short)%00%(objectname)%00%(upstream:track)%00%(upstream:remotename)%00%(upstream:remoteref) refs/heads/kas refs/remotes/kas [4ms]
2025-04-04 14:40:49.515 [info] > git status -z -uall [19ms]
2025-04-04 14:40:49.518 [info] > git for-each-ref --sort -committerdate --format %(refname)%00%(objectname)%00%(*objectname) [6ms]
2025-04-04 14:40:53.641 [info] > git for-each-ref --format=%(refname)%00%(upstream:short)%00%(objectname)%00%(upstream:track)%00%(upstream:remotename)%00%(upstream:remoteref) refs/heads/kas refs/remotes/kas [3ms]
2025-04-04 14:40:53.641 [info] > git config --get commit.template [20ms]
2025-04-04 14:40:53.669 [info] > git status -z -uall [15ms]
2025-04-04 14:40:53.671 [info] > git for-each-ref --sort -committerdate --format %(refname)%00%(objectname)%00%(*objectname) [6ms]
2025-04-04 14:40:54.721 [info] > git config --get commit.template [23ms]
2025-04-04 14:40:54.729 [info] > git for-each-ref --format=%(refname)%00%(upstream:short)%00%(objectname)%00%(upstream:track)%00%(upstream:remotename)%00%(upstream:remoteref) refs/heads/kas refs/remotes/kas [10ms]
2025-04-04 14:40:54.788 [info] > git status -z -uall [47ms]
2025-04-04 14:40:54.792 [info] > git for-each-ref --sort -committerdate --format %(refname)%00%(objectname)%00%(*objectname) [6ms]
2025-04-04 14:41:05.609 [info] > git config --get commit.template [1ms]
2025-04-04 14:41:05.638 [info] > git for-each-ref --format=%(refname)%00%(upstream:short)%00%(objectname)%00%(upstream:track)%00%(upstream:remotename)%00%(upstream:remoteref) refs/heads/kas refs/remotes/kas [5ms]
2025-04-04 14:41:05.680 [info] > git status -z -uall [15ms]
2025-04-04 14:41:05.680 [info] > git for-each-ref --sort -committerdate --format %(refname)%00%(objectname)%00%(*objectname) [1ms]
2025-04-04 14:41:05.706 [info] > git merge-base refs/heads/kas refs/remotes/origin/kas [4ms]
2025-04-04 14:41:05.738 [info] > git diff --name-status -z --diff-filter=ADMR adc22d768a3859e100abd6ec16bbd94c9eb89a3b...refs/remotes/origin/kas [13ms]
2025-04-04 14:41:09.688 [info] > git config --get commit.template [13ms]
2025-04-04 14:41:09.708 [info] > git for-each-ref --format=%(refname)%00%(upstream:short)%00%(objectname)%00%(upstream:track)%00%(upstream:remotename)%00%(upstream:remoteref) refs/heads/kas refs/remotes/kas [4ms]
2025-04-04 14:41:09.787 [info] > git status -z -uall [23ms]
2025-04-04 14:41:09.789 [info] > git for-each-ref --sort -committerdate --format %(refname)%00%(objectname)%00%(*objectname) [3ms]
2025-04-04 14:41:09.832 [info] > git merge-base refs/heads/kas refs/remotes/origin/kas [10ms]
2025-04-04 14:41:09.856 [info] > git diff --name-status -z --diff-filter=ADMR 3de680cccb448b1a425eb385cafdfd7defa5abf4...refs/remotes/origin/kas [4ms]
2025-04-04 14:41:34.791 [info] > git fetch [272ms]
2025-04-04 14:41:34.820 [info] > git config --get commit.template [1ms]
2025-04-04 14:41:34.841 [info] > git for-each-ref --format=%(refname)%00%(upstream:short)%00%(objectname)%00%(upstream:track)%00%(upstream:remotename)%00%(upstream:remoteref) refs/heads/kas refs/remotes/kas [10ms]
2025-04-04 14:41:34.939 [info] > git status -z -uall [56ms]
2025-04-04 14:41:34.939 [info] > git for-each-ref --sort -committerdate --format %(refname)%00%(objectname)%00%(*objectname) [25ms]
2025-04-04 14:41:36.223 [info] > git config --get commit.template [4ms]
2025-04-04 14:41:36.235 [info] > git for-each-ref --format=%(refname)%00%(upstream:short)%00%(objectname)%00%(upstream:track)%00%(upstream:remotename)%00%(upstream:remoteref) refs/heads/kas refs/remotes/kas [2ms]
2025-04-04 14:41:36.270 [info] > git status -z -uall [23ms]
2025-04-04 14:41:36.270 [info] > git for-each-ref --sort -committerdate --format %(refname)%00%(objectname)%00%(*objectname) [2ms]
