2025-03-31 09:34:33.708 [info] [main] Log level: Info
2025-03-31 09:34:33.708 [info] [main] Validating found git in: "git"
2025-03-31 09:34:33.708 [info] [main] Using git "2.25.1" from "git"
2025-03-31 09:34:33.708 [info] [Model][doInitialScan] Initial repository scan started
2025-03-31 09:34:33.708 [info] > git rev-parse --show-toplevel [7ms]
2025-03-31 09:34:33.708 [info] > git rev-parse --git-dir --git-common-dir [2ms]
2025-03-31 09:34:33.708 [info] [Model][openRepository] Opened repository: /home/hr.bcp-sms1.com/public_html
2025-03-31 09:34:33.708 [info] > git config --get commit.template [7ms]
2025-03-31 09:34:33.708 [info] > git rev-parse --show-toplevel [4ms]
2025-03-31 09:34:33.708 [info] > git rev-parse --show-toplevel [5ms]
2025-03-31 09:34:33.708 [info] > git for-each-ref --format=%(refname)%00%(upstream:short)%00%(objectname)%00%(upstream:track)%00%(upstream:remotename)%00%(upstream:remoteref) refs/heads/kas refs/remotes/kas [17ms]
2025-03-31 09:34:33.708 [info] > git rev-parse --show-toplevel [36ms]
2025-03-31 09:34:33.773 [info] > git status -z -uall [94ms]
2025-03-31 09:34:33.774 [info] > git rev-parse --show-toplevel [67ms]
2025-03-31 09:34:33.807 [info] > git for-each-ref --sort -committerdate --format %(refname) %(objectname) %(*objectname) [122ms]
2025-03-31 09:34:33.922 [info] > git for-each-ref --format=%(refname)%00%(upstream:short)%00%(objectname)%00%(upstream:track)%00%(upstream:remotename)%00%(upstream:remoteref) refs/heads/kas refs/remotes/kas [61ms]
2025-03-31 09:34:33.927 [info] > git rev-parse --show-toplevel [134ms]
2025-03-31 09:34:33.979 [info] > git config --get --local branch.kas.vscode-merge-base [52ms]
2025-03-31 09:34:33.979 [warning] [Git][config] git config failed: Failed to execute git
2025-03-31 09:34:33.987 [info] > git config --get commit.template [108ms]
2025-03-31 09:34:33.997 [info] > git rev-parse --show-toplevel [19ms]
2025-03-31 09:34:34.022 [info] > git for-each-ref --format=%(refname)%00%(upstream:short)%00%(objectname)%00%(upstream:track)%00%(upstream:remotename)%00%(upstream:remoteref) refs/heads/kas refs/remotes/kas [12ms]
2025-03-31 09:34:34.060 [info] > git status -z -uall [25ms]
2025-03-31 09:34:34.062 [info] > git rev-parse --show-toplevel [42ms]
2025-03-31 09:34:34.077 [info] [Model][doInitialScan] Initial repository scan completed - repositories (1), closed repositories (0), parent repositories (0), unsafe repositories (0)
2025-03-31 09:34:34.078 [info] > git for-each-ref --sort -committerdate --format %(refname) %(objectname) %(*objectname) [24ms]
2025-03-31 09:34:34.107 [info] > git for-each-ref --format=%(refname)%00%(upstream:short)%00%(objectname)%00%(upstream:track)%00%(upstream:remotename)%00%(upstream:remoteref) refs/heads/kas refs/remotes/kas [6ms]
2025-03-31 09:34:34.136 [info] > git config --get --local branch.kas.vscode-merge-base [17ms]
2025-03-31 09:34:34.136 [warning] [Git][config] git config failed: Failed to execute git
2025-03-31 09:34:34.355 [info] > git check-ignore -v -z --stdin [15ms]
2025-03-31 09:34:34.356 [info] > git reflog kas --grep-reflog=branch: Created from *. [195ms]
2025-03-31 09:34:34.383 [info] > git reflog kas --grep-reflog=branch: Created from *. [396ms]
2025-03-31 09:34:34.404 [info] > git fetch [855ms]
2025-03-31 09:34:34.410 [info] > git for-each-ref --format=%(refname)%00%(upstream:short)%00%(objectname)%00%(upstream:track)%00%(upstream:remotename)%00%(upstream:remoteref) refs/heads/origin/kas refs/remotes/origin/kas [30ms]
2025-03-31 09:34:34.422 [info] > git for-each-ref --format=%(refname)%00%(upstream:short)%00%(objectname)%00%(upstream:track)%00%(upstream:remotename)%00%(upstream:remoteref) refs/heads/origin/kas refs/remotes/origin/kas [19ms]
2025-03-31 09:34:34.439 [info] > git config --get commit.template [18ms]
2025-03-31 09:34:34.439 [info] > git config --add --local branch.kas.vscode-merge-base origin/kas [23ms]
2025-03-31 09:34:34.459 [info] > git config --get commit.template [6ms]
2025-03-31 09:34:34.459 [info] > git config --add --local branch.kas.vscode-merge-base origin/kas [26ms]
2025-03-31 09:34:34.488 [info] > git for-each-ref --format=%(refname)%00%(upstream:short)%00%(objectname)%00%(upstream:track)%00%(upstream:remotename)%00%(upstream:remoteref) refs/heads/kas refs/remotes/kas [31ms]
2025-03-31 09:34:34.495 [info] > git for-each-ref --format=%(refname)%00%(upstream:short)%00%(objectname)%00%(upstream:track)%00%(upstream:remotename)%00%(upstream:remoteref) refs/heads/kas refs/remotes/kas [29ms]
2025-03-31 09:34:34.497 [info] > git config --get commit.template [10ms]
2025-03-31 09:34:34.564 [info] > git for-each-ref --format=%(refname)%00%(upstream:short)%00%(objectname)%00%(upstream:track)%00%(upstream:remotename)%00%(upstream:remoteref) refs/heads/kas refs/remotes/kas [23ms]
2025-03-31 09:34:34.580 [info] > git for-each-ref --format=%(refname)%00%(upstream:short)%00%(objectname)%00%(upstream:track)%00%(upstream:remotename)%00%(upstream:remoteref) refs/heads/kas refs/remotes/kas [57ms]
2025-03-31 09:34:34.585 [info] > git for-each-ref --format=%(refname)%00%(upstream:short)%00%(objectname)%00%(upstream:track)%00%(upstream:remotename)%00%(upstream:remoteref) refs/heads/kas refs/remotes/kas [70ms]
2025-03-31 09:34:34.586 [info] > git config --get --local branch.kas.vscode-merge-base [6ms]
2025-03-31 09:34:34.594 [info] > git merge-base refs/heads/kas refs/remotes/origin/kas [37ms]
2025-03-31 09:34:34.604 [info] > git for-each-ref --format=%(refname)%00%(upstream:short)%00%(objectname)%00%(upstream:track)%00%(upstream:remotename)%00%(upstream:remoteref) refs/heads/origin/kas refs/remotes/origin/kas [11ms]
2025-03-31 09:34:34.634 [info] > git config --get --local branch.kas.vscode-merge-base [50ms]
2025-03-31 09:34:34.675 [info] > git merge-base refs/heads/kas refs/remotes/origin/kas [41ms]
2025-03-31 09:34:34.689 [info] > git diff --name-status -z --diff-filter=ADMR c65b315e469076788d88dd9dbb383e58fb6bef96...refs/remotes/origin/kas [87ms]
2025-03-31 09:34:34.693 [info] > git diff --name-status -z --diff-filter=ADMR c65b315e469076788d88dd9dbb383e58fb6bef96...refs/remotes/origin/kas [5ms]
2025-03-31 09:34:34.694 [info] > git for-each-ref --format=%(refname)%00%(upstream:short)%00%(objectname)%00%(upstream:track)%00%(upstream:remotename)%00%(upstream:remoteref) refs/heads/origin/kas refs/remotes/origin/kas [34ms]
2025-03-31 09:34:34.732 [info] > git status -z -uall [25ms]
2025-03-31 09:34:34.732 [info] > git for-each-ref --sort -committerdate --format %(refname) %(objectname) %(*objectname) [4ms]
2025-03-31 09:34:35.873 [info] > git config --get commit.template [19ms]
2025-03-31 09:34:35.876 [info] > git for-each-ref --format=%(refname)%00%(upstream:short)%00%(objectname)%00%(upstream:track)%00%(upstream:remotename)%00%(upstream:remoteref) refs/heads/kas refs/remotes/kas [4ms]
2025-03-31 09:34:35.916 [info] > git status -z -uall [19ms]
2025-03-31 09:34:35.920 [info] > git for-each-ref --sort -committerdate --format %(refname) %(objectname) %(*objectname) [9ms]
2025-03-31 09:34:36.415 [info] > git check-ignore -v -z --stdin [261ms]
2025-03-31 09:34:40.957 [info] > git check-ignore -v -z --stdin [7ms]
2025-03-31 09:34:45.321 [info] > git check-ignore -v -z --stdin [11ms]
2025-03-31 09:34:48.306 [info] > git check-ignore -v -z --stdin [9ms]
2025-03-31 09:35:53.359 [info] > git ls-files --stage -- page/survey/Main.php [3ms]
2025-03-31 09:35:53.368 [info] > git show --textconv :page/survey/Main.php [18ms]
2025-03-31 09:35:53.376 [info] > git cat-file -s a39d299ff155325b799df84916afe4bbfc6b2f60 [12ms]
2025-03-31 09:35:54.578 [info] > git blame --root --incremental c65b315e469076788d88dd9dbb383e58fb6bef96 -- page/survey/Main.php [604ms]
2025-03-31 09:37:30.408 [info] > git check-ignore -v -z --stdin [6ms]
2025-03-31 09:37:34.774 [info] > git fetch [224ms]
2025-03-31 09:37:34.821 [info] > git config --get commit.template [28ms]
2025-03-31 09:37:34.825 [info] > git for-each-ref --format=%(refname)%00%(upstream:short)%00%(objectname)%00%(upstream:track)%00%(upstream:remotename)%00%(upstream:remoteref) refs/heads/kas refs/remotes/kas [5ms]
2025-03-31 09:37:34.848 [info] > git status -z -uall [15ms]
2025-03-31 09:37:34.850 [info] > git for-each-ref --sort -committerdate --format %(refname) %(objectname) %(*objectname) [3ms]
2025-03-31 09:37:36.154 [info] > git config --get commit.template [10ms]
2025-03-31 09:37:36.155 [info] > git for-each-ref --format=%(refname)%00%(upstream:short)%00%(objectname)%00%(upstream:track)%00%(upstream:remotename)%00%(upstream:remoteref) refs/heads/kas refs/remotes/kas [3ms]
2025-03-31 09:37:36.171 [info] > git status -z -uall [12ms]
2025-03-31 09:37:36.181 [info] > git for-each-ref --sort -committerdate --format %(refname) %(objectname) %(*objectname) [11ms]
2025-03-31 09:37:36.501 [info] > git ls-files --stage -- page/survey/Main.php [8ms]
2025-03-31 09:37:36.519 [info] > git cat-file -s a39d299ff155325b799df84916afe4bbfc6b2f60 [5ms]
2025-03-31 09:37:36.767 [info] > git show --textconv :page/survey/Main.php [2ms]
2025-03-31 09:37:48.732 [info] > git show --textconv :page/Survey.php [8ms]
2025-03-31 09:37:48.737 [info] > git ls-files --stage -- page/Survey.php [7ms]
2025-03-31 09:37:48.743 [info] > git cat-file -s 56c2ce8d32ddf0f6de310bbb5b36ba63d16b3074 [2ms]
2025-03-31 09:37:55.951 [info] > git show --textconv :page/survey/List.php [14ms]
2025-03-31 09:37:55.959 [info] > git ls-files --stage -- page/survey/List.php [13ms]
2025-03-31 09:37:55.976 [info] > git cat-file -s d203c14c5c7aeff98eff1fd3729b4d3a35d57e85 [1ms]
2025-03-31 09:37:56.408 [info] > git blame --root --incremental c65b315e469076788d88dd9dbb383e58fb6bef96 -- page/survey/List.php [52ms]
2025-03-31 09:43:07.351 [info] > git fetch [441ms]
2025-03-31 09:43:07.396 [info] > git config --get commit.template [15ms]
2025-03-31 09:43:07.408 [info] > git for-each-ref --format=%(refname)%00%(upstream:short)%00%(objectname)%00%(upstream:track)%00%(upstream:remotename)%00%(upstream:remoteref) refs/heads/kas refs/remotes/kas [6ms]
2025-03-31 09:43:07.437 [info] > git status -z -uall [24ms]
2025-03-31 09:43:07.437 [info] > git for-each-ref --sort -committerdate --format %(refname) %(objectname) %(*objectname) [13ms]
2025-03-31 09:43:08.661 [info] > git config --get commit.template [1ms]
2025-03-31 09:43:08.674 [info] > git for-each-ref --format=%(refname)%00%(upstream:short)%00%(objectname)%00%(upstream:track)%00%(upstream:remotename)%00%(upstream:remoteref) refs/heads/kas refs/remotes/kas [2ms]
2025-03-31 09:43:08.702 [info] > git status -z -uall [18ms]
2025-03-31 09:43:08.703 [info] > git for-each-ref --sort -committerdate --format %(refname) %(objectname) %(*objectname) [5ms]
2025-03-31 09:43:09.053 [info] > git ls-files --stage -- page/survey/List.php [15ms]
2025-03-31 09:43:09.061 [info] > git cat-file -s d203c14c5c7aeff98eff1fd3729b4d3a35d57e85 [2ms]
2025-03-31 09:43:09.355 [info] > git show --textconv :page/survey/List.php [10ms]
2025-03-31 09:47:06.420 [info] > git fetch [1003ms]
2025-03-31 09:47:06.441 [info] > git for-each-ref --format=%(refname)%00%(upstream:short)%00%(objectname)%00%(upstream:track)%00%(upstream:remotename)%00%(upstream:remoteref) refs/heads/kas refs/remotes/kas [7ms]
2025-03-31 09:47:06.443 [info] > git config --get commit.template [14ms]
2025-03-31 09:47:06.461 [info] > git for-each-ref --sort -committerdate --format %(refname) %(objectname) %(*objectname) [3ms]
2025-03-31 09:47:06.565 [info] > git status -z -uall [115ms]
2025-03-31 09:47:07.771 [info] > git config --get commit.template [5ms]
2025-03-31 09:47:07.783 [info] > git for-each-ref --format=%(refname)%00%(upstream:short)%00%(objectname)%00%(upstream:track)%00%(upstream:remotename)%00%(upstream:remoteref) refs/heads/kas refs/remotes/kas [14ms]
2025-03-31 09:47:07.792 [info] > git status -z -uall [6ms]
2025-03-31 09:47:07.795 [info] > git for-each-ref --sort -committerdate --format %(refname) %(objectname) %(*objectname) [4ms]
2025-03-31 09:47:08.098 [info] > git ls-files --stage -- page/survey/List.php [8ms]
2025-03-31 09:47:08.115 [info] > git cat-file -s d203c14c5c7aeff98eff1fd3729b4d3a35d57e85 [2ms]
2025-03-31 09:47:08.374 [info] > git show --textconv :page/survey/List.php [2ms]
2025-03-31 09:48:58.503 [info] > git check-ignore -v -z --stdin [8ms]
2025-03-31 09:49:32.840 [info] > git config --get commit.template [22ms]
2025-03-31 09:49:32.910 [info] > git for-each-ref --format=%(refname)%00%(upstream:short)%00%(objectname)%00%(upstream:track)%00%(upstream:remotename)%00%(upstream:remoteref) refs/heads/kas refs/remotes/kas [12ms]
2025-03-31 09:49:32.944 [info] > git status -z -uall [20ms]
2025-03-31 09:49:32.949 [info] > git for-each-ref --sort -committerdate --format %(refname) %(objectname) %(*objectname) [6ms]
2025-03-31 09:49:37.998 [info] > git config --get commit.template [18ms]
2025-03-31 09:49:38.002 [info] > git for-each-ref --format=%(refname)%00%(upstream:short)%00%(objectname)%00%(upstream:track)%00%(upstream:remotename)%00%(upstream:remoteref) refs/heads/kas refs/remotes/kas [4ms]
2025-03-31 09:49:38.025 [info] > git status -z -uall [16ms]
2025-03-31 09:49:38.042 [info] > git for-each-ref --sort -committerdate --format %(refname) %(objectname) %(*objectname) [23ms]
2025-03-31 09:49:58.486 [info] > git show --textconv :database.sql [22ms]
2025-03-31 09:49:58.488 [info] > git ls-files --stage -- database.sql [11ms]
2025-03-31 09:49:58.501 [info] > git cat-file -s 4d902e9239b4443e5fc2f31364c85e830909aa88 [7ms]
2025-03-31 09:49:59.842 [info] > git blame --root --incremental c65b315e469076788d88dd9dbb383e58fb6bef96 -- database.sql [658ms]
2025-03-31 09:50:02.961 [info] > git show --textconv :page/survey/List.php [21ms]
2025-03-31 09:50:02.967 [info] > git ls-files --stage -- page/survey/List.php [7ms]
2025-03-31 09:50:03.123 [info] > git cat-file -s d203c14c5c7aeff98eff1fd3729b4d3a35d57e85 [141ms]
2025-03-31 09:50:07.143 [info] > git fetch [516ms]
2025-03-31 09:50:07.180 [info] > git config --get commit.template [1ms]
2025-03-31 09:50:07.200 [info] > git for-each-ref --format=%(refname)%00%(upstream:short)%00%(objectname)%00%(upstream:track)%00%(upstream:remotename)%00%(upstream:remoteref) refs/heads/kas refs/remotes/kas [4ms]
2025-03-31 09:50:07.232 [info] > git status -z -uall [13ms]
2025-03-31 09:50:07.241 [info] > git for-each-ref --sort -committerdate --format %(refname) %(objectname) %(*objectname) [11ms]
2025-03-31 09:50:08.662 [info] > git show --textconv :database.sql [82ms]
2025-03-31 09:50:08.664 [info] > git ls-files --stage -- database.sql [47ms]
2025-03-31 09:50:08.679 [info] > git cat-file -s 4d902e9239b4443e5fc2f31364c85e830909aa88 [8ms]
2025-03-31 09:50:08.680 [info] > git config --get commit.template [22ms]
2025-03-31 09:50:08.689 [info] > git for-each-ref --format=%(refname)%00%(upstream:short)%00%(objectname)%00%(upstream:track)%00%(upstream:remotename)%00%(upstream:remoteref) refs/heads/kas refs/remotes/kas [3ms]
2025-03-31 09:50:08.723 [info] > git status -z -uall [25ms]
2025-03-31 09:50:08.747 [info] > git for-each-ref --sort -committerdate --format %(refname) %(objectname) %(*objectname) [29ms]
2025-03-31 09:50:09.030 [info] > git ls-files --stage -- database.sql [4ms]
2025-03-31 09:50:09.045 [info] > git cat-file -s 4d902e9239b4443e5fc2f31364c85e830909aa88 [4ms]
2025-03-31 09:52:50.915 [info] > git check-ignore -v -z --stdin [28ms]
2025-03-31 09:52:53.754 [info] > git show --textconv :api/survey/submit.php [37ms]
2025-03-31 09:52:53.755 [info] > git ls-files --stage -- api/survey/submit.php [2ms]
2025-03-31 09:52:53.778 [info] > git cat-file -s 20678be21425f9cb3a011aee8362f8dff6e83ae2 [19ms]
2025-03-31 09:52:54.944 [info] > git blame --root --incremental c65b315e469076788d88dd9dbb383e58fb6bef96 -- api/survey/submit.php [127ms]
2025-03-31 09:53:07.512 [info] > git fetch [232ms]
2025-03-31 09:53:07.549 [info] > git config --get commit.template [24ms]
2025-03-31 09:53:07.554 [info] > git for-each-ref --format=%(refname)%00%(upstream:short)%00%(objectname)%00%(upstream:track)%00%(upstream:remotename)%00%(upstream:remoteref) refs/heads/kas refs/remotes/kas [7ms]
2025-03-31 09:53:07.584 [info] > git for-each-ref --sort -committerdate --format %(refname) %(objectname) %(*objectname) [1ms]
2025-03-31 09:53:07.609 [info] > git status -z -uall [34ms]
2025-03-31 09:53:08.890 [info] > git config --get commit.template [4ms]
2025-03-31 09:53:08.893 [info] > git for-each-ref --format=%(refname)%00%(upstream:short)%00%(objectname)%00%(upstream:track)%00%(upstream:remotename)%00%(upstream:remoteref) refs/heads/kas refs/remotes/kas [4ms]
2025-03-31 09:53:08.906 [info] > git status -z -uall [8ms]
2025-03-31 09:53:08.912 [info] > git for-each-ref --sort -committerdate --format %(refname) %(objectname) %(*objectname) [7ms]
2025-03-31 09:53:09.230 [info] > git ls-files --stage -- api/survey/submit.php [2ms]
2025-03-31 09:53:09.235 [info] > git cat-file -s 20678be21425f9cb3a011aee8362f8dff6e83ae2 [2ms]
2025-03-31 09:53:09.514 [info] > git show --textconv :api/survey/submit.php [5ms]
2025-03-31 09:53:23.311 [info] > git show --textconv :api/survey/create.php [17ms]
2025-03-31 09:53:23.312 [info] > git ls-files --stage -- api/survey/create.php [6ms]
2025-03-31 09:53:23.318 [info] > git cat-file -s f0b3aab59b85782b37f3eab7e504721386176732 [4ms]
2025-03-31 09:53:28.881 [info] > git blame --root --incremental c65b315e469076788d88dd9dbb383e58fb6bef96 -- api/survey/create.php [69ms]
2025-03-31 09:53:47.162 [info] > git for-each-ref --format=%(refname)%00%(upstream:short)%00%(objectname)%00%(upstream:track)%00%(upstream:remotename)%00%(upstream:remoteref) refs/heads/kas refs/remotes/kas [1ms]
2025-03-31 09:53:47.164 [info] > git config --get commit.template [26ms]
2025-03-31 09:53:47.192 [info] > git status -z -uall [12ms]
2025-03-31 09:53:47.196 [info] > git for-each-ref --sort -committerdate --format %(refname) %(objectname) %(*objectname) [9ms]
2025-03-31 09:53:52.222 [info] > git config --get commit.template [8ms]
2025-03-31 09:53:52.223 [info] > git for-each-ref --format=%(refname)%00%(upstream:short)%00%(objectname)%00%(upstream:track)%00%(upstream:remotename)%00%(upstream:remoteref) refs/heads/kas refs/remotes/kas [3ms]
2025-03-31 09:53:52.250 [info] > git status -z -uall [17ms]
2025-03-31 09:53:52.255 [info] > git for-each-ref --sort -committerdate --format %(refname) %(objectname) %(*objectname) [8ms]
2025-03-31 09:53:57.292 [info] > git for-each-ref --format=%(refname)%00%(upstream:short)%00%(objectname)%00%(upstream:track)%00%(upstream:remotename)%00%(upstream:remoteref) refs/heads/kas refs/remotes/kas [1ms]
2025-03-31 09:53:57.293 [info] > git config --get commit.template [16ms]
2025-03-31 09:53:57.323 [info] > git status -z -uall [8ms]
2025-03-31 09:53:57.325 [info] > git for-each-ref --sort -committerdate --format %(refname) %(objectname) %(*objectname) [4ms]
2025-03-31 09:54:02.411 [info] > git config --get commit.template [35ms]
2025-03-31 09:54:02.411 [info] > git for-each-ref --format=%(refname)%00%(upstream:short)%00%(objectname)%00%(upstream:track)%00%(upstream:remotename)%00%(upstream:remoteref) refs/heads/kas refs/remotes/kas [4ms]
2025-03-31 09:54:02.476 [info] > git status -z -uall [44ms]
2025-03-31 09:54:02.476 [info] > git for-each-ref --sort -committerdate --format %(refname) %(objectname) %(*objectname) [37ms]
2025-03-31 09:54:21.476 [info] > git config --get commit.template [5ms]
2025-03-31 09:54:21.495 [info] > git for-each-ref --format=%(refname)%00%(upstream:short)%00%(objectname)%00%(upstream:track)%00%(upstream:remotename)%00%(upstream:remoteref) refs/heads/kas refs/remotes/kas [1ms]
2025-03-31 09:54:21.528 [info] > git status -z -uall [19ms]
2025-03-31 09:54:21.534 [info] > git for-each-ref --sort -committerdate --format %(refname) %(objectname) %(*objectname) [7ms]
2025-03-31 09:54:29.500 [info] > git show --textconv :page/survey/List.php [19ms]
2025-03-31 09:54:29.519 [info] > git ls-files --stage -- page/survey/List.php [20ms]
2025-03-31 09:54:29.555 [info] > git cat-file -s d203c14c5c7aeff98eff1fd3729b4d3a35d57e85 [11ms]
2025-03-31 09:55:42.061 [info] > git config --get commit.template [6ms]
2025-03-31 09:55:42.080 [info] > git for-each-ref --format=%(refname)%00%(upstream:short)%00%(objectname)%00%(upstream:track)%00%(upstream:remotename)%00%(upstream:remoteref) refs/heads/kas refs/remotes/kas [3ms]
2025-03-31 09:55:42.126 [info] > git for-each-ref --sort -committerdate --format %(refname) %(objectname) %(*objectname) [4ms]
2025-03-31 09:55:42.127 [info] > git status -z -uall [25ms]
2025-03-31 09:55:44.879 [info] > git show --textconv :api/survey/create.php [19ms]
2025-03-31 09:55:44.884 [info] > git ls-files --stage -- api/survey/create.php [6ms]
2025-03-31 09:55:44.900 [info] > git cat-file -s f0b3aab59b85782b37f3eab7e504721386176732 [1ms]
2025-03-31 09:55:47.167 [info] > git for-each-ref --format=%(refname)%00%(upstream:short)%00%(objectname)%00%(upstream:track)%00%(upstream:remotename)%00%(upstream:remoteref) refs/heads/kas refs/remotes/kas [1ms]
2025-03-31 09:55:47.168 [info] > git config --get commit.template [14ms]
2025-03-31 09:55:47.200 [info] > git status -z -uall [9ms]
2025-03-31 09:55:47.207 [info] > git for-each-ref --sort -committerdate --format %(refname) %(objectname) %(*objectname) [8ms]
2025-03-31 09:55:52.232 [info] > git config --get commit.template [6ms]
2025-03-31 09:55:52.232 [info] > git for-each-ref --format=%(refname)%00%(upstream:short)%00%(objectname)%00%(upstream:track)%00%(upstream:remotename)%00%(upstream:remoteref) refs/heads/kas refs/remotes/kas [3ms]
2025-03-31 09:55:52.245 [info] > git status -z -uall [6ms]
2025-03-31 09:55:52.248 [info] > git for-each-ref --sort -committerdate --format %(refname) %(objectname) %(*objectname) [3ms]
2025-03-31 09:56:07.786 [info] > git show --textconv :api/survey/submit.php [38ms]
2025-03-31 09:56:07.788 [info] > git ls-files --stage -- api/survey/submit.php [18ms]
2025-03-31 09:56:07.813 [info] > git cat-file -s 20678be21425f9cb3a011aee8362f8dff6e83ae2 [13ms]
2025-03-31 09:56:08.062 [info] > git fetch [347ms]
2025-03-31 09:56:08.114 [info] > git for-each-ref --format=%(refname)%00%(upstream:short)%00%(objectname)%00%(upstream:track)%00%(upstream:remotename)%00%(upstream:remoteref) refs/heads/kas refs/remotes/kas [7ms]
2025-03-31 09:56:08.115 [info] > git config --get commit.template [40ms]
2025-03-31 09:56:08.154 [info] > git status -z -uall [16ms]
2025-03-31 09:56:08.165 [info] > git for-each-ref --sort -committerdate --format %(refname) %(objectname) %(*objectname) [15ms]
2025-03-31 09:56:09.494 [info] > git for-each-ref --format=%(refname)%00%(upstream:short)%00%(objectname)%00%(upstream:track)%00%(upstream:remotename)%00%(upstream:remoteref) refs/heads/kas refs/remotes/kas [1ms]
2025-03-31 09:56:09.494 [info] > git config --get commit.template [21ms]
2025-03-31 09:56:09.511 [info] > git status -z -uall [8ms]
2025-03-31 09:56:09.512 [info] > git for-each-ref --sort -committerdate --format %(refname) %(objectname) %(*objectname) [2ms]
2025-03-31 09:56:09.810 [info] > git ls-files --stage -- api/survey/submit.php [9ms]
2025-03-31 09:56:09.847 [info] > git cat-file -s 20678be21425f9cb3a011aee8362f8dff6e83ae2 [0ms]
2025-03-31 09:56:10.108 [info] > git show --textconv :api/survey/submit.php [6ms]
2025-03-31 09:56:14.572 [info] > git for-each-ref --format=%(refname)%00%(upstream:short)%00%(objectname)%00%(upstream:track)%00%(upstream:remotename)%00%(upstream:remoteref) refs/heads/kas refs/remotes/kas [1ms]
2025-03-31 09:56:14.573 [info] > git config --get commit.template [25ms]
2025-03-31 09:56:14.588 [info] > git status -z -uall [10ms]
2025-03-31 09:56:14.593 [info] > git for-each-ref --sort -committerdate --format %(refname) %(objectname) %(*objectname) [6ms]
2025-03-31 09:56:24.291 [info] > git show --textconv :api/survey/create.php [5ms]
2025-03-31 09:56:24.294 [info] > git ls-files --stage -- api/survey/create.php [4ms]
2025-03-31 09:56:24.301 [info] > git cat-file -s f0b3aab59b85782b37f3eab7e504721386176732 [3ms]
2025-03-31 09:57:02.571 [info] > git show --textconv :api/survey/submit.php [17ms]
2025-03-31 09:57:02.577 [info] > git ls-files --stage -- api/survey/submit.php [7ms]
2025-03-31 09:57:02.589 [info] > git cat-file -s 20678be21425f9cb3a011aee8362f8dff6e83ae2 [2ms]
2025-03-31 09:57:04.192 [info] > git show --textconv :page/survey/List.php [7ms]
2025-03-31 09:57:04.193 [info] > git ls-files --stage -- page/survey/List.php [4ms]
2025-03-31 09:57:04.205 [info] > git cat-file -s d203c14c5c7aeff98eff1fd3729b4d3a35d57e85 [4ms]
2025-03-31 09:57:43.727 [info] > git config --get commit.template [6ms]
2025-03-31 09:57:43.752 [info] > git for-each-ref --format=%(refname)%00%(upstream:short)%00%(objectname)%00%(upstream:track)%00%(upstream:remotename)%00%(upstream:remoteref) refs/heads/kas refs/remotes/kas [6ms]
2025-03-31 09:57:43.772 [info] > git status -z -uall [12ms]
2025-03-31 09:57:43.777 [info] > git for-each-ref --sort -committerdate --format %(refname) %(objectname) %(*objectname) [7ms]
2025-03-31 09:58:04.547 [info] > git show --textconv :api/survey/create.php [15ms]
2025-03-31 09:58:04.548 [info] > git ls-files --stage -- api/survey/create.php [4ms]
2025-03-31 09:58:04.570 [info] > git cat-file -s f0b3aab59b85782b37f3eab7e504721386176732 [9ms]
2025-03-31 09:58:09.126 [info] > git show --textconv :api/survey/submit.php [7ms]
2025-03-31 09:58:09.128 [info] > git ls-files --stage -- api/survey/submit.php [3ms]
2025-03-31 09:58:09.135 [info] > git cat-file -s 20678be21425f9cb3a011aee8362f8dff6e83ae2 [1ms]
2025-03-31 09:58:10.445 [info] > git show --textconv :page/survey/List.php [5ms]
2025-03-31 09:58:10.451 [info] > git ls-files --stage -- page/survey/List.php [7ms]
2025-03-31 09:58:10.456 [info] > git cat-file -s d203c14c5c7aeff98eff1fd3729b4d3a35d57e85 [2ms]
2025-03-31 09:58:18.167 [info] > git for-each-ref --format=%(refname)%00%(upstream:short)%00%(objectname)%00%(upstream:track)%00%(upstream:remotename)%00%(upstream:remoteref) refs/heads/kas refs/remotes/kas [3ms]
2025-03-31 09:58:18.168 [info] > git config --get commit.template [9ms]
2025-03-31 09:58:18.205 [info] > git status -z -uall [15ms]
2025-03-31 09:58:18.206 [info] > git for-each-ref --sort -committerdate --format %(refname) %(objectname) %(*objectname) [4ms]
2025-03-31 09:58:23.247 [info] > git config --get commit.template [1ms]
2025-03-31 09:58:23.253 [info] > git for-each-ref --format=%(refname)%00%(upstream:short)%00%(objectname)%00%(upstream:track)%00%(upstream:remotename)%00%(upstream:remoteref) refs/heads/kas refs/remotes/kas [3ms]
2025-03-31 09:58:23.432 [info] > git status -z -uall [152ms]
2025-03-31 09:58:23.432 [info] > git for-each-ref --sort -committerdate --format %(refname) %(objectname) %(*objectname) [132ms]
2025-03-31 09:59:08.508 [info] > git fetch [322ms]
2025-03-31 09:59:08.571 [info] > git config --get commit.template [9ms]
2025-03-31 09:59:08.576 [info] > git for-each-ref --format=%(refname)%00%(upstream:short)%00%(objectname)%00%(upstream:track)%00%(upstream:remotename)%00%(upstream:remoteref) refs/heads/kas refs/remotes/kas [7ms]
2025-03-31 09:59:08.613 [info] > git status -z -uall [19ms]
2025-03-31 09:59:08.620 [info] > git for-each-ref --sort -committerdate --format %(refname) %(objectname) %(*objectname) [13ms]
2025-03-31 09:59:09.873 [info] > git config --get commit.template [12ms]
2025-03-31 09:59:09.874 [info] > git for-each-ref --format=%(refname)%00%(upstream:short)%00%(objectname)%00%(upstream:track)%00%(upstream:remotename)%00%(upstream:remoteref) refs/heads/kas refs/remotes/kas [2ms]
2025-03-31 09:59:09.885 [info] > git status -z -uall [6ms]
2025-03-31 09:59:09.888 [info] > git for-each-ref --sort -committerdate --format %(refname) %(objectname) %(*objectname) [5ms]
2025-03-31 09:59:10.308 [info] > git ls-files --stage -- page/survey/List.php [3ms]
2025-03-31 09:59:10.350 [info] > git cat-file -s d203c14c5c7aeff98eff1fd3729b4d3a35d57e85 [8ms]
2025-03-31 09:59:10.600 [info] > git show --textconv :page/survey/List.php [4ms]
2025-03-31 09:59:25.036 [info] > git config --get commit.template [41ms]
2025-03-31 09:59:25.045 [info] > git for-each-ref --format=%(refname)%00%(upstream:short)%00%(objectname)%00%(upstream:track)%00%(upstream:remotename)%00%(upstream:remoteref) refs/heads/kas refs/remotes/kas [9ms]
2025-03-31 09:59:25.105 [info] > git status -z -uall [44ms]
2025-03-31 09:59:25.106 [info] > git for-each-ref --sort -committerdate --format %(refname) %(objectname) %(*objectname) [3ms]
2025-03-31 09:59:37.755 [info] > git config --get commit.template [1ms]
2025-03-31 09:59:37.767 [info] > git for-each-ref --format=%(refname)%00%(upstream:short)%00%(objectname)%00%(upstream:track)%00%(upstream:remotename)%00%(upstream:remoteref) refs/heads/kas refs/remotes/kas [4ms]
2025-03-31 09:59:37.799 [info] > git status -z -uall [23ms]
2025-03-31 09:59:37.800 [info] > git for-each-ref --sort -committerdate --format %(refname) %(objectname) %(*objectname) [2ms]
2025-03-31 09:59:50.831 [info] > git config --get commit.template [11ms]
2025-03-31 09:59:50.872 [info] > git for-each-ref --format=%(refname)%00%(upstream:short)%00%(objectname)%00%(upstream:track)%00%(upstream:remotename)%00%(upstream:remoteref) refs/heads/kas refs/remotes/kas [24ms]
2025-03-31 09:59:50.897 [info] > git status -z -uall [15ms]
2025-03-31 09:59:50.901 [info] > git for-each-ref --sort -committerdate --format %(refname) %(objectname) %(*objectname) [5ms]
2025-03-31 09:59:55.949 [info] > git config --get commit.template [29ms]
2025-03-31 09:59:55.959 [info] > git for-each-ref --format=%(refname)%00%(upstream:short)%00%(objectname)%00%(upstream:track)%00%(upstream:remotename)%00%(upstream:remoteref) refs/heads/kas refs/remotes/kas [11ms]
2025-03-31 09:59:55.981 [info] > git status -z -uall [17ms]
2025-03-31 09:59:55.985 [info] > git for-each-ref --sort -committerdate --format %(refname) %(objectname) %(*objectname) [9ms]
2025-03-31 10:00:03.378 [info] > git config --get commit.template [2ms]
2025-03-31 10:00:03.397 [info] > git for-each-ref --format=%(refname)%00%(upstream:short)%00%(objectname)%00%(upstream:track)%00%(upstream:remotename)%00%(upstream:remoteref) refs/heads/kas refs/remotes/kas [2ms]
2025-03-31 10:00:03.418 [info] > git status -z -uall [10ms]
2025-03-31 10:00:03.419 [info] > git for-each-ref --sort -committerdate --format %(refname) %(objectname) %(*objectname) [6ms]
2025-03-31 10:02:09.111 [info] > git fetch [459ms]
2025-03-31 10:02:09.162 [info] > git config --get commit.template [39ms]
2025-03-31 10:02:09.163 [info] > git for-each-ref --format=%(refname)%00%(upstream:short)%00%(objectname)%00%(upstream:track)%00%(upstream:remotename)%00%(upstream:remoteref) refs/heads/kas refs/remotes/kas [16ms]
2025-03-31 10:02:09.259 [info] > git status -z -uall [24ms]
2025-03-31 10:02:09.262 [info] > git for-each-ref --sort -committerdate --format %(refname) %(objectname) %(*objectname) [11ms]
2025-03-31 10:02:10.552 [info] > git config --get commit.template [16ms]
2025-03-31 10:02:10.558 [info] > git for-each-ref --format=%(refname)%00%(upstream:short)%00%(objectname)%00%(upstream:track)%00%(upstream:remotename)%00%(upstream:remoteref) refs/heads/kas refs/remotes/kas [7ms]
2025-03-31 10:02:10.669 [info] > git status -z -uall [50ms]
2025-03-31 10:02:10.671 [info] > git for-each-ref --sort -committerdate --format %(refname) %(objectname) %(*objectname) [10ms]
2025-03-31 10:02:10.956 [info] > git ls-files --stage -- page/survey/List.php [8ms]
2025-03-31 10:02:10.971 [info] > git cat-file -s d203c14c5c7aeff98eff1fd3729b4d3a35d57e85 [4ms]
2025-03-31 10:02:11.243 [info] > git show --textconv :page/survey/List.php [4ms]
2025-03-31 10:02:30.954 [info] > git config --get commit.template [3ms]
2025-03-31 10:02:30.980 [info] > git for-each-ref --format=%(refname)%00%(upstream:short)%00%(objectname)%00%(upstream:track)%00%(upstream:remotename)%00%(upstream:remoteref) refs/heads/kas refs/remotes/kas [9ms]
2025-03-31 10:02:31.036 [info] > git status -z -uall [23ms]
2025-03-31 10:02:31.042 [info] > git for-each-ref --sort -committerdate --format %(refname) %(objectname) %(*objectname) [8ms]
2025-03-31 10:02:41.979 [info] > git for-each-ref --format=%(refname)%00%(upstream:short)%00%(objectname)%00%(upstream:track)%00%(upstream:remotename)%00%(upstream:remoteref) refs/heads/kas refs/remotes/kas [4ms]
2025-03-31 10:02:41.979 [info] > git config --get commit.template [8ms]
2025-03-31 10:02:42.013 [info] > git status -z -uall [21ms]
2025-03-31 10:02:42.020 [info] > git for-each-ref --sort -committerdate --format %(refname) %(objectname) %(*objectname) [8ms]
2025-03-31 10:02:59.252 [info] > git config --get commit.template [19ms]
2025-03-31 10:02:59.257 [info] > git for-each-ref --format=%(refname)%00%(upstream:short)%00%(objectname)%00%(upstream:track)%00%(upstream:remotename)%00%(upstream:remoteref) refs/heads/kas refs/remotes/kas [8ms]
2025-03-31 10:02:59.295 [info] > git status -z -uall [13ms]
2025-03-31 10:02:59.300 [info] > git for-each-ref --sort -committerdate --format %(refname) %(objectname) %(*objectname) [7ms]
2025-03-31 10:04:34.123 [info] > git config --get commit.template [1ms]
2025-03-31 10:04:34.134 [info] > git for-each-ref --format=%(refname)%00%(upstream:short)%00%(objectname)%00%(upstream:track)%00%(upstream:remotename)%00%(upstream:remoteref) refs/heads/kas refs/remotes/kas [5ms]
2025-03-31 10:04:34.167 [info] > git status -z -uall [24ms]
2025-03-31 10:04:34.169 [info] > git for-each-ref --sort -committerdate --format %(refname) %(objectname) %(*objectname) [3ms]
2025-03-31 10:04:39.660 [info] > git config --get commit.template [14ms]
2025-03-31 10:04:39.668 [info] > git for-each-ref --format=%(refname)%00%(upstream:short)%00%(objectname)%00%(upstream:track)%00%(upstream:remotename)%00%(upstream:remoteref) refs/heads/kas refs/remotes/kas [10ms]
2025-03-31 10:04:39.693 [info] > git status -z -uall [19ms]
2025-03-31 10:04:39.693 [info] > git for-each-ref --sort -committerdate --format %(refname) %(objectname) %(*objectname) [1ms]
2025-03-31 10:05:10.551 [info] > git fetch [1240ms]
2025-03-31 10:05:10.571 [info] > git config --get commit.template [9ms]
2025-03-31 10:05:10.573 [info] > git for-each-ref --format=%(refname)%00%(upstream:short)%00%(objectname)%00%(upstream:track)%00%(upstream:remotename)%00%(upstream:remoteref) refs/heads/kas refs/remotes/kas [3ms]
2025-03-31 10:05:10.594 [info] > git status -z -uall [15ms]
2025-03-31 10:05:10.594 [info] > git for-each-ref --sort -committerdate --format %(refname) %(objectname) %(*objectname) [4ms]
2025-03-31 10:05:11.072 [info] > git ls-files --stage -- page/survey/List.php [0ms]
2025-03-31 10:05:11.083 [info] > git cat-file -s d203c14c5c7aeff98eff1fd3729b4d3a35d57e85 [1ms]
2025-03-31 10:05:11.374 [info] > git show --textconv :page/survey/List.php [4ms]
2025-03-31 10:05:11.835 [info] > git config --get commit.template [17ms]
2025-03-31 10:05:11.842 [info] > git for-each-ref --format=%(refname)%00%(upstream:short)%00%(objectname)%00%(upstream:track)%00%(upstream:remotename)%00%(upstream:remoteref) refs/heads/kas refs/remotes/kas [19ms]
2025-03-31 10:05:11.874 [info] > git for-each-ref --sort -committerdate --format %(refname) %(objectname) %(*objectname) [9ms]
2025-03-31 10:05:11.884 [info] > git status -z -uall [24ms]
2025-03-31 10:05:12.227 [info] > git ls-files --stage -- page/survey/List.php [4ms]
2025-03-31 10:05:12.240 [info] > git cat-file -s d203c14c5c7aeff98eff1fd3729b4d3a35d57e85 [4ms]
2025-03-31 10:05:12.566 [info] > git show --textconv :page/survey/List.php [10ms]
2025-03-31 10:07:03.232 [info] > git config --get commit.template [24ms]
2025-03-31 10:07:03.251 [info] > git for-each-ref --format=%(refname)%00%(upstream:short)%00%(objectname)%00%(upstream:track)%00%(upstream:remotename)%00%(upstream:remoteref) refs/heads/kas refs/remotes/kas [27ms]
2025-03-31 10:07:03.349 [info] > git status -z -uall [45ms]
2025-03-31 10:07:03.349 [info] > git for-each-ref --sort -committerdate --format %(refname) %(objectname) %(*objectname) [4ms]
2025-03-31 10:07:11.076 [info] > git config --get commit.template [64ms]
2025-03-31 10:07:11.084 [info] > git for-each-ref --format=%(refname)%00%(upstream:short)%00%(objectname)%00%(upstream:track)%00%(upstream:remotename)%00%(upstream:remoteref) refs/heads/kas refs/remotes/kas [10ms]
2025-03-31 10:07:11.186 [info] > git status -z -uall [57ms]
2025-03-31 10:07:11.189 [info] > git for-each-ref --sort -committerdate --format %(refname) %(objectname) %(*objectname) [4ms]
2025-03-31 10:07:16.213 [info] > git config --get commit.template [4ms]
2025-03-31 10:07:16.216 [info] > git for-each-ref --format=%(refname)%00%(upstream:short)%00%(objectname)%00%(upstream:track)%00%(upstream:remotename)%00%(upstream:remoteref) refs/heads/kas refs/remotes/kas [4ms]
2025-03-31 10:07:16.236 [info] > git status -z -uall [15ms]
2025-03-31 10:07:16.241 [info] > git for-each-ref --sort -committerdate --format %(refname) %(objectname) %(*objectname) [6ms]
2025-03-31 10:08:07.016 [info] > git config --get commit.template [33ms]
2025-03-31 10:08:07.022 [info] > git for-each-ref --format=%(refname)%00%(upstream:short)%00%(objectname)%00%(upstream:track)%00%(upstream:remotename)%00%(upstream:remoteref) refs/heads/kas refs/remotes/kas [27ms]
2025-03-31 10:08:07.099 [info] > git status -z -uall [20ms]
2025-03-31 10:08:07.186 [info] > git for-each-ref --sort -committerdate --format %(refname) %(objectname) %(*objectname) [82ms]
2025-03-31 10:08:10.990 [info] > git fetch [384ms]
2025-03-31 10:08:11.197 [info] > git config --get commit.template [76ms]
2025-03-31 10:08:11.200 [info] > git for-each-ref --format=%(refname)%00%(upstream:short)%00%(objectname)%00%(upstream:track)%00%(upstream:remotename)%00%(upstream:remoteref) refs/heads/kas refs/remotes/kas [5ms]
2025-03-31 10:08:11.421 [info] > git for-each-ref --sort -committerdate --format %(refname) %(objectname) %(*objectname) [5ms]
2025-03-31 10:08:11.499 [info] > git status -z -uall [101ms]
2025-03-31 10:08:12.789 [info] > git ls-files --stage -- page/survey/List.php [4ms]
2025-03-31 10:08:12.796 [info] > git cat-file -s d203c14c5c7aeff98eff1fd3729b4d3a35d57e85 [3ms]
2025-03-31 10:08:13.109 [info] > git show --textconv :page/survey/List.php [18ms]
2025-03-31 10:08:18.956 [info] > git config --get commit.template [26ms]
2025-03-31 10:08:18.965 [info] > git for-each-ref --format=%(refname)%00%(upstream:short)%00%(objectname)%00%(upstream:track)%00%(upstream:remotename)%00%(upstream:remoteref) refs/heads/kas refs/remotes/kas [18ms]
2025-03-31 10:08:19.000 [info] > git status -z -uall [17ms]
2025-03-31 10:08:19.006 [info] > git for-each-ref --sort -committerdate --format %(refname) %(objectname) %(*objectname) [7ms]
2025-03-31 10:08:45.690 [info] > git config --get commit.template [8ms]
2025-03-31 10:08:45.691 [info] > git for-each-ref --format=%(refname)%00%(upstream:short)%00%(objectname)%00%(upstream:track)%00%(upstream:remotename)%00%(upstream:remoteref) refs/heads/kas refs/remotes/kas [2ms]
2025-03-31 10:08:45.717 [info] > git status -z -uall [9ms]
2025-03-31 10:08:45.718 [info] > git for-each-ref --sort -committerdate --format %(refname) %(objectname) %(*objectname) [3ms]
2025-03-31 10:08:55.087 [info] > git config --get commit.template [9ms]
2025-03-31 10:08:55.087 [info] > git for-each-ref --format=%(refname)%00%(upstream:short)%00%(objectname)%00%(upstream:track)%00%(upstream:remotename)%00%(upstream:remoteref) refs/heads/kas refs/remotes/kas [2ms]
2025-03-31 10:08:55.121 [info] > git status -z -uall [8ms]
2025-03-31 10:08:55.121 [info] > git for-each-ref --sort -committerdate --format %(refname) %(objectname) %(*objectname) [2ms]
2025-03-31 10:09:06.076 [info] > git for-each-ref --format=%(refname)%00%(upstream:short)%00%(objectname)%00%(upstream:track)%00%(upstream:remotename)%00%(upstream:remoteref) refs/heads/kas refs/remotes/kas [1ms]
2025-03-31 10:09:06.076 [info] > git config --get commit.template [16ms]
2025-03-31 10:09:06.100 [info] > git status -z -uall [18ms]
2025-03-31 10:09:06.101 [info] > git for-each-ref --sort -committerdate --format %(refname) %(objectname) %(*objectname) [7ms]
2025-03-31 10:09:11.194 [info] > git config --get commit.template [15ms]
2025-03-31 10:09:11.208 [info] > git for-each-ref --format=%(refname)%00%(upstream:short)%00%(objectname)%00%(upstream:track)%00%(upstream:remotename)%00%(upstream:remoteref) refs/heads/kas refs/remotes/kas [15ms]
2025-03-31 10:09:11.302 [info] > git check-ignore -v -z --stdin [4ms]
2025-03-31 10:09:11.306 [info] > git status -z -uall [87ms]
2025-03-31 10:09:11.308 [info] > git for-each-ref --sort -committerdate --format %(refname) %(objectname) %(*objectname) [68ms]
2025-03-31 10:09:31.979 [info] > git config --get commit.template [17ms]
2025-03-31 10:09:31.983 [info] > git for-each-ref --format=%(refname)%00%(upstream:short)%00%(objectname)%00%(upstream:track)%00%(upstream:remotename)%00%(upstream:remoteref) refs/heads/kas refs/remotes/kas [3ms]
2025-03-31 10:09:31.996 [info] > git status -z -uall [8ms]
2025-03-31 10:09:32.001 [info] > git for-each-ref --sort -committerdate --format %(refname) %(objectname) %(*objectname) [5ms]
2025-03-31 10:09:45.866 [info] > git config --get commit.template [11ms]
2025-03-31 10:09:45.875 [info] > git for-each-ref --format=%(refname)%00%(upstream:short)%00%(objectname)%00%(upstream:track)%00%(upstream:remotename)%00%(upstream:remoteref) refs/heads/kas refs/remotes/kas [4ms]
2025-03-31 10:09:45.902 [info] > git status -z -uall [16ms]
2025-03-31 10:09:45.906 [info] > git for-each-ref --sort -committerdate --format %(refname) %(objectname) %(*objectname) [5ms]
2025-03-31 10:10:04.117 [info] > git config --get commit.template [34ms]
2025-03-31 10:10:04.127 [info] > git for-each-ref --format=%(refname)%00%(upstream:short)%00%(objectname)%00%(upstream:track)%00%(upstream:remotename)%00%(upstream:remoteref) refs/heads/kas refs/remotes/kas [11ms]
2025-03-31 10:10:04.278 [info] > git status -z -uall [88ms]
2025-03-31 10:10:04.282 [info] > git for-each-ref --sort -committerdate --format %(refname) %(objectname) %(*objectname) [5ms]
2025-03-31 10:10:27.839 [info] > git config --get commit.template [14ms]
2025-03-31 10:10:27.842 [info] > git for-each-ref --format=%(refname)%00%(upstream:short)%00%(objectname)%00%(upstream:track)%00%(upstream:remotename)%00%(upstream:remoteref) refs/heads/kas refs/remotes/kas [4ms]
2025-03-31 10:10:27.863 [info] > git status -z -uall [13ms]
2025-03-31 10:10:27.867 [info] > git for-each-ref --sort -committerdate --format %(refname) %(objectname) %(*objectname) [5ms]
2025-03-31 10:11:12.707 [info] > git fetch [689ms]
2025-03-31 10:11:12.812 [info] > git config --get commit.template [20ms]
2025-03-31 10:11:12.907 [info] > git for-each-ref --format=%(refname)%00%(upstream:short)%00%(objectname)%00%(upstream:track)%00%(upstream:remotename)%00%(upstream:remoteref) refs/heads/kas refs/remotes/kas [75ms]
2025-03-31 10:11:12.960 [info] > git status -z -uall [32ms]
2025-03-31 10:11:12.960 [info] > git for-each-ref --sort -committerdate --format %(refname) %(objectname) %(*objectname) [12ms]
2025-03-31 10:11:14.534 [info] > git ls-files --stage -- page/survey/List.php [12ms]
2025-03-31 10:11:14.556 [info] > git cat-file -s d203c14c5c7aeff98eff1fd3729b4d3a35d57e85 [6ms]
2025-03-31 10:11:14.835 [info] > git show --textconv :page/survey/List.php [3ms]
2025-03-31 10:12:32.250 [info] > git config --get commit.template [19ms]
2025-03-31 10:12:32.284 [info] > git for-each-ref --format=%(refname)%00%(upstream:short)%00%(objectname)%00%(upstream:track)%00%(upstream:remotename)%00%(upstream:remoteref) refs/heads/kas refs/remotes/kas [2ms]
2025-03-31 10:12:32.332 [info] > git status -z -uall [24ms]
2025-03-31 10:12:32.334 [info] > git for-each-ref --sort -committerdate --format %(refname) %(objectname) %(*objectname) [2ms]
2025-03-31 10:13:56.334 [info] > git config --get commit.template [33ms]
2025-03-31 10:13:56.345 [info] > git for-each-ref --format=%(refname)%00%(upstream:short)%00%(objectname)%00%(upstream:track)%00%(upstream:remotename)%00%(upstream:remoteref) refs/heads/kas refs/remotes/kas [14ms]
2025-03-31 10:13:56.434 [info] > git status -z -uall [74ms]
2025-03-31 10:13:56.435 [info] > git for-each-ref --sort -committerdate --format %(refname) %(objectname) %(*objectname) [3ms]
2025-03-31 10:14:10.337 [info] > git config --get commit.template [8ms]
2025-03-31 10:14:10.398 [info] > git for-each-ref --format=%(refname)%00%(upstream:short)%00%(objectname)%00%(upstream:track)%00%(upstream:remotename)%00%(upstream:remoteref) refs/heads/kas refs/remotes/kas [6ms]
2025-03-31 10:14:10.460 [info] > git status -z -uall [40ms]
2025-03-31 10:14:10.465 [info] > git for-each-ref --sort -committerdate --format %(refname) %(objectname) %(*objectname) [6ms]
2025-03-31 10:14:13.323 [info] > git fetch [316ms]
2025-03-31 10:14:13.495 [info] > git config --get commit.template [129ms]
2025-03-31 10:14:13.501 [info] > git for-each-ref --format=%(refname)%00%(upstream:short)%00%(objectname)%00%(upstream:track)%00%(upstream:remotename)%00%(upstream:remoteref) refs/heads/kas refs/remotes/kas [7ms]
2025-03-31 10:14:13.550 [info] > git status -z -uall [34ms]
2025-03-31 10:14:13.560 [info] > git for-each-ref --sort -committerdate --format %(refname) %(objectname) %(*objectname) [8ms]
2025-03-31 10:14:15.074 [info] > git ls-files --stage -- page/survey/List.php [3ms]
2025-03-31 10:14:15.110 [info] > git cat-file -s d203c14c5c7aeff98eff1fd3729b4d3a35d57e85 [6ms]
2025-03-31 10:14:15.528 [info] > git show --textconv :page/survey/List.php [33ms]
2025-03-31 10:14:15.562 [info] > git for-each-ref --format=%(refname)%00%(upstream:short)%00%(objectname)%00%(upstream:track)%00%(upstream:remotename)%00%(upstream:remoteref) refs/heads/kas refs/remotes/kas [1ms]
2025-03-31 10:14:15.563 [info] > git config --get commit.template [35ms]
2025-03-31 10:14:15.612 [info] > git status -z -uall [36ms]
2025-03-31 10:14:15.617 [info] > git for-each-ref --sort -committerdate --format %(refname) %(objectname) %(*objectname) [5ms]
2025-03-31 10:14:34.700 [info] > git config --get commit.template [21ms]
2025-03-31 10:14:34.701 [info] > git for-each-ref --format=%(refname)%00%(upstream:short)%00%(objectname)%00%(upstream:track)%00%(upstream:remotename)%00%(upstream:remoteref) refs/heads/kas refs/remotes/kas [3ms]
2025-03-31 10:14:34.737 [info] > git status -z -uall [17ms]
2025-03-31 10:14:34.738 [info] > git for-each-ref --sort -committerdate --format %(refname) %(objectname) %(*objectname) [4ms]
2025-03-31 10:14:42.873 [info] > git config --get commit.template [25ms]
2025-03-31 10:14:42.887 [info] > git for-each-ref --format=%(refname)%00%(upstream:short)%00%(objectname)%00%(upstream:track)%00%(upstream:remotename)%00%(upstream:remoteref) refs/heads/kas refs/remotes/kas [14ms]
2025-03-31 10:14:42.951 [info] > git status -z -uall [23ms]
2025-03-31 10:14:42.951 [info] > git for-each-ref --sort -committerdate --format %(refname) %(objectname) %(*objectname) [7ms]
2025-03-31 10:14:49.763 [info] > git show --textconv :api/survey/submit.php [14ms]
2025-03-31 10:14:49.770 [info] > git ls-files --stage -- api/survey/submit.php [9ms]
2025-03-31 10:14:49.833 [info] > git cat-file -s 20678be21425f9cb3a011aee8362f8dff6e83ae2 [4ms]
2025-03-31 10:16:37.840 [info] > git config --get commit.template [18ms]
2025-03-31 10:16:37.842 [info] > git for-each-ref --format=%(refname)%00%(upstream:short)%00%(objectname)%00%(upstream:track)%00%(upstream:remotename)%00%(upstream:remoteref) refs/heads/kas refs/remotes/kas [4ms]
2025-03-31 10:16:37.891 [info] > git status -z -uall [34ms]
2025-03-31 10:16:37.898 [info] > git for-each-ref --sort -committerdate --format %(refname) %(objectname) %(*objectname) [16ms]
2025-03-31 10:16:52.201 [info] > git show --textconv :page/survey/List.php [13ms]
2025-03-31 10:16:52.209 [info] > git ls-files --stage -- page/survey/List.php [8ms]
2025-03-31 10:16:52.298 [info] > git cat-file -s d203c14c5c7aeff98eff1fd3729b4d3a35d57e85 [6ms]
2025-03-31 10:16:57.242 [info] > git show --textconv :api/survey/submit.php [26ms]
2025-03-31 10:16:57.246 [info] > git ls-files --stage -- api/survey/submit.php [11ms]
2025-03-31 10:16:57.261 [info] > git cat-file -s 20678be21425f9cb3a011aee8362f8dff6e83ae2 [5ms]
2025-03-31 10:17:13.874 [info] > git fetch [279ms]
2025-03-31 10:17:13.926 [info] > git config --get commit.template [35ms]
2025-03-31 10:17:13.929 [info] > git for-each-ref --format=%(refname)%00%(upstream:short)%00%(objectname)%00%(upstream:track)%00%(upstream:remotename)%00%(upstream:remoteref) refs/heads/kas refs/remotes/kas [6ms]
2025-03-31 10:17:13.983 [info] > git status -z -uall [28ms]
2025-03-31 10:17:14.063 [info] > git for-each-ref --sort -committerdate --format %(refname) %(objectname) %(*objectname) [80ms]
2025-03-31 10:17:15.300 [info] > git config --get commit.template [26ms]
2025-03-31 10:17:15.300 [info] > git for-each-ref --format=%(refname)%00%(upstream:short)%00%(objectname)%00%(upstream:track)%00%(upstream:remotename)%00%(upstream:remoteref) refs/heads/kas refs/remotes/kas [7ms]
2025-03-31 10:17:15.349 [info] > git status -z -uall [24ms]
2025-03-31 10:17:15.360 [info] > git for-each-ref --sort -committerdate --format %(refname) %(objectname) %(*objectname) [11ms]
2025-03-31 10:17:15.634 [info] > git ls-files --stage -- api/survey/submit.php [12ms]
2025-03-31 10:17:15.683 [info] > git cat-file -s 20678be21425f9cb3a011aee8362f8dff6e83ae2 [1ms]
2025-03-31 10:17:15.944 [info] > git show --textconv :api/survey/submit.php [4ms]
2025-03-31 10:19:57.351 [info] > git config --get commit.template [71ms]
2025-03-31 10:19:57.370 [info] > git for-each-ref --format=%(refname)%00%(upstream:short)%00%(objectname)%00%(upstream:track)%00%(upstream:remotename)%00%(upstream:remoteref) refs/heads/kas refs/remotes/kas [3ms]
2025-03-31 10:19:57.433 [info] > git status -z -uall [30ms]
2025-03-31 10:19:57.434 [info] > git for-each-ref --sort -committerdate --format %(refname) %(objectname) %(*objectname) [12ms]
2025-03-31 10:20:15.242 [info] > git fetch [800ms]
2025-03-31 10:20:15.275 [info] > git config --get commit.template [15ms]
2025-03-31 10:20:15.282 [info] > git for-each-ref --format=%(refname)%00%(upstream:short)%00%(objectname)%00%(upstream:track)%00%(upstream:remotename)%00%(upstream:remoteref) refs/heads/kas refs/remotes/kas [7ms]
2025-03-31 10:20:15.341 [info] > git status -z -uall [40ms]
2025-03-31 10:20:15.342 [info] > git for-each-ref --sort -committerdate --format %(refname) %(objectname) %(*objectname) [6ms]
2025-03-31 10:20:16.820 [info] > git config --get commit.template [48ms]
2025-03-31 10:20:16.823 [info] > git for-each-ref --format=%(refname)%00%(upstream:short)%00%(objectname)%00%(upstream:track)%00%(upstream:remotename)%00%(upstream:remoteref) refs/heads/kas refs/remotes/kas [7ms]
2025-03-31 10:20:16.876 [info] > git status -z -uall [26ms]
2025-03-31 10:20:16.889 [info] > git for-each-ref --sort -committerdate --format %(refname) %(objectname) %(*objectname) [14ms]
2025-03-31 10:20:17.131 [info] > git ls-files --stage -- api/survey/submit.php [4ms]
2025-03-31 10:20:17.176 [info] > git cat-file -s 20678be21425f9cb3a011aee8362f8dff6e83ae2 [12ms]
2025-03-31 10:20:17.556 [info] > git show --textconv :api/survey/submit.php [15ms]
2025-03-31 10:20:22.000 [info] > git for-each-ref --format=%(refname)%00%(upstream:short)%00%(objectname)%00%(upstream:track)%00%(upstream:remotename)%00%(upstream:remoteref) refs/heads/kas refs/remotes/kas [17ms]
2025-03-31 10:20:22.000 [info] > git config --get commit.template [80ms]
2025-03-31 10:20:22.100 [info] > git status -z -uall [27ms]
2025-03-31 10:20:22.110 [info] > git for-each-ref --sort -committerdate --format %(refname) %(objectname) %(*objectname) [11ms]
2025-03-31 10:20:31.756 [info] > git config --get commit.template [133ms]
2025-03-31 10:20:31.762 [info] > git for-each-ref --format=%(refname)%00%(upstream:short)%00%(objectname)%00%(upstream:track)%00%(upstream:remotename)%00%(upstream:remoteref) refs/heads/kas refs/remotes/kas [59ms]
2025-03-31 10:20:31.871 [info] > git status -z -uall [61ms]
2025-03-31 10:20:31.872 [info] > git for-each-ref --sort -committerdate --format %(refname) %(objectname) %(*objectname) [9ms]
2025-03-31 10:20:37.043 [info] > git config --get commit.template [50ms]
2025-03-31 10:20:37.048 [info] > git for-each-ref --format=%(refname)%00%(upstream:short)%00%(objectname)%00%(upstream:track)%00%(upstream:remotename)%00%(upstream:remoteref) refs/heads/kas refs/remotes/kas [5ms]
2025-03-31 10:20:37.112 [info] > git status -z -uall [43ms]
2025-03-31 10:20:37.116 [info] > git for-each-ref --sort -committerdate --format %(refname) %(objectname) %(*objectname) [10ms]
2025-03-31 10:20:47.302 [info] > git config --get commit.template [27ms]
2025-03-31 10:20:47.304 [info] > git for-each-ref --format=%(refname)%00%(upstream:short)%00%(objectname)%00%(upstream:track)%00%(upstream:remotename)%00%(upstream:remoteref) refs/heads/kas refs/remotes/kas [3ms]
2025-03-31 10:20:47.387 [info] > git status -z -uall [35ms]
2025-03-31 10:20:47.393 [info] > git for-each-ref --sort -committerdate --format %(refname) %(objectname) %(*objectname) [15ms]
2025-03-31 10:21:02.411 [info] > git for-each-ref --format=%(refname)%00%(upstream:short)%00%(objectname)%00%(upstream:track)%00%(upstream:remotename)%00%(upstream:remoteref) refs/heads/kas refs/remotes/kas [3ms]
2025-03-31 10:21:02.412 [info] > git config --get commit.template [29ms]
2025-03-31 10:21:02.570 [info] > git status -z -uall [82ms]
2025-03-31 10:21:02.589 [info] > git for-each-ref --sort -committerdate --format %(refname) %(objectname) %(*objectname) [21ms]
2025-03-31 10:21:21.449 [info] > git for-each-ref --format=%(refname)%00%(upstream:short)%00%(objectname)%00%(upstream:track)%00%(upstream:remotename)%00%(upstream:remoteref) refs/heads/kas refs/remotes/kas [1ms]
2025-03-31 10:21:21.449 [info] > git config --get commit.template [48ms]
2025-03-31 10:21:21.509 [info] > git status -z -uall [35ms]
2025-03-31 10:21:21.510 [info] > git for-each-ref --sort -committerdate --format %(refname) %(objectname) %(*objectname) [2ms]
2025-03-31 10:21:30.070 [info] > git config --get commit.template [6ms]
2025-03-31 10:21:30.105 [info] > git for-each-ref --format=%(refname)%00%(upstream:short)%00%(objectname)%00%(upstream:track)%00%(upstream:remotename)%00%(upstream:remoteref) refs/heads/kas refs/remotes/kas [5ms]
2025-03-31 10:21:30.143 [info] > git status -z -uall [20ms]
2025-03-31 10:21:30.149 [info] > git for-each-ref --sort -committerdate --format %(refname) %(objectname) %(*objectname) [6ms]
2025-03-31 10:23:52.409 [info] > git fetch [422ms]
2025-03-31 10:23:52.451 [info] > git config --get commit.template [17ms]
2025-03-31 10:23:52.455 [info] > git for-each-ref --format=%(refname)%00%(upstream:short)%00%(objectname)%00%(upstream:track)%00%(upstream:remotename)%00%(upstream:remoteref) refs/heads/kas refs/remotes/kas [5ms]
2025-03-31 10:23:52.492 [info] > git status -z -uall [14ms]
2025-03-31 10:23:52.494 [info] > git for-each-ref --sort -committerdate --format %(refname) %(objectname) %(*objectname) [4ms]
2025-03-31 10:23:53.975 [info] > git config --get commit.template [19ms]
2025-03-31 10:23:53.980 [info] > git for-each-ref --format=%(refname)%00%(upstream:short)%00%(objectname)%00%(upstream:track)%00%(upstream:remotename)%00%(upstream:remoteref) refs/heads/kas refs/remotes/kas [5ms]
2025-03-31 10:23:54.030 [info] > git status -z -uall [33ms]
2025-03-31 10:23:54.038 [info] > git for-each-ref --sort -committerdate --format %(refname) %(objectname) %(*objectname) [10ms]
2025-03-31 10:23:54.322 [info] > git show --textconv :page/survey/List.php [19ms]
2025-03-31 10:23:54.326 [info] > git ls-files --stage -- page/survey/List.php [8ms]
2025-03-31 10:23:54.339 [info] > git cat-file -s d203c14c5c7aeff98eff1fd3729b4d3a35d57e85 [4ms]
2025-03-31 10:24:28.699 [info] > git config --get commit.template [1ms]
2025-03-31 10:24:28.741 [info] > git for-each-ref --format=%(refname)%00%(upstream:short)%00%(objectname)%00%(upstream:track)%00%(upstream:remotename)%00%(upstream:remoteref) refs/heads/kas refs/remotes/kas [10ms]
2025-03-31 10:24:28.822 [info] > git for-each-ref --sort -committerdate --format %(refname) %(objectname) %(*objectname) [4ms]
2025-03-31 10:24:28.830 [info] > git status -z -uall [44ms]
2025-03-31 10:24:31.162 [info] > git show --textconv :api/survey/submit.php [32ms]
2025-03-31 10:24:31.177 [info] > git ls-files --stage -- api/survey/submit.php [16ms]
2025-03-31 10:24:31.193 [info] > git cat-file -s 20678be21425f9cb3a011aee8362f8dff6e83ae2 [1ms]
2025-03-31 10:24:39.809 [info] > git for-each-ref --format=%(refname)%00%(upstream:short)%00%(objectname)%00%(upstream:track)%00%(upstream:remotename)%00%(upstream:remoteref) refs/heads/kas refs/remotes/kas [2ms]
2025-03-31 10:24:39.809 [info] > git config --get commit.template [51ms]
2025-03-31 10:24:39.868 [info] > git status -z -uall [43ms]
2025-03-31 10:24:39.881 [info] > git for-each-ref --sort -committerdate --format %(refname) %(objectname) %(*objectname) [8ms]
2025-03-31 10:24:54.693 [info] > git config --get commit.template [6ms]
2025-03-31 10:24:54.747 [info] > git for-each-ref --format=%(refname)%00%(upstream:short)%00%(objectname)%00%(upstream:track)%00%(upstream:remotename)%00%(upstream:remoteref) refs/heads/kas refs/remotes/kas [6ms]
2025-03-31 10:24:54.782 [info] > git status -z -uall [19ms]
2025-03-31 10:24:54.784 [info] > git for-each-ref --sort -committerdate --format %(refname) %(objectname) %(*objectname) [3ms]
2025-03-31 10:24:54.981 [info] > git ls-files --stage -- api/survey/submit.php [3ms]
2025-03-31 10:24:55.021 [info] > git cat-file -s 20678be21425f9cb3a011aee8362f8dff6e83ae2 [22ms]
2025-03-31 10:24:55.290 [info] > git show --textconv :api/survey/submit.php [11ms]
2025-03-31 10:25:21.336 [info] > git for-each-ref --format=%(refname)%00%(upstream:short)%00%(objectname)%00%(upstream:track)%00%(upstream:remotename)%00%(upstream:remoteref) refs/heads/kas refs/remotes/kas [68ms]
2025-03-31 10:25:21.338 [info] > git config --get commit.template [93ms]
2025-03-31 10:25:21.388 [info] > git status -z -uall [25ms]
2025-03-31 10:25:21.389 [info] > git for-each-ref --sort -committerdate --format %(refname) %(objectname) %(*objectname) [4ms]
2025-03-31 10:25:26.428 [info] > git config --get commit.template [2ms]
2025-03-31 10:25:26.449 [info] > git for-each-ref --format=%(refname)%00%(upstream:short)%00%(objectname)%00%(upstream:track)%00%(upstream:remotename)%00%(upstream:remoteref) refs/heads/kas refs/remotes/kas [1ms]
2025-03-31 10:25:26.490 [info] > git status -z -uall [31ms]
2025-03-31 10:25:26.495 [info] > git for-each-ref --sort -committerdate --format %(refname) %(objectname) %(*objectname) [5ms]
2025-03-31 10:26:25.963 [info] > git config --get commit.template [30ms]
2025-03-31 10:26:25.965 [info] > git for-each-ref --format=%(refname)%00%(upstream:short)%00%(objectname)%00%(upstream:track)%00%(upstream:remotename)%00%(upstream:remoteref) refs/heads/kas refs/remotes/kas [3ms]
2025-03-31 10:26:26.015 [info] > git status -z -uall [37ms]
2025-03-31 10:26:26.024 [info] > git for-each-ref --sort -committerdate --format %(refname) %(objectname) %(*objectname) [16ms]
2025-03-31 10:26:44.425 [info] > git config --get commit.template [13ms]
2025-03-31 10:26:44.427 [info] > git for-each-ref --format=%(refname)%00%(upstream:short)%00%(objectname)%00%(upstream:track)%00%(upstream:remotename)%00%(upstream:remoteref) refs/heads/kas refs/remotes/kas [3ms]
2025-03-31 10:26:44.461 [info] > git status -z -uall [22ms]
2025-03-31 10:26:44.462 [info] > git for-each-ref --sort -committerdate --format %(refname) %(objectname) %(*objectname) [3ms]
2025-03-31 10:31:30.451 [info] > git config --get commit.template [8ms]
2025-03-31 10:31:30.474 [info] > git for-each-ref --format=%(refname)%00%(upstream:short)%00%(objectname)%00%(upstream:track)%00%(upstream:remotename)%00%(upstream:remoteref) refs/heads/kas refs/remotes/kas [4ms]
2025-03-31 10:31:30.532 [info] > git status -z -uall [36ms]
2025-03-31 10:31:30.550 [info] > git for-each-ref --sort -committerdate --format %(refname) %(objectname) %(*objectname) [21ms]
2025-03-31 10:31:30.837 [info] > git fetch [428ms]
2025-03-31 10:31:30.873 [info] > git config --get commit.template [10ms]
2025-03-31 10:31:30.904 [info] > git for-each-ref --format=%(refname)%00%(upstream:short)%00%(objectname)%00%(upstream:track)%00%(upstream:remotename)%00%(upstream:remoteref) refs/heads/kas refs/remotes/kas [13ms]
2025-03-31 10:31:31.004 [info] > git status -z -uall [27ms]
2025-03-31 10:31:31.021 [info] > git for-each-ref --sort -committerdate --format %(refname) %(objectname) %(*objectname) [19ms]
2025-03-31 10:31:32.626 [info] > git ls-files --stage -- api/survey/submit.php [10ms]
2025-03-31 10:31:32.715 [info] > git cat-file -s 20678be21425f9cb3a011aee8362f8dff6e83ae2 [5ms]
2025-03-31 10:31:32.981 [info] > git show --textconv :api/survey/submit.php [4ms]
2025-03-31 10:31:35.664 [info] > git config --get commit.template [7ms]
2025-03-31 10:31:35.716 [info] > git for-each-ref --format=%(refname)%00%(upstream:short)%00%(objectname)%00%(upstream:track)%00%(upstream:remotename)%00%(upstream:remoteref) refs/heads/kas refs/remotes/kas [1ms]
2025-03-31 10:31:35.827 [info] > git status -z -uall [49ms]
2025-03-31 10:31:35.838 [info] > git for-each-ref --sort -committerdate --format %(refname) %(objectname) %(*objectname) [13ms]
2025-03-31 10:32:24.170 [info] > git config --get commit.template [29ms]
2025-03-31 10:32:24.173 [info] > git for-each-ref --format=%(refname)%00%(upstream:short)%00%(objectname)%00%(upstream:track)%00%(upstream:remotename)%00%(upstream:remoteref) refs/heads/kas refs/remotes/kas [7ms]
2025-03-31 10:32:24.216 [info] > git status -z -uall [20ms]
2025-03-31 10:32:24.220 [info] > git for-each-ref --sort -committerdate --format %(refname) %(objectname) %(*objectname) [5ms]
2025-03-31 10:32:33.456 [info] > git config --get commit.template [13ms]
2025-03-31 10:32:33.541 [info] > git for-each-ref --format=%(refname)%00%(upstream:short)%00%(objectname)%00%(upstream:track)%00%(upstream:remotename)%00%(upstream:remoteref) refs/heads/kas refs/remotes/kas [13ms]
2025-03-31 10:32:33.689 [info] > git status -z -uall [25ms]
2025-03-31 10:32:33.724 [info] > git for-each-ref --sort -committerdate --format %(refname) %(objectname) %(*objectname) [38ms]
2025-03-31 10:32:38.773 [info] > git config --get commit.template [1ms]
2025-03-31 10:32:38.797 [info] > git for-each-ref --format=%(refname)%00%(upstream:short)%00%(objectname)%00%(upstream:track)%00%(upstream:remotename)%00%(upstream:remoteref) refs/heads/kas refs/remotes/kas [4ms]
2025-03-31 10:32:38.847 [info] > git status -z -uall [30ms]
2025-03-31 10:32:38.847 [info] > git for-each-ref --sort -committerdate --format %(refname) %(objectname) %(*objectname) [3ms]
2025-03-31 10:32:43.917 [info] > git config --get commit.template [8ms]
2025-03-31 10:32:43.933 [info] > git for-each-ref --format=%(refname)%00%(upstream:short)%00%(objectname)%00%(upstream:track)%00%(upstream:remotename)%00%(upstream:remoteref) refs/heads/kas refs/remotes/kas [1ms]
2025-03-31 10:32:43.983 [info] > git status -z -uall [32ms]
2025-03-31 10:32:43.985 [info] > git for-each-ref --sort -committerdate --format %(refname) %(objectname) %(*objectname) [3ms]
2025-03-31 10:32:53.583 [info] > git config --get commit.template [4ms]
2025-03-31 10:32:53.599 [info] > git for-each-ref --format=%(refname)%00%(upstream:short)%00%(objectname)%00%(upstream:track)%00%(upstream:remotename)%00%(upstream:remoteref) refs/heads/kas refs/remotes/kas [4ms]
2025-03-31 10:32:53.628 [info] > git status -z -uall [12ms]
2025-03-31 10:32:53.630 [info] > git for-each-ref --sort -committerdate --format %(refname) %(objectname) %(*objectname) [2ms]
2025-03-31 10:33:00.757 [info] > git for-each-ref --format=%(refname)%00%(upstream:short)%00%(objectname)%00%(upstream:track)%00%(upstream:remotename)%00%(upstream:remoteref) refs/heads/kas refs/remotes/kas [41ms]
2025-03-31 10:33:00.757 [info] > git config --get commit.template [51ms]
2025-03-31 10:33:00.837 [info] > git status -z -uall [24ms]
2025-03-31 10:33:00.838 [info] > git for-each-ref --sort -committerdate --format %(refname) %(objectname) %(*objectname) [3ms]
2025-03-31 10:33:05.927 [info] > git for-each-ref --format=%(refname)%00%(upstream:short)%00%(objectname)%00%(upstream:track)%00%(upstream:remotename)%00%(upstream:remoteref) refs/heads/kas refs/remotes/kas [12ms]
2025-03-31 10:33:05.928 [info] > git config --get commit.template [46ms]
2025-03-31 10:33:06.017 [info] > git status -z -uall [53ms]
2025-03-31 10:33:06.018 [info] > git show --textconv :page/survey/List.php [19ms]
2025-03-31 10:33:06.018 [info] > git ls-files --stage -- page/survey/List.php [3ms]
2025-03-31 10:33:06.053 [info] > git for-each-ref --sort -committerdate --format %(refname) %(objectname) %(*objectname) [63ms]
2025-03-31 10:33:06.101 [info] > git cat-file -s d203c14c5c7aeff98eff1fd3729b4d3a35d57e85 [51ms]
2025-03-31 10:33:12.850 [info] > git config --get commit.template [24ms]
2025-03-31 10:33:12.853 [info] > git for-each-ref --format=%(refname)%00%(upstream:short)%00%(objectname)%00%(upstream:track)%00%(upstream:remotename)%00%(upstream:remoteref) refs/heads/kas refs/remotes/kas [4ms]
2025-03-31 10:33:12.909 [info] > git status -z -uall [36ms]
2025-03-31 10:33:12.913 [info] > git for-each-ref --sort -committerdate --format %(refname) %(objectname) %(*objectname) [11ms]
2025-03-31 10:33:14.610 [info] > git show --textconv :api/survey/submit.php [34ms]
2025-03-31 10:33:14.615 [info] > git ls-files --stage -- api/survey/submit.php [7ms]
2025-03-31 10:33:14.627 [info] > git cat-file -s 20678be21425f9cb3a011aee8362f8dff6e83ae2 [4ms]
2025-03-31 10:33:17.997 [info] > git config --get commit.template [49ms]
2025-03-31 10:33:17.998 [info] > git for-each-ref --format=%(refname)%00%(upstream:short)%00%(objectname)%00%(upstream:track)%00%(upstream:remotename)%00%(upstream:remoteref) refs/heads/kas refs/remotes/kas [5ms]
2025-03-31 10:33:18.122 [info] > git status -z -uall [93ms]
2025-03-31 10:33:18.122 [info] > git for-each-ref --sort -committerdate --format %(refname) %(objectname) %(*objectname) [33ms]
2025-03-31 10:33:26.870 [info] > git config --get commit.template [3ms]
2025-03-31 10:33:26.897 [info] > git for-each-ref --format=%(refname)%00%(upstream:short)%00%(objectname)%00%(upstream:track)%00%(upstream:remotename)%00%(upstream:remoteref) refs/heads/kas refs/remotes/kas [6ms]
2025-03-31 10:33:27.007 [info] > git for-each-ref --sort -committerdate --format %(refname) %(objectname) %(*objectname) [22ms]
2025-03-31 10:33:27.233 [info] > git status -z -uall [269ms]
2025-03-31 10:33:27.262 [info] > git ls-files --stage -- api/survey/submit.php [30ms]
2025-03-31 10:33:27.312 [info] > git cat-file -s d1f735b1aa5a509a59803973b0bdfd8032d431e1 [20ms]
2025-03-31 10:33:27.676 [info] > git show --textconv :api/survey/submit.php [26ms]
2025-03-31 10:33:28.493 [info] > git show --textconv HEAD:api/survey/submit.php [43ms]
2025-03-31 10:33:28.495 [info] > git ls-tree -l HEAD -- api/survey/submit.php [15ms]
2025-03-31 10:35:07.853 [info] > git fetch [635ms]
2025-03-31 10:35:08.034 [info] > git for-each-ref --format=%(refname)%00%(upstream:short)%00%(objectname)%00%(upstream:track)%00%(upstream:remotename)%00%(upstream:remoteref) refs/heads/kas refs/remotes/kas [22ms]
2025-03-31 10:35:08.035 [info] > git config --get commit.template [82ms]
2025-03-31 10:35:08.290 [info] > git status -z -uall [218ms]
2025-03-31 10:35:08.299 [info] > git for-each-ref --sort -committerdate --format %(refname) %(objectname) %(*objectname) [12ms]
2025-03-31 10:35:09.695 [info] > git ls-files --stage -- api/survey/submit.php [12ms]
2025-03-31 10:35:09.712 [info] > git cat-file -s d1f735b1aa5a509a59803973b0bdfd8032d431e1 [1ms]
2025-03-31 10:35:09.713 [info] > git ls-tree -l HEAD -- api/survey/submit.php [19ms]
2025-03-31 10:35:10.100 [info] > git show --textconv :api/survey/submit.php [99ms]
2025-03-31 10:35:10.185 [info] > git show --textconv HEAD:api/survey/submit.php [104ms]
2025-03-31 10:35:21.382 [info] > git config --get commit.template [17ms]
2025-03-31 10:35:21.386 [info] > git for-each-ref --format=%(refname)%00%(upstream:short)%00%(objectname)%00%(upstream:track)%00%(upstream:remotename)%00%(upstream:remoteref) refs/heads/kas refs/remotes/kas [6ms]
2025-03-31 10:35:21.410 [info] > git status -z -uall [12ms]
2025-03-31 10:35:21.415 [info] > git for-each-ref --sort -committerdate --format %(refname) %(objectname) %(*objectname) [6ms]
2025-03-31 10:35:36.411 [info] > git config --get commit.template [27ms]
2025-03-31 10:35:36.477 [info] > git for-each-ref --format=%(refname)%00%(upstream:short)%00%(objectname)%00%(upstream:track)%00%(upstream:remotename)%00%(upstream:remoteref) refs/heads/kas refs/remotes/kas [8ms]
2025-03-31 10:35:36.577 [info] > git status -z -uall [19ms]
2025-03-31 10:35:36.580 [info] > git for-each-ref --sort -committerdate --format %(refname) %(objectname) %(*objectname) [4ms]
2025-03-31 10:35:36.830 [info] > git ls-tree -l HEAD -- api/survey/submit.php [148ms]
2025-03-31 10:35:36.832 [info] > git ls-files --stage -- api/survey/submit.php [164ms]
2025-03-31 10:35:36.904 [info] > git cat-file -s d1f735b1aa5a509a59803973b0bdfd8032d431e1 [5ms]
2025-03-31 10:35:37.217 [info] > git show --textconv HEAD:api/survey/submit.php [51ms]
2025-03-31 10:35:37.234 [info] > git show --textconv :api/survey/submit.php [30ms]
2025-03-31 10:37:17.706 [info] > git config --get commit.template [6ms]
2025-03-31 10:37:17.728 [info] > git for-each-ref --format=%(refname)%00%(upstream:short)%00%(objectname)%00%(upstream:track)%00%(upstream:remotename)%00%(upstream:remoteref) refs/heads/kas refs/remotes/kas [4ms]
2025-03-31 10:37:17.783 [info] > git status -z -uall [19ms]
2025-03-31 10:37:17.795 [info] > git for-each-ref --sort -committerdate --format %(refname) %(objectname) %(*objectname) [12ms]
2025-03-31 10:37:17.948 [info] > git merge-base refs/heads/kas refs/remotes/origin/kas [5ms]
2025-03-31 10:37:17.986 [info] > git diff --name-status -z --diff-filter=ADMR c65b315e469076788d88dd9dbb383e58fb6bef96...refs/remotes/origin/kas [7ms]
2025-03-31 10:37:18.352 [info] > git blame --root --incremental 0e065010bc7861fa42e0c0cd8545cd89824c66f3 -- api/survey/submit.php [459ms]
2025-03-31 10:37:18.681 [info] > git config --get commit.template [26ms]
2025-03-31 10:37:18.686 [info] > git for-each-ref --format=%(refname)%00%(upstream:short)%00%(objectname)%00%(upstream:track)%00%(upstream:remotename)%00%(upstream:remoteref) refs/heads/kas refs/remotes/kas [13ms]
2025-03-31 10:37:18.712 [info] > git status -z -uall [11ms]
2025-03-31 10:37:18.714 [info] > git for-each-ref --sort -committerdate --format %(refname) %(objectname) %(*objectname) [2ms]
2025-03-31 10:37:19.006 [info] > git ls-files --stage -- api/survey/submit.php [7ms]
2025-03-31 10:37:19.024 [info] > git cat-file -s d1f735b1aa5a509a59803973b0bdfd8032d431e1 [7ms]
2025-03-31 10:37:19.417 [info] > git show --textconv :api/survey/submit.php [4ms]
2025-03-31 10:37:30.957 [info] > git config --get commit.template [10ms]
2025-03-31 10:37:30.980 [info] > git for-each-ref --format=%(refname)%00%(upstream:short)%00%(objectname)%00%(upstream:track)%00%(upstream:remotename)%00%(upstream:remoteref) refs/heads/kas refs/remotes/kas [1ms]
2025-03-31 10:37:31.020 [info] > git status -z -uall [26ms]
2025-03-31 10:37:31.025 [info] > git for-each-ref --sort -committerdate --format %(refname) %(objectname) %(*objectname) [6ms]
2025-03-31 10:37:31.070 [info] > git merge-base refs/heads/kas refs/remotes/origin/kas [4ms]
2025-03-31 10:37:31.088 [info] > git diff --name-status -z --diff-filter=ADMR 0e065010bc7861fa42e0c0cd8545cd89824c66f3...refs/remotes/origin/kas [0ms]
2025-03-31 10:37:32.094 [info] > git config --get commit.template [6ms]
2025-03-31 10:37:32.109 [info] > git for-each-ref --format=%(refname)%00%(upstream:short)%00%(objectname)%00%(upstream:track)%00%(upstream:remotename)%00%(upstream:remoteref) refs/heads/kas refs/remotes/kas [2ms]
2025-03-31 10:37:32.185 [info] > git status -z -uall [56ms]
2025-03-31 10:37:32.190 [info] > git for-each-ref --sort -committerdate --format %(refname) %(objectname) %(*objectname) [14ms]
2025-03-31 10:37:32.498 [info] > git ls-files --stage -- api/survey/submit.php [8ms]
2025-03-31 10:37:32.512 [info] > git cat-file -s d1f735b1aa5a509a59803973b0bdfd8032d431e1 [2ms]
2025-03-31 10:37:32.777 [info] > git show --textconv :api/survey/submit.php [9ms]
2025-03-31 10:37:50.448 [info] > git show --textconv :page/survey/List.php [22ms]
2025-03-31 10:37:50.461 [info] > git ls-files --stage -- page/survey/List.php [22ms]
2025-03-31 10:37:50.470 [info] > git cat-file -s 8e9c5c0884c431f886e25e6cdc07bdc2520b871b [3ms]
2025-03-31 10:37:50.887 [info] > git blame --root --incremental 0e065010bc7861fa42e0c0cd8545cd89824c66f3 -- page/survey/List.php [120ms]
