2025-04-05 10:11:34.858 [info] [main] Log level: Info
2025-04-05 10:11:34.860 [info] [main] Validating found git in: "git"
2025-04-05 10:11:34.860 [info] [main] Using git "2.25.1" from "git"
2025-04-05 10:11:34.860 [info] [Model][doInitialScan] Initial repository scan started
2025-04-05 10:11:34.860 [info] > git rev-parse --show-toplevel [61ms]
2025-04-05 10:11:34.862 [info] > git rev-parse --git-dir --git-common-dir [30ms]
2025-04-05 10:11:34.929 [info] [Model][openRepository] Opened repository: /home/hr.bcp-sms1.com/public_html
2025-04-05 10:11:35.271 [info] > git rev-parse --show-toplevel [293ms]
2025-04-05 10:11:35.272 [info] > git config --get commit.template [309ms]
2025-04-05 10:11:35.668 [info] > git for-each-ref --format=%(refname)%00%(upstream:short)%00%(objectname)%00%(upstream:track)%00%(upstream:remotename)%00%(upstream:remoteref) refs/heads/kas refs/remotes/kas [338ms]
2025-04-05 10:11:35.670 [info] > git rev-parse --show-toplevel [371ms]
2025-04-05 10:11:35.732 [info] > git status -z -uall [28ms]
2025-04-05 10:11:35.734 [info] > git rev-parse --show-toplevel [52ms]
2025-04-05 10:11:37.462 [info] > git check-ignore -v -z --stdin [1678ms]
2025-04-05 10:11:37.466 [info] > git rev-parse --show-toplevel [1718ms]
2025-04-05 10:11:37.467 [info] > git for-each-ref --sort -committerdate --format %(refname)%00%(objectname)%00%(*objectname) [1745ms]
2025-04-05 10:11:37.708 [info] > git for-each-ref --format=%(refname)%00%(upstream:short)%00%(objectname)%00%(upstream:track)%00%(upstream:remotename)%00%(upstream:remoteref) refs/heads/kas refs/remotes/kas [132ms]
2025-04-05 10:11:37.722 [info] > git fetch [2793ms]
2025-04-05 10:11:37.742 [info] > git config --get --local branch.kas.vscode-merge-base [20ms]
2025-04-05 10:11:37.751 [info] > git config --get commit.template [44ms]
2025-04-05 10:11:37.752 [info] > git rev-parse --show-toplevel [55ms]
2025-04-05 10:11:37.773 [info] > git for-each-ref --format=%(refname)%00%(upstream:short)%00%(objectname)%00%(upstream:track)%00%(upstream:remotename)%00%(upstream:remoteref) refs/heads/origin/kas refs/remotes/origin/kas [19ms]
2025-04-05 10:11:37.789 [info] > git config --get commit.template [50ms]
2025-04-05 10:11:37.810 [info] > git merge-base refs/heads/kas refs/remotes/origin/kas [22ms]
2025-04-05 10:11:37.830 [info] > git rev-parse --show-toplevel [60ms]
2025-04-05 10:11:38.419 [info] > git diff --name-status -z --diff-filter=ADMR 3de680cccb448b1a425eb385cafdfd7defa5abf4...refs/remotes/origin/kas [590ms]
2025-04-05 10:11:38.420 [info] > git for-each-ref --format=%(refname)%00%(upstream:short)%00%(objectname)%00%(upstream:track)%00%(upstream:remotename)%00%(upstream:remoteref) refs/heads/kas refs/remotes/kas [619ms]
2025-04-05 10:11:38.440 [info] > git for-each-ref --format=%(refname)%00%(upstream:short)%00%(objectname)%00%(upstream:track)%00%(upstream:remotename)%00%(upstream:remoteref) refs/heads/kas refs/remotes/kas [82ms]
2025-04-05 10:11:38.441 [info] > git rev-parse --show-toplevel [8ms]
2025-04-05 10:11:38.448 [info] [Model][doInitialScan] Initial repository scan completed - repositories (1), closed repositories (0), parent repositories (0), unsafe repositories (0)
2025-04-05 10:11:38.515 [info] > git config --get commit.template [4ms]
2025-04-05 10:11:38.530 [info] > git for-each-ref --format=%(refname)%00%(upstream:short)%00%(objectname)%00%(upstream:track)%00%(upstream:remotename)%00%(upstream:remoteref) refs/heads/kas refs/remotes/kas [2ms]
2025-04-05 10:11:38.576 [info] > git status -z -uall [20ms]
2025-04-05 10:11:38.585 [info] > git for-each-ref --sort -committerdate --format %(refname)%00%(objectname)%00%(*objectname) [9ms]
2025-04-05 10:11:40.643 [info] > git diff --name-status -z --diff-filter=ADMR @{upstream} [219ms]
2025-04-05 10:11:52.456 [info] > git check-ignore -v -z --stdin [4ms]
2025-04-05 10:11:54.150 [info] > git show --textconv :api/user-api/get_user.php [27ms]
2025-04-05 10:11:54.150 [info] > git ls-files --stage -- api/user-api/get_user.php [9ms]
2025-04-05 10:11:54.167 [info] > git cat-file -s 3fbd44965e50192912a81ab1e5fb0465fe494a12 [4ms]
2025-04-05 10:11:55.760 [info] > git blame --root --incremental 3de680cccb448b1a425eb385cafdfd7defa5abf4 -- api/user-api/get_user.php [941ms]
2025-04-05 10:12:12.834 [info] > git config --get commit.template [30ms]
2025-04-05 10:12:12.837 [info] > git for-each-ref --format=%(refname)%00%(upstream:short)%00%(objectname)%00%(upstream:track)%00%(upstream:remotename)%00%(upstream:remoteref) refs/heads/kas refs/remotes/kas [7ms]
2025-04-05 10:12:12.888 [info] > git status -z -uall [22ms]
2025-04-05 10:12:12.888 [info] > git for-each-ref --sort -committerdate --format %(refname)%00%(objectname)%00%(*objectname) [2ms]
2025-04-05 10:12:17.927 [info] > git config --get commit.template [1ms]
2025-04-05 10:12:18.050 [info] > git for-each-ref --format=%(refname)%00%(upstream:short)%00%(objectname)%00%(upstream:track)%00%(upstream:remotename)%00%(upstream:remoteref) refs/heads/kas refs/remotes/kas [60ms]
2025-04-05 10:12:18.181 [info] > git status -z -uall [57ms]
2025-04-05 10:12:18.183 [info] > git for-each-ref --sort -committerdate --format %(refname)%00%(objectname)%00%(*objectname) [4ms]
2025-04-05 10:12:23.357 [info] > git config --get commit.template [26ms]
2025-04-05 10:12:23.362 [info] > git for-each-ref --format=%(refname)%00%(upstream:short)%00%(objectname)%00%(upstream:track)%00%(upstream:remotename)%00%(upstream:remoteref) refs/heads/kas refs/remotes/kas [6ms]
2025-04-05 10:12:23.408 [info] > git status -z -uall [23ms]
2025-04-05 10:12:23.411 [info] > git for-each-ref --sort -committerdate --format %(refname)%00%(objectname)%00%(*objectname) [4ms]
2025-04-05 10:13:40.412 [info] > git diff --name-status -z --diff-filter=ADMR @{upstream} [11ms]
2025-04-05 10:14:38.875 [info] > git fetch [283ms]
2025-04-05 10:14:38.897 [info] > git config --get commit.template [1ms]
2025-04-05 10:14:38.922 [info] > git for-each-ref --format=%(refname)%00%(upstream:short)%00%(objectname)%00%(upstream:track)%00%(upstream:remotename)%00%(upstream:remoteref) refs/heads/kas refs/remotes/kas [3ms]
2025-04-05 10:14:38.966 [info] > git status -z -uall [29ms]
2025-04-05 10:14:38.970 [info] > git for-each-ref --sort -committerdate --format %(refname)%00%(objectname)%00%(*objectname) [14ms]
2025-04-05 10:14:40.305 [info] > git config --get commit.template [22ms]
2025-04-05 10:14:40.305 [info] > git for-each-ref --format=%(refname)%00%(upstream:short)%00%(objectname)%00%(upstream:track)%00%(upstream:remotename)%00%(upstream:remoteref) refs/heads/kas refs/remotes/kas [3ms]
2025-04-05 10:14:40.354 [info] > git status -z -uall [24ms]
2025-04-05 10:14:40.357 [info] > git for-each-ref --sort -committerdate --format %(refname)%00%(objectname)%00%(*objectname) [4ms]
2025-04-05 10:14:40.677 [info] > git ls-files --stage -- api/user-api/get_user.php [4ms]
2025-04-05 10:14:40.691 [info] > git cat-file -s 3fbd44965e50192912a81ab1e5fb0465fe494a12 [2ms]
2025-04-05 10:14:41.164 [info] > git show --textconv :api/user-api/get_user.php [5ms]
2025-04-05 10:15:03.893 [info] > git config --get commit.template [16ms]
2025-04-05 10:15:03.897 [info] > git for-each-ref --format=%(refname)%00%(upstream:short)%00%(objectname)%00%(upstream:track)%00%(upstream:remotename)%00%(upstream:remoteref) refs/heads/kas refs/remotes/kas [5ms]
2025-04-05 10:15:03.957 [info] > git status -z -uall [31ms]
2025-04-05 10:15:03.957 [info] > git for-each-ref --sort -committerdate --format %(refname)%00%(objectname)%00%(*objectname) [4ms]
2025-04-05 10:15:08.024 [info] > git ls-files --stage -- api/user-api/get_user.php [7ms]
2025-04-05 10:15:08.073 [info] > git cat-file -s c0ed9c60e04d16169b3671c25f552be7de1b719a [1ms]
2025-04-05 10:15:08.362 [info] > git show --textconv :api/user-api/get_user.php [4ms]
2025-04-05 10:15:09.020 [info] > git for-each-ref --format=%(refname)%00%(upstream:short)%00%(objectname)%00%(upstream:track)%00%(upstream:remotename)%00%(upstream:remoteref) refs/heads/kas refs/remotes/kas [2ms]
2025-04-05 10:15:09.021 [info] > git config --get commit.template [25ms]
2025-04-05 10:15:09.080 [info] > git for-each-ref --sort -committerdate --format %(refname)%00%(objectname)%00%(*objectname) [6ms]
2025-04-05 10:15:09.111 [info] > git status -z -uall [74ms]
2025-04-05 10:15:10.049 [info] > git show --textconv HEAD:api/user-api/get_user.php [28ms]
2025-04-05 10:15:10.050 [info] > git ls-tree -l HEAD -- api/user-api/get_user.php [2ms]
2025-04-05 10:15:40.398 [info] > git diff --name-status -z --diff-filter=ADMR @{upstream} [4ms]
2025-04-05 10:15:40.908 [info] > git config --get commit.template [2ms]
2025-04-05 10:15:40.943 [info] > git for-each-ref --format=%(refname)%00%(upstream:short)%00%(objectname)%00%(upstream:track)%00%(upstream:remotename)%00%(upstream:remoteref) refs/heads/kas refs/remotes/kas [2ms]
2025-04-05 10:15:40.976 [info] > git status -z -uall [16ms]
2025-04-05 10:15:40.978 [info] > git for-each-ref --sort -committerdate --format %(refname)%00%(objectname)%00%(*objectname) [3ms]
2025-04-05 10:15:41.037 [info] > git blame --root --incremental 843b410c5d2ce934cf81466b192d21928e8d7bb3 -- api/user-api/get_user.php [30ms]
2025-04-05 10:15:41.043 [info] > git merge-base refs/heads/kas refs/remotes/origin/kas [15ms]
2025-04-05 10:15:41.087 [info] > git diff --name-status -z --diff-filter=ADMR 3de680cccb448b1a425eb385cafdfd7defa5abf4...refs/remotes/origin/kas [10ms]
2025-04-05 10:15:41.359 [info] > git ls-files --stage -- api/user-api/get_user.php [31ms]
2025-04-05 10:15:41.386 [info] > git ls-tree -l HEAD -- api/user-api/get_user.php [29ms]
2025-04-05 10:15:41.390 [info] > git cat-file -s c0ed9c60e04d16169b3671c25f552be7de1b719a [12ms]
2025-04-05 10:15:41.707 [info] > git show --textconv HEAD:api/user-api/get_user.php [32ms]
2025-04-05 10:15:41.751 [info] > git show --textconv :api/user-api/get_user.php [6ms]
2025-04-05 10:15:46.105 [info] > git config --get commit.template [3ms]
2025-04-05 10:15:46.124 [info] > git for-each-ref --format=%(refname)%00%(upstream:short)%00%(objectname)%00%(upstream:track)%00%(upstream:remotename)%00%(upstream:remoteref) refs/heads/kas refs/remotes/kas [4ms]
2025-04-05 10:15:46.155 [info] > git status -z -uall [15ms]
2025-04-05 10:15:46.156 [info] > git for-each-ref --sort -committerdate --format %(refname)%00%(objectname)%00%(*objectname) [3ms]
2025-04-05 10:15:46.196 [info] > git merge-base refs/heads/kas refs/remotes/origin/kas [4ms]
2025-04-05 10:15:46.213 [info] > git diff --name-status -z --diff-filter=ADMR 843b410c5d2ce934cf81466b192d21928e8d7bb3...refs/remotes/origin/kas [2ms]
2025-04-05 10:15:46.503 [info] > git ls-files --stage -- api/user-api/get_user.php [2ms]
2025-04-05 10:15:46.523 [info] > git cat-file -s c0ed9c60e04d16169b3671c25f552be7de1b719a [2ms]
2025-04-05 10:15:46.851 [info] > git show --textconv :api/user-api/get_user.php [5ms]
2025-04-05 10:17:35.999 [info] > git for-each-ref --format=%(refname)%00%(upstream:short)%00%(objectname)%00%(upstream:track)%00%(upstream:remotename)%00%(upstream:remoteref) refs/heads/kas refs/remotes/kas [6ms]
2025-04-05 10:17:36.000 [info] > git config --get commit.template [38ms]
2025-04-05 10:17:36.100 [info] > git status -z -uall [57ms]
2025-04-05 10:17:36.102 [info] > git for-each-ref --sort -committerdate --format %(refname)%00%(objectname)%00%(*objectname) [3ms]
2025-04-05 10:17:39.337 [info] > git fetch [335ms]
2025-04-05 10:17:39.384 [info] > git config --get commit.template [9ms]
2025-04-05 10:17:39.412 [info] > git for-each-ref --format=%(refname)%00%(upstream:short)%00%(objectname)%00%(upstream:track)%00%(upstream:remotename)%00%(upstream:remoteref) refs/heads/kas refs/remotes/kas [13ms]
2025-04-05 10:17:39.509 [info] > git status -z -uall [67ms]
2025-04-05 10:17:39.509 [info] > git for-each-ref --sort -committerdate --format %(refname)%00%(objectname)%00%(*objectname) [8ms]
2025-04-05 10:17:40.395 [info] > git diff --name-status -z --diff-filter=ADMR @{upstream} [7ms]
2025-04-05 10:17:41.798 [info] > git config --get commit.template [2ms]
2025-04-05 10:17:41.814 [info] > git for-each-ref --format=%(refname)%00%(upstream:short)%00%(objectname)%00%(upstream:track)%00%(upstream:remotename)%00%(upstream:remoteref) refs/heads/kas refs/remotes/kas [3ms]
2025-04-05 10:17:41.853 [info] > git status -z -uall [24ms]
2025-04-05 10:17:41.858 [info] > git for-each-ref --sort -committerdate --format %(refname)%00%(objectname)%00%(*objectname) [6ms]
2025-04-05 10:17:42.168 [info] > git ls-files --stage -- api/user-api/get_user.php [7ms]
2025-04-05 10:17:42.184 [info] > git cat-file -s c0ed9c60e04d16169b3671c25f552be7de1b719a [2ms]
2025-04-05 10:17:42.522 [info] > git show --textconv :api/user-api/get_user.php [2ms]
2025-04-05 10:17:46.895 [info] > git config --get commit.template [14ms]
2025-04-05 10:17:46.901 [info] > git for-each-ref --format=%(refname)%00%(upstream:short)%00%(objectname)%00%(upstream:track)%00%(upstream:remotename)%00%(upstream:remoteref) refs/heads/kas refs/remotes/kas [7ms]
2025-04-05 10:17:46.937 [info] > git status -z -uall [17ms]
2025-04-05 10:17:46.940 [info] > git for-each-ref --sort -committerdate --format %(refname)%00%(objectname)%00%(*objectname) [4ms]
2025-04-05 10:18:58.487 [info] > git config --get commit.template [17ms]
2025-04-05 10:18:58.489 [info] > git for-each-ref --format=%(refname)%00%(upstream:short)%00%(objectname)%00%(upstream:track)%00%(upstream:remotename)%00%(upstream:remoteref) refs/heads/kas refs/remotes/kas [3ms]
2025-04-05 10:18:58.526 [info] > git for-each-ref --sort -committerdate --format %(refname)%00%(objectname)%00%(*objectname) [4ms]
2025-04-05 10:18:58.537 [info] > git status -z -uall [32ms]
2025-04-05 10:19:03.703 [info] > git config --get commit.template [65ms]
2025-04-05 10:19:03.714 [info] > git for-each-ref --format=%(refname)%00%(upstream:short)%00%(objectname)%00%(upstream:track)%00%(upstream:remotename)%00%(upstream:remoteref) refs/heads/kas refs/remotes/kas [18ms]
2025-04-05 10:19:03.767 [info] > git status -z -uall [24ms]
2025-04-05 10:19:03.768 [info] > git for-each-ref --sort -committerdate --format %(refname)%00%(objectname)%00%(*objectname) [10ms]
2025-04-05 10:19:08.813 [info] > git config --get commit.template [23ms]
2025-04-05 10:19:08.817 [info] > git for-each-ref --format=%(refname)%00%(upstream:short)%00%(objectname)%00%(upstream:track)%00%(upstream:remotename)%00%(upstream:remoteref) refs/heads/kas refs/remotes/kas [5ms]
2025-04-05 10:19:08.882 [info] > git status -z -uall [23ms]
2025-04-05 10:19:08.890 [info] > git for-each-ref --sort -committerdate --format %(refname)%00%(objectname)%00%(*objectname) [10ms]
2025-04-05 10:19:40.480 [info] > git diff --name-status -z --diff-filter=ADMR @{upstream} [11ms]
2025-04-05 10:21:00.774 [info] > git config --get commit.template [1ms]
2025-04-05 10:21:00.863 [info] > git for-each-ref --format=%(refname)%00%(upstream:short)%00%(objectname)%00%(upstream:track)%00%(upstream:remotename)%00%(upstream:remoteref) refs/heads/kas refs/remotes/kas [9ms]
2025-04-05 10:21:00.981 [info] > git status -z -uall [49ms]
2025-04-05 10:21:00.981 [info] > git for-each-ref --sort -committerdate --format %(refname)%00%(objectname)%00%(*objectname) [1ms]
2025-04-05 10:21:01.310 [info] > git fetch [601ms]
2025-04-05 10:21:01.337 [info] > git config --get commit.template [7ms]
2025-04-05 10:21:01.380 [info] > git for-each-ref --format=%(refname)%00%(upstream:short)%00%(objectname)%00%(upstream:track)%00%(upstream:remotename)%00%(upstream:remoteref) refs/heads/kas refs/remotes/kas [19ms]
2025-04-05 10:21:01.434 [info] > git status -z -uall [27ms]
2025-04-05 10:21:01.441 [info] > git for-each-ref --sort -committerdate --format %(refname)%00%(objectname)%00%(*objectname) [10ms]
2025-04-05 10:21:03.171 [info] > git ls-files --stage -- api/user-api/get_user.php [8ms]
2025-04-05 10:21:03.232 [info] > git cat-file -s c0ed9c60e04d16169b3671c25f552be7de1b719a [0ms]
2025-04-05 10:21:03.545 [info] > git show --textconv :api/user-api/get_user.php [5ms]
2025-04-05 10:21:06.362 [info] > git config --get commit.template [178ms]
2025-04-05 10:21:06.396 [info] > git for-each-ref --format=%(refname)%00%(upstream:short)%00%(objectname)%00%(upstream:track)%00%(upstream:remotename)%00%(upstream:remoteref) refs/heads/kas refs/remotes/kas [4ms]
2025-04-05 10:21:06.436 [info] > git status -z -uall [19ms]
2025-04-05 10:21:06.438 [info] > git for-each-ref --sort -committerdate --format %(refname)%00%(objectname)%00%(*objectname) [3ms]
2025-04-05 10:21:08.125 [info] > git show --textconv :api/user-management/create_user.php [27ms]
2025-04-05 10:21:08.126 [info] > git ls-files --stage -- api/user-management/create_user.php [6ms]
2025-04-05 10:21:08.145 [info] > git cat-file -s 2f217f0fabbdb49e7a0384b48af6e44f34c338c4 [3ms]
2025-04-05 10:21:08.669 [info] > git blame --root --incremental 843b410c5d2ce934cf81466b192d21928e8d7bb3 -- api/user-management/create_user.php [218ms]
2025-04-05 10:21:40.414 [info] > git diff --name-status -z --diff-filter=ADMR @{upstream} [12ms]
2025-04-05 10:23:40.474 [info] > git diff --name-status -z --diff-filter=ADMR @{upstream} [23ms]
2025-04-05 10:24:23.372 [info] > git fetch [295ms]
2025-04-05 10:24:23.452 [info] > git for-each-ref --format=%(refname)%00%(upstream:short)%00%(objectname)%00%(upstream:track)%00%(upstream:remotename)%00%(upstream:remoteref) refs/heads/kas refs/remotes/kas [14ms]
2025-04-05 10:24:23.454 [info] > git config --get commit.template [43ms]
2025-04-05 10:24:23.671 [info] > git status -z -uall [160ms]
2025-04-05 10:24:23.671 [info] > git for-each-ref --sort -committerdate --format %(refname)%00%(objectname)%00%(*objectname) [94ms]
2025-04-05 10:24:24.936 [info] > git config --get commit.template [1ms]
2025-04-05 10:24:24.967 [info] > git for-each-ref --format=%(refname)%00%(upstream:short)%00%(objectname)%00%(upstream:track)%00%(upstream:remotename)%00%(upstream:remoteref) refs/heads/kas refs/remotes/kas [5ms]
2025-04-05 10:24:25.051 [info] > git status -z -uall [42ms]
2025-04-05 10:24:25.051 [info] > git for-each-ref --sort -committerdate --format %(refname)%00%(objectname)%00%(*objectname) [2ms]
2025-04-05 10:24:25.280 [info] > git ls-files --stage -- api/user-management/create_user.php [28ms]
2025-04-05 10:24:25.376 [info] > git cat-file -s 2f217f0fabbdb49e7a0384b48af6e44f34c338c4 [2ms]
2025-04-05 10:24:25.822 [info] > git show --textconv :api/user-management/create_user.php [32ms]
2025-04-05 10:24:32.674 [info] > git check-ignore -v -z --stdin [9ms]
2025-04-05 10:24:41.051 [info] > git check-ignore -v -z --stdin [9ms]
2025-04-05 10:24:45.205 [info] > git show --textconv :api/user-management/update_user.php [15ms]
2025-04-05 10:24:45.206 [info] > git ls-files --stage -- api/user-management/update_user.php [4ms]
2025-04-05 10:24:45.225 [info] > git cat-file -s a7ab44fc158deb2f4652acd7224646cb60a24901 [1ms]
2025-04-05 10:25:40.436 [info] > git diff --name-status -z --diff-filter=ADMR @{upstream} [8ms]
2025-04-05 10:27:40.433 [info] > git diff --name-status -z --diff-filter=ADMR @{upstream} [12ms]
2025-04-05 10:29:40.436 [info] > git diff --name-status -z --diff-filter=ADMR @{upstream} [12ms]
2025-04-05 10:30:11.046 [info] > git fetch [317ms]
2025-04-05 10:30:11.098 [info] > git config --get commit.template [32ms]
2025-04-05 10:30:11.105 [info] > git for-each-ref --format=%(refname)%00%(upstream:short)%00%(objectname)%00%(upstream:track)%00%(upstream:remotename)%00%(upstream:remoteref) refs/heads/kas refs/remotes/kas [14ms]
2025-04-05 10:30:11.168 [info] > git status -z -uall [42ms]
2025-04-05 10:30:11.250 [info] > git for-each-ref --sort -committerdate --format %(refname)%00%(objectname)%00%(*objectname) [83ms]
2025-04-05 10:30:12.491 [info] > git config --get commit.template [3ms]
2025-04-05 10:30:12.512 [info] > git for-each-ref --format=%(refname)%00%(upstream:short)%00%(objectname)%00%(upstream:track)%00%(upstream:remotename)%00%(upstream:remoteref) refs/heads/kas refs/remotes/kas [1ms]
2025-04-05 10:30:12.579 [info] > git status -z -uall [37ms]
2025-04-05 10:30:12.579 [info] > git for-each-ref --sort -committerdate --format %(refname)%00%(objectname)%00%(*objectname) [4ms]
2025-04-05 10:30:12.904 [info] > git ls-files --stage -- api/user-management/update_user.php [2ms]
2025-04-05 10:30:12.917 [info] > git cat-file -s a7ab44fc158deb2f4652acd7224646cb60a24901 [3ms]
2025-04-05 10:30:13.234 [info] > git show --textconv :api/user-management/update_user.php [5ms]
2025-04-05 10:30:19.552 [info] > git show --textconv :api/user-api/get_user.php [23ms]
2025-04-05 10:30:19.552 [info] > git ls-files --stage -- api/user-api/get_user.php [7ms]
2025-04-05 10:30:19.565 [info] > git cat-file -s c0ed9c60e04d16169b3671c25f552be7de1b719a [2ms]
2025-04-05 10:30:34.590 [info] > git config --get commit.template [55ms]
2025-04-05 10:30:34.593 [info] > git for-each-ref --format=%(refname)%00%(upstream:short)%00%(objectname)%00%(upstream:track)%00%(upstream:remotename)%00%(upstream:remoteref) refs/heads/kas refs/remotes/kas [6ms]
2025-04-05 10:30:34.737 [info] > git status -z -uall [80ms]
2025-04-05 10:30:34.770 [info] > git for-each-ref --sort -committerdate --format %(refname)%00%(objectname)%00%(*objectname) [54ms]
2025-04-05 10:30:49.494 [info] > git config --get commit.template [1ms]
2025-04-05 10:30:49.515 [info] > git for-each-ref --format=%(refname)%00%(upstream:short)%00%(objectname)%00%(upstream:track)%00%(upstream:remotename)%00%(upstream:remoteref) refs/heads/kas refs/remotes/kas [4ms]
2025-04-05 10:30:49.557 [info] > git status -z -uall [21ms]
2025-04-05 10:30:49.558 [info] > git for-each-ref --sort -committerdate --format %(refname)%00%(objectname)%00%(*objectname) [2ms]
2025-04-05 10:31:40.434 [info] > git diff --name-status -z --diff-filter=ADMR @{upstream} [14ms]
2025-04-05 10:33:40.438 [info] > git diff --name-status -z --diff-filter=ADMR @{upstream} [18ms]
2025-04-05 10:33:50.039 [info] > git config --get commit.template [21ms]
2025-04-05 10:33:50.040 [info] > git for-each-ref --format=%(refname)%00%(upstream:short)%00%(objectname)%00%(upstream:track)%00%(upstream:remotename)%00%(upstream:remoteref) refs/heads/kas refs/remotes/kas [3ms]
2025-04-05 10:33:50.092 [info] > git status -z -uall [36ms]
2025-04-05 10:33:50.097 [info] > git for-each-ref --sort -committerdate --format %(refname)%00%(objectname)%00%(*objectname) [6ms]
2025-04-05 10:33:50.262 [info] > git fetch [297ms]
2025-04-05 10:33:50.292 [info] > git config --get commit.template [15ms]
2025-04-05 10:33:50.293 [info] > git for-each-ref --format=%(refname)%00%(upstream:short)%00%(objectname)%00%(upstream:track)%00%(upstream:remotename)%00%(upstream:remoteref) refs/heads/kas refs/remotes/kas [2ms]
2025-04-05 10:33:50.324 [info] > git status -z -uall [14ms]
2025-04-05 10:33:50.325 [info] > git for-each-ref --sort -committerdate --format %(refname)%00%(objectname)%00%(*objectname) [2ms]
2025-04-05 10:33:52.095 [info] > git ls-files --stage -- api/user-api/get_user.php [2ms]
2025-04-05 10:33:52.108 [info] > git cat-file -s c0ed9c60e04d16169b3671c25f552be7de1b719a [2ms]
2025-04-05 10:33:52.400 [info] > git show --textconv :api/user-api/get_user.php [6ms]
2025-04-05 10:33:53.429 [info] > git check-ignore -v -z --stdin [4ms]
2025-04-05 10:33:55.150 [info] > git config --get commit.template [25ms]
2025-04-05 10:33:55.158 [info] > git for-each-ref --format=%(refname)%00%(upstream:short)%00%(objectname)%00%(upstream:track)%00%(upstream:remotename)%00%(upstream:remoteref) refs/heads/kas refs/remotes/kas [9ms]
2025-04-05 10:33:55.194 [info] > git status -z -uall [20ms]
2025-04-05 10:33:55.194 [info] > git for-each-ref --sort -committerdate --format %(refname)%00%(objectname)%00%(*objectname) [3ms]
2025-04-05 10:33:55.469 [info] > git show --textconv :page/user-management/Create.php [17ms]
2025-04-05 10:33:55.470 [info] > git ls-files --stage -- page/user-management/Create.php [2ms]
2025-04-05 10:33:55.522 [info] > git cat-file -s 614d3218d5aa9e1054a02f96b230462374487c85 [14ms]
2025-04-05 10:33:56.070 [info] > git blame --root --incremental 843b410c5d2ce934cf81466b192d21928e8d7bb3 -- page/user-management/Create.php [221ms]
2025-04-05 10:34:29.407 [info] > git check-ignore -v -z --stdin [4ms]
2025-04-05 10:34:35.525 [info] > git show --textconv :api/user-management/create_user.php [24ms]
2025-04-05 10:34:35.526 [info] > git ls-files --stage -- api/user-management/create_user.php [5ms]
2025-04-05 10:34:35.552 [info] > git cat-file -s 2f217f0fabbdb49e7a0384b48af6e44f34c338c4 [14ms]
2025-04-05 10:35:40.440 [info] > git diff --name-status -z --diff-filter=ADMR @{upstream} [11ms]
2025-04-05 10:36:49.662 [info] > git show --textconv :page/user-management/Create.php [105ms]
2025-04-05 10:36:49.669 [info] > git ls-files --stage -- page/user-management/Create.php [16ms]
2025-04-05 10:36:49.776 [info] > git cat-file -s 614d3218d5aa9e1054a02f96b230462374487c85 [64ms]
2025-04-05 10:36:50.598 [info] > git fetch [253ms]
2025-04-05 10:36:50.615 [info] > git config --get commit.template [2ms]
2025-04-05 10:36:50.630 [info] > git for-each-ref --format=%(refname)%00%(upstream:short)%00%(objectname)%00%(upstream:track)%00%(upstream:remotename)%00%(upstream:remoteref) refs/heads/kas refs/remotes/kas [2ms]
2025-04-05 10:36:50.659 [info] > git status -z -uall [17ms]
2025-04-05 10:36:50.678 [info] > git for-each-ref --sort -committerdate --format %(refname)%00%(objectname)%00%(*objectname) [19ms]
2025-04-05 10:36:52.042 [info] > git config --get commit.template [19ms]
2025-04-05 10:36:52.043 [info] > git for-each-ref --format=%(refname)%00%(upstream:short)%00%(objectname)%00%(upstream:track)%00%(upstream:remotename)%00%(upstream:remoteref) refs/heads/kas refs/remotes/kas [4ms]
2025-04-05 10:36:52.078 [info] > git status -z -uall [15ms]
2025-04-05 10:36:52.081 [info] > git for-each-ref --sort -committerdate --format %(refname)%00%(objectname)%00%(*objectname) [3ms]
2025-04-05 10:36:52.389 [info] > git ls-files --stage -- page/user-management/Create.php [1ms]
2025-04-05 10:36:52.413 [info] > git cat-file -s 614d3218d5aa9e1054a02f96b230462374487c85 [2ms]
2025-04-05 10:36:52.702 [info] > git show --textconv :page/user-management/Create.php [3ms]
2025-04-05 10:37:40.435 [info] > git diff --name-status -z --diff-filter=ADMR @{upstream} [12ms]
2025-04-05 10:39:40.440 [info] > git diff --name-status -z --diff-filter=ADMR @{upstream} [14ms]
2025-04-05 10:39:47.639 [info] > git check-ignore -v -z --stdin [2ms]
2025-04-05 10:39:50.982 [info] > git fetch [278ms]
2025-04-05 10:39:51.022 [info] > git config --get commit.template [23ms]
2025-04-05 10:39:51.023 [info] > git for-each-ref --format=%(refname)%00%(upstream:short)%00%(objectname)%00%(upstream:track)%00%(upstream:remotename)%00%(upstream:remoteref) refs/heads/kas refs/remotes/kas [2ms]
2025-04-05 10:39:51.070 [info] > git status -z -uall [30ms]
2025-04-05 10:39:51.070 [info] > git for-each-ref --sort -committerdate --format %(refname)%00%(objectname)%00%(*objectname) [12ms]
2025-04-05 10:39:52.401 [info] > git config --get commit.template [7ms]
2025-04-05 10:39:52.417 [info] > git for-each-ref --format=%(refname)%00%(upstream:short)%00%(objectname)%00%(upstream:track)%00%(upstream:remotename)%00%(upstream:remoteref) refs/heads/kas refs/remotes/kas [3ms]
2025-04-05 10:39:52.454 [info] > git status -z -uall [18ms]
2025-04-05 10:39:52.457 [info] > git for-each-ref --sort -committerdate --format %(refname)%00%(objectname)%00%(*objectname) [6ms]
2025-04-05 10:39:52.553 [info] > git show --textconv :page/user-management/List.php [19ms]
2025-04-05 10:39:52.555 [info] > git ls-files --stage -- page/user-management/List.php [3ms]
2025-04-05 10:39:52.570 [info] > git cat-file -s 3c879289d2ff18341b865a54597c7c7102f0d325 [2ms]
2025-04-05 10:39:53.151 [info] > git blame --root --incremental 843b410c5d2ce934cf81466b192d21928e8d7bb3 -- page/user-management/List.php [22ms]
2025-04-05 10:40:37.358 [info] > git config --get commit.template [30ms]
2025-04-05 10:40:37.361 [info] > git for-each-ref --format=%(refname)%00%(upstream:short)%00%(objectname)%00%(upstream:track)%00%(upstream:remotename)%00%(upstream:remoteref) refs/heads/kas refs/remotes/kas [5ms]
2025-04-05 10:40:37.428 [info] > git for-each-ref --sort -committerdate --format %(refname)%00%(objectname)%00%(*objectname) [24ms]
2025-04-05 10:40:37.430 [info] > git status -z -uall [47ms]
2025-04-05 10:40:52.539 [info] > git config --get commit.template [81ms]
2025-04-05 10:40:52.544 [info] > git for-each-ref --format=%(refname)%00%(upstream:short)%00%(objectname)%00%(upstream:track)%00%(upstream:remotename)%00%(upstream:remoteref) refs/heads/kas refs/remotes/kas [11ms]
2025-04-05 10:40:52.595 [info] > git status -z -uall [20ms]
2025-04-05 10:40:52.607 [info] > git for-each-ref --sort -committerdate --format %(refname)%00%(objectname)%00%(*objectname) [15ms]
