2025-04-03 03:46:35.931 [info] [main] Log level: Info
2025-04-03 03:46:35.931 [info] [main] Validating found git in: "git"
2025-04-03 03:46:35.931 [info] [main] Using git "2.25.1" from "git"
2025-04-03 03:46:35.931 [info] [Model][doInitialScan] Initial repository scan started
2025-04-03 03:46:35.931 [info] > git rev-parse --show-toplevel [42ms]
2025-04-03 03:46:35.935 [info] > git rev-parse --git-dir --git-common-dir [7ms]
2025-04-03 03:46:35.975 [info] [Model][openRepository] Opened repository: /home/hr.bcp-sms1.com/public_html
2025-04-03 03:46:36.022 [info] > git rev-parse --show-toplevel [5ms]
2025-04-03 03:46:36.024 [info] > git config --get commit.template [24ms]
2025-04-03 03:46:36.089 [info] > git rev-parse --show-toplevel [44ms]
2025-04-03 03:46:36.131 [info] > git for-each-ref --format=%(refname)%00%(upstream:short)%00%(objectname)%00%(upstream:track)%00%(upstream:remotename)%00%(upstream:remoteref) refs/heads/kas refs/remotes/kas [49ms]
2025-04-03 03:46:36.134 [info] > git rev-parse --show-toplevel [18ms]
2025-04-03 03:46:37.713 [info] > git fetch [1739ms]
2025-04-03 03:46:37.793 [info] > git rev-parse --show-toplevel [168ms]
2025-04-03 03:46:37.826 [info] > git config --get commit.template [79ms]
2025-04-03 03:46:37.826 [info] > git for-each-ref --format=%(refname)%00%(upstream:short)%00%(objectname)%00%(upstream:track)%00%(upstream:remotename)%00%(upstream:remoteref) refs/heads/kas refs/remotes/kas [97ms]
2025-04-03 03:46:38.099 [info] > git config --get commit.template [275ms]
2025-04-03 03:46:38.117 [info] > git rev-parse --show-toplevel [264ms]
2025-04-03 03:46:38.117 [info] > git config --get --local branch.kas.vscode-merge-base [277ms]
2025-04-03 03:46:38.186 [info] > git check-ignore -v -z --stdin [38ms]
2025-04-03 03:46:38.198 [info] > git for-each-ref --format=%(refname)%00%(upstream:short)%00%(objectname)%00%(upstream:track)%00%(upstream:remotename)%00%(upstream:remoteref) refs/heads/origin/kas refs/remotes/origin/kas [67ms]
2025-04-03 03:46:38.217 [info] > git for-each-ref --format=%(refname)%00%(upstream:short)%00%(objectname)%00%(upstream:track)%00%(upstream:remotename)%00%(upstream:remoteref) refs/heads/kas refs/remotes/kas [105ms]
2025-04-03 03:46:38.240 [info] > git rev-parse --show-toplevel [59ms]
2025-04-03 03:46:38.240 [info] > git for-each-ref --format=%(refname)%00%(upstream:short)%00%(objectname)%00%(upstream:track)%00%(upstream:remotename)%00%(upstream:remoteref) refs/heads/kas refs/remotes/kas [75ms]
2025-04-03 03:46:38.261 [info] > git merge-base refs/heads/kas refs/remotes/origin/kas [45ms]
2025-04-03 03:46:38.297 [info] > git rev-parse --show-toplevel [37ms]
2025-04-03 03:46:38.354 [info] > git diff --name-status -z --diff-filter=ADMR 597c0b4333262cdd964bd5e95324da40e26f9322...refs/remotes/origin/kas [72ms]
2025-04-03 03:46:38.380 [info] > git rev-parse --show-toplevel [42ms]
2025-04-03 03:46:38.385 [info] [Model][doInitialScan] Initial repository scan completed - repositories (1), closed repositories (0), parent repositories (0), unsafe repositories (0)
2025-04-03 03:46:38.429 [info] > git merge-base refs/heads/kas refs/remotes/origin/kas [107ms]
2025-04-03 03:46:38.521 [info] > git status -z -uall [155ms]
2025-04-03 03:46:38.521 [info] > git show --textconv :page/complaint-feedback/List.php [116ms]
2025-04-03 03:46:38.522 [info] > git ls-files --stage -- page/complaint-feedback/List.php [94ms]
2025-04-03 03:46:38.559 [info] > git for-each-ref --sort -committerdate --format %(refname) %(objectname) %(*objectname) [180ms]
2025-04-03 03:46:38.762 [info] > git cat-file -s 3d87cf8d3ad320039b81582c580c425f05216628 [204ms]
2025-04-03 03:46:38.773 [info] > git diff --name-status -z --diff-filter=ADMR 597c0b4333262cdd964bd5e95324da40e26f9322...refs/remotes/origin/kas [331ms]
2025-04-03 03:46:38.777 [info] > git config --get commit.template [28ms]
2025-04-03 03:46:39.483 [info] > git for-each-ref --format=%(refname)%00%(upstream:short)%00%(objectname)%00%(upstream:track)%00%(upstream:remotename)%00%(upstream:remoteref) refs/heads/kas refs/remotes/kas [676ms]
2025-04-03 03:46:39.553 [info] > git status -z -uall [52ms]
2025-04-03 03:46:39.570 [info] > git for-each-ref --sort -committerdate --format %(refname) %(objectname) %(*objectname) [44ms]
2025-04-03 03:46:39.888 [info] > git ls-files --stage -- page/complaint-feedback/List.php [110ms]
2025-04-03 03:46:39.965 [info] > git cat-file -s 3d87cf8d3ad320039b81582c580c425f05216628 [47ms]
2025-04-03 03:46:40.354 [info] > git show --textconv :page/complaint-feedback/List.php [59ms]
2025-04-03 03:46:40.373 [info] > git blame --root --incremental 597c0b4333262cdd964bd5e95324da40e26f9322 -- page/complaint-feedback/List.php [506ms]
2025-04-03 03:47:46.710 [info] > git check-ignore -v -z --stdin [63ms]
2025-04-03 03:47:49.380 [info] > git check-ignore -v -z --stdin [3ms]
2025-04-03 03:47:53.379 [info] > git ls-files --stage -- page/survey/Main.php [5ms]
2025-04-03 03:47:53.403 [info] > git cat-file -s a39d299ff155325b799df84916afe4bbfc6b2f60 [18ms]
2025-04-03 03:47:53.411 [info] > git show --textconv :page/survey/Main.php [52ms]
2025-04-03 03:47:54.122 [info] > git blame --root --incremental 597c0b4333262cdd964bd5e95324da40e26f9322 -- page/survey/Main.php [379ms]
2025-04-03 03:48:04.746 [info] > git show --textconv :page/survey/Edit.php [30ms]
2025-04-03 03:48:04.758 [info] > git ls-files --stage -- page/survey/Edit.php [15ms]
2025-04-03 03:48:04.782 [info] > git cat-file -s 2a0c6fa7c322086b911ffc3448cd27da281a705f [6ms]
2025-04-03 03:49:20.993 [info] > git show --textconv :page/survey/Main.php [9ms]
2025-04-03 03:49:21.006 [info] > git ls-files --stage -- page/survey/Main.php [15ms]
2025-04-03 03:49:21.016 [info] > git cat-file -s a39d299ff155325b799df84916afe4bbfc6b2f60 [3ms]
2025-04-03 03:49:39.048 [info] > git fetch [708ms]
2025-04-03 03:49:39.069 [info] > git config --get commit.template [11ms]
2025-04-03 03:49:39.073 [info] > git for-each-ref --format=%(refname)%00%(upstream:short)%00%(objectname)%00%(upstream:track)%00%(upstream:remotename)%00%(upstream:remoteref) refs/heads/kas refs/remotes/kas [7ms]
2025-04-03 03:49:39.098 [info] > git for-each-ref --sort -committerdate --format %(refname) %(objectname) %(*objectname) [7ms]
2025-04-03 03:49:39.174 [info] > git status -z -uall [93ms]
2025-04-03 03:49:40.425 [info] > git for-each-ref --format=%(refname)%00%(upstream:short)%00%(objectname)%00%(upstream:track)%00%(upstream:remotename)%00%(upstream:remoteref) refs/heads/kas refs/remotes/kas [3ms]
2025-04-03 03:49:40.426 [info] > git config --get commit.template [9ms]
2025-04-03 03:49:40.440 [info] > git status -z -uall [8ms]
2025-04-03 03:49:40.442 [info] > git for-each-ref --sort -committerdate --format %(refname) %(objectname) %(*objectname) [2ms]
2025-04-03 03:49:40.853 [info] > git ls-files --stage -- page/survey/Main.php [2ms]
2025-04-03 03:49:40.864 [info] > git cat-file -s a39d299ff155325b799df84916afe4bbfc6b2f60 [2ms]
2025-04-03 03:49:41.172 [info] > git show --textconv :page/survey/Main.php [5ms]
2025-04-03 03:50:50.234 [info] > git config --get commit.template [7ms]
2025-04-03 03:50:50.270 [info] > git for-each-ref --format=%(refname)%00%(upstream:short)%00%(objectname)%00%(upstream:track)%00%(upstream:remotename)%00%(upstream:remoteref) refs/heads/kas refs/remotes/kas [6ms]
2025-04-03 03:50:50.362 [info] > git status -z -uall [35ms]
2025-04-03 03:50:50.389 [info] > git for-each-ref --sort -committerdate --format %(refname) %(objectname) %(*objectname) [28ms]
2025-04-03 03:50:55.464 [info] > git config --get commit.template [17ms]
2025-04-03 03:50:55.468 [info] > git for-each-ref --format=%(refname)%00%(upstream:short)%00%(objectname)%00%(upstream:track)%00%(upstream:remotename)%00%(upstream:remoteref) refs/heads/kas refs/remotes/kas [4ms]
2025-04-03 03:50:55.518 [info] > git status -z -uall [41ms]
2025-04-03 03:50:55.519 [info] > git for-each-ref --sort -committerdate --format %(refname) %(objectname) %(*objectname) [18ms]
2025-04-03 03:51:17.822 [info] > git check-ignore -v -z --stdin [5ms]
2025-04-03 03:51:20.191 [info] > git show --textconv :page/user-profile/Profile.php [9ms]
2025-04-03 03:51:20.196 [info] > git ls-files --stage -- page/user-profile/Profile.php [6ms]
2025-04-03 03:51:20.206 [info] > git cat-file -s 3774325b1badd76a0ef1722f5f7bdcb74c9ea1d3 [2ms]
2025-04-03 03:51:23.617 [info] > git blame --root --incremental 597c0b4333262cdd964bd5e95324da40e26f9322 -- page/user-profile/Profile.php [369ms]
2025-04-03 03:52:07.317 [info] > git config --get commit.template [1ms]
2025-04-03 03:52:07.330 [info] > git for-each-ref --format=%(refname)%00%(upstream:short)%00%(objectname)%00%(upstream:track)%00%(upstream:remotename)%00%(upstream:remoteref) refs/heads/kas refs/remotes/kas [4ms]
2025-04-03 03:52:07.355 [info] > git status -z -uall [13ms]
2025-04-03 03:52:07.364 [info] > git for-each-ref --sort -committerdate --format %(refname) %(objectname) %(*objectname) [10ms]
2025-04-03 03:58:55.711 [info] > git fetch [279ms]
2025-04-03 03:58:55.725 [info] > git config --get commit.template [1ms]
2025-04-03 03:58:55.738 [info] > git for-each-ref --format=%(refname)%00%(upstream:short)%00%(objectname)%00%(upstream:track)%00%(upstream:remotename)%00%(upstream:remoteref) refs/heads/kas refs/remotes/kas [2ms]
2025-04-03 03:58:55.765 [info] > git status -z -uall [12ms]
2025-04-03 03:58:55.767 [info] > git for-each-ref --sort -committerdate --format %(refname) %(objectname) %(*objectname) [7ms]
2025-04-03 03:58:57.203 [info] > git config --get commit.template [13ms]
2025-04-03 03:58:57.204 [info] > git for-each-ref --format=%(refname)%00%(upstream:short)%00%(objectname)%00%(upstream:track)%00%(upstream:remotename)%00%(upstream:remoteref) refs/heads/kas refs/remotes/kas [8ms]
2025-04-03 03:58:57.243 [info] > git status -z -uall [23ms]
2025-04-03 03:58:57.247 [info] > git for-each-ref --sort -committerdate --format %(refname) %(objectname) %(*objectname) [6ms]
2025-04-03 03:58:57.571 [info] > git ls-files --stage -- page/user-profile/Profile.php [3ms]
2025-04-03 03:58:57.580 [info] > git cat-file -s 3774325b1badd76a0ef1722f5f7bdcb74c9ea1d3 [1ms]
2025-04-03 03:58:57.916 [info] > git show --textconv :page/user-profile/Profile.php [3ms]
2025-04-03 03:59:01.184 [info] > git check-ignore -v -z --stdin [5ms]
2025-04-03 03:59:05.195 [info] > git show --textconv :page/training-program/Edit_assignments.php [13ms]
2025-04-03 03:59:05.200 [info] > git ls-files --stage -- page/training-program/Edit_assignments.php [5ms]
2025-04-03 03:59:05.215 [info] > git cat-file -s f1f3387c6e7f179429763a19c8804afca3516958 [10ms]
2025-04-03 03:59:08.349 [info] > git blame --root --incremental 597c0b4333262cdd964bd5e95324da40e26f9322 -- page/training-program/Edit_assignments.php [136ms]
2025-04-03 03:59:39.035 [info] > git config --get commit.template [12ms]
2025-04-03 03:59:39.039 [info] > git for-each-ref --format=%(refname)%00%(upstream:short)%00%(objectname)%00%(upstream:track)%00%(upstream:remotename)%00%(upstream:remoteref) refs/heads/kas refs/remotes/kas [9ms]
2025-04-03 03:59:39.071 [info] > git status -z -uall [14ms]
2025-04-03 03:59:39.081 [info] > git for-each-ref --sort -committerdate --format %(refname) %(objectname) %(*objectname) [13ms]
2025-04-03 03:59:44.118 [info] > git config --get commit.template [9ms]
2025-04-03 03:59:44.119 [info] > git for-each-ref --format=%(refname)%00%(upstream:short)%00%(objectname)%00%(upstream:track)%00%(upstream:remotename)%00%(upstream:remoteref) refs/heads/kas refs/remotes/kas [2ms]
2025-04-03 03:59:44.145 [info] > git status -z -uall [17ms]
2025-04-03 03:59:44.153 [info] > git for-each-ref --sort -committerdate --format %(refname) %(objectname) %(*objectname) [10ms]
2025-04-03 03:59:57.864 [info] > git check-ignore -v -z --stdin [4ms]
2025-04-03 03:59:58.357 [info] > git show --textconv :api/training-program/update_assignments.php [19ms]
2025-04-03 03:59:58.358 [info] > git ls-files --stage -- api/training-program/update_assignments.php [15ms]
2025-04-03 03:59:58.369 [info] > git cat-file -s 945c4f432473afb1113fd3e56382d6104fad3c94 [3ms]
2025-04-03 04:00:30.466 [info] > git blame --root --incremental 597c0b4333262cdd964bd5e95324da40e26f9322 -- api/training-program/update_assignments.php [378ms]
2025-04-03 04:01:56.056 [info] > git fetch [255ms]
2025-04-03 04:01:56.075 [info] > git config --get commit.template [11ms]
2025-04-03 04:01:56.076 [info] > git for-each-ref --format=%(refname)%00%(upstream:short)%00%(objectname)%00%(upstream:track)%00%(upstream:remotename)%00%(upstream:remoteref) refs/heads/kas refs/remotes/kas [2ms]
2025-04-03 04:01:56.105 [info] > git status -z -uall [10ms]
2025-04-03 04:01:56.110 [info] > git for-each-ref --sort -committerdate --format %(refname) %(objectname) %(*objectname) [6ms]
2025-04-03 04:01:57.477 [info] > git config --get commit.template [10ms]
2025-04-03 04:01:57.481 [info] > git for-each-ref --format=%(refname)%00%(upstream:short)%00%(objectname)%00%(upstream:track)%00%(upstream:remotename)%00%(upstream:remoteref) refs/heads/kas refs/remotes/kas [7ms]
2025-04-03 04:01:57.525 [info] > git status -z -uall [36ms]
2025-04-03 04:01:57.540 [info] > git for-each-ref --sort -committerdate --format %(refname) %(objectname) %(*objectname) [15ms]
2025-04-03 04:01:58.221 [info] > git ls-files --stage -- api/training-program/update_assignments.php [3ms]
2025-04-03 04:01:58.230 [info] > git cat-file -s 945c4f432473afb1113fd3e56382d6104fad3c94 [2ms]
2025-04-03 04:01:58.510 [info] > git show --textconv :api/training-program/update_assignments.php [4ms]
2025-04-03 04:05:27.839 [info] > git fetch [359ms]
2025-04-03 04:05:27.890 [info] > git config --get commit.template [39ms]
2025-04-03 04:05:27.896 [info] > git for-each-ref --format=%(refname)%00%(upstream:short)%00%(objectname)%00%(upstream:track)%00%(upstream:remotename)%00%(upstream:remoteref) refs/heads/kas refs/remotes/kas [23ms]
2025-04-03 04:05:27.932 [info] > git status -z -uall [19ms]
2025-04-03 04:05:27.934 [info] > git for-each-ref --sort -committerdate --format %(refname) %(objectname) %(*objectname) [5ms]
2025-04-03 04:05:29.263 [info] > git config --get commit.template [11ms]
2025-04-03 04:05:29.263 [info] > git for-each-ref --format=%(refname)%00%(upstream:short)%00%(objectname)%00%(upstream:track)%00%(upstream:remotename)%00%(upstream:remoteref) refs/heads/kas refs/remotes/kas [2ms]
2025-04-03 04:05:29.295 [info] > git status -z -uall [14ms]
2025-04-03 04:05:29.307 [info] > git for-each-ref --sort -committerdate --format %(refname) %(objectname) %(*objectname) [13ms]
2025-04-03 04:05:29.717 [info] > git ls-files --stage -- api/training-program/update_assignments.php [7ms]
2025-04-03 04:05:29.739 [info] > git cat-file -s 945c4f432473afb1113fd3e56382d6104fad3c94 [5ms]
2025-04-03 04:05:30.038 [info] > git show --textconv :api/training-program/update_assignments.php [4ms]
2025-04-03 04:06:34.822 [info] > git config --get commit.template [13ms]
2025-04-03 04:06:34.824 [info] > git for-each-ref --format=%(refname)%00%(upstream:short)%00%(objectname)%00%(upstream:track)%00%(upstream:remotename)%00%(upstream:remoteref) refs/heads/kas refs/remotes/kas [3ms]
2025-04-03 04:06:34.845 [info] > git status -z -uall [12ms]
2025-04-03 04:06:34.850 [info] > git for-each-ref --sort -committerdate --format %(refname) %(objectname) %(*objectname) [6ms]
2025-04-03 04:06:39.873 [info] > git config --get commit.template [8ms]
2025-04-03 04:06:39.876 [info] > git for-each-ref --format=%(refname)%00%(upstream:short)%00%(objectname)%00%(upstream:track)%00%(upstream:remotename)%00%(upstream:remoteref) refs/heads/kas refs/remotes/kas [4ms]
2025-04-03 04:06:39.896 [info] > git status -z -uall [12ms]
2025-04-03 04:06:39.896 [info] > git for-each-ref --sort -committerdate --format %(refname) %(objectname) %(*objectname) [5ms]
2025-04-03 04:06:44.939 [info] > git config --get commit.template [9ms]
2025-04-03 04:06:44.943 [info] > git for-each-ref --format=%(refname)%00%(upstream:short)%00%(objectname)%00%(upstream:track)%00%(upstream:remotename)%00%(upstream:remoteref) refs/heads/kas refs/remotes/kas [6ms]
2025-04-03 04:06:44.965 [info] > git status -z -uall [14ms]
2025-04-03 04:06:44.968 [info] > git for-each-ref --sort -committerdate --format %(refname) %(objectname) %(*objectname) [4ms]
2025-04-03 04:06:47.983 [info] > git config --get commit.template [4ms]
2025-04-03 04:06:47.992 [info] > git for-each-ref --format=%(refname)%00%(upstream:short)%00%(objectname)%00%(upstream:track)%00%(upstream:remotename)%00%(upstream:remoteref) refs/heads/kas refs/remotes/kas [2ms]
2025-04-03 04:06:48.049 [info] > git status -z -uall [27ms]
2025-04-03 04:06:48.051 [info] > git for-each-ref --sort -committerdate --format %(refname) %(objectname) %(*objectname) [7ms]
2025-04-03 04:07:46.949 [info] > git config --get commit.template [10ms]
2025-04-03 04:07:46.953 [info] > git for-each-ref --format=%(refname)%00%(upstream:short)%00%(objectname)%00%(upstream:track)%00%(upstream:remotename)%00%(upstream:remoteref) refs/heads/kas refs/remotes/kas [5ms]
2025-04-03 04:07:46.983 [info] > git status -z -uall [10ms]
2025-04-03 04:07:46.986 [info] > git for-each-ref --sort -committerdate --format %(refname) %(objectname) %(*objectname) [5ms]
2025-04-03 04:07:47.005 [info] > git merge-base refs/heads/kas refs/remotes/origin/kas [3ms]
2025-04-03 04:07:47.023 [info] > git diff --name-status -z --diff-filter=ADMR 597c0b4333262cdd964bd5e95324da40e26f9322...refs/remotes/origin/kas [9ms]
2025-04-03 04:07:48.036 [info] > git config --get commit.template [10ms]
2025-04-03 04:07:48.040 [info] > git for-each-ref --format=%(refname)%00%(upstream:short)%00%(objectname)%00%(upstream:track)%00%(upstream:remotename)%00%(upstream:remoteref) refs/heads/kas refs/remotes/kas [5ms]
2025-04-03 04:07:48.078 [info] > git status -z -uall [11ms]
2025-04-03 04:07:48.079 [info] > git for-each-ref --sort -committerdate --format %(refname) %(objectname) %(*objectname) [3ms]
2025-04-03 04:07:59.789 [info] > git config --get commit.template [22ms]
2025-04-03 04:07:59.792 [info] > git for-each-ref --format=%(refname)%00%(upstream:short)%00%(objectname)%00%(upstream:track)%00%(upstream:remotename)%00%(upstream:remoteref) refs/heads/kas refs/remotes/kas [5ms]
2025-04-03 04:07:59.840 [info] > git status -z -uall [21ms]
2025-04-03 04:07:59.849 [info] > git for-each-ref --sort -committerdate --format %(refname) %(objectname) %(*objectname) [13ms]
2025-04-03 04:07:59.868 [info] > git merge-base refs/heads/kas refs/remotes/origin/kas [3ms]
2025-04-03 04:07:59.878 [info] > git diff --name-status -z --diff-filter=ADMR 5369eace12f0dd1fe4b23c8cda51a5f2a64e6bc9...refs/remotes/origin/kas [3ms]
2025-04-03 04:08:00.945 [info] > git config --get commit.template [1ms]
2025-04-03 04:08:00.956 [info] > git for-each-ref --format=%(refname)%00%(upstream:short)%00%(objectname)%00%(upstream:track)%00%(upstream:remotename)%00%(upstream:remoteref) refs/heads/kas refs/remotes/kas [3ms]
2025-04-03 04:08:00.976 [info] > git status -z -uall [9ms]
2025-04-03 04:08:00.979 [info] > git for-each-ref --sort -committerdate --format %(refname) %(objectname) %(*objectname) [5ms]
2025-04-03 04:08:28.385 [info] > git fetch [379ms]
2025-04-03 04:08:28.442 [info] > git config --get commit.template [27ms]
2025-04-03 04:08:28.447 [info] > git for-each-ref --format=%(refname)%00%(upstream:short)%00%(objectname)%00%(upstream:track)%00%(upstream:remotename)%00%(upstream:remoteref) refs/heads/kas refs/remotes/kas [9ms]
2025-04-03 04:08:28.473 [info] > git status -z -uall [17ms]
2025-04-03 04:08:28.478 [info] > git for-each-ref --sort -committerdate --format %(refname) %(objectname) %(*objectname) [6ms]
2025-04-03 04:08:29.807 [info] > git config --get commit.template [1ms]
2025-04-03 04:08:29.820 [info] > git for-each-ref --format=%(refname)%00%(upstream:short)%00%(objectname)%00%(upstream:track)%00%(upstream:remotename)%00%(upstream:remoteref) refs/heads/kas refs/remotes/kas [1ms]
2025-04-03 04:08:29.840 [info] > git status -z -uall [10ms]
2025-04-03 04:08:29.841 [info] > git for-each-ref --sort -committerdate --format %(refname) %(objectname) %(*objectname) [2ms]
