2025-04-01 09:00:33.874 [info] [main] Log level: Info
2025-04-01 09:00:33.874 [info] [main] Validating found git in: "git"
2025-04-01 09:00:33.874 [info] [main] Using git "2.25.1" from "git"
2025-04-01 09:00:33.874 [info] [Model][doInitialScan] Initial repository scan started
2025-04-01 09:00:33.874 [info] > git rev-parse --show-toplevel [27ms]
2025-04-01 09:00:33.874 [info] > git rev-parse --git-dir --git-common-dir [9ms]
2025-04-01 09:00:33.874 [info] [Model][openRepository] Opened repository: /home/hr.bcp-sms1.com/public_html
2025-04-01 09:00:33.875 [info] > git rev-parse --show-toplevel [3ms]
2025-04-01 09:00:33.877 [info] > git config --get commit.template [15ms]
2025-04-01 09:00:33.915 [info] > git rev-parse --show-toplevel [22ms]
2025-04-01 09:00:33.916 [info] > git for-each-ref --format=%(refname)%00%(upstream:short)%00%(objectname)%00%(upstream:track)%00%(upstream:remotename)%00%(upstream:remoteref) refs/heads/kas refs/remotes/kas [3ms]
2025-04-01 09:00:33.970 [info] > git status -z -uall [18ms]
2025-04-01 09:00:33.980 [info] > git for-each-ref --sort -committerdate --format %(refname) %(objectname) %(*objectname) [3ms]
2025-04-01 09:00:34.201 [info] > git rev-parse --show-toplevel [269ms]
2025-04-01 09:00:35.753 [info] > git for-each-ref --format=%(refname)%00%(upstream:short)%00%(objectname)%00%(upstream:track)%00%(upstream:remotename)%00%(upstream:remoteref) refs/heads/kas refs/remotes/kas [1571ms]
2025-04-01 09:00:35.773 [info] > git fetch [1939ms]
2025-04-01 09:00:35.840 [info] > git check-ignore -v -z --stdin [30ms]
2025-04-01 09:00:35.846 [info] > git config --get --local branch.kas.vscode-merge-base [73ms]
2025-04-01 09:00:35.886 [info] > git rev-parse --show-toplevel [146ms]
2025-04-01 09:00:35.886 [info] > git config --get commit.template [166ms]
2025-04-01 09:00:35.915 [info] > git config --get commit.template [84ms]
2025-04-01 09:00:36.217 [info] > git rev-parse --show-toplevel [303ms]
2025-04-01 09:00:36.217 [info] > git for-each-ref --format=%(refname)%00%(upstream:short)%00%(objectname)%00%(upstream:track)%00%(upstream:remotename)%00%(upstream:remoteref) refs/heads/origin/kas refs/remotes/origin/kas [332ms]
2025-04-01 09:00:36.440 [info] > git for-each-ref --format=%(refname)%00%(upstream:short)%00%(objectname)%00%(upstream:track)%00%(upstream:remotename)%00%(upstream:remoteref) refs/heads/kas refs/remotes/kas [509ms]
2025-04-01 09:00:36.444 [info] > git rev-parse --show-toplevel [83ms]
2025-04-01 09:00:36.444 [info] > git for-each-ref --format=%(refname)%00%(upstream:short)%00%(objectname)%00%(upstream:track)%00%(upstream:remotename)%00%(upstream:remoteref) refs/heads/kas refs/remotes/kas [106ms]
2025-04-01 09:00:36.445 [info] > git merge-base refs/heads/kas refs/remotes/origin/kas [156ms]
2025-04-01 09:00:36.514 [info] > git rev-parse --show-toplevel [12ms]
2025-04-01 09:00:36.517 [info] > git diff --name-status -z --diff-filter=ADMR f526fd922837f28016a49c7d252e805e8aca6003...refs/remotes/origin/kas [26ms]
2025-04-01 09:00:36.605 [info] > git rev-parse --show-toplevel [61ms]
2025-04-01 09:00:36.609 [info] [Model][doInitialScan] Initial repository scan completed - repositories (1), closed repositories (0), parent repositories (0), unsafe repositories (0)
2025-04-01 09:00:36.696 [info] > git for-each-ref --sort -committerdate --format %(refname) %(objectname) %(*objectname) [49ms] (cancelled)
2025-04-01 09:00:36.701 [info] > git show --textconv :page/performance-evaluation/Adminmain.php [80ms]
2025-04-01 09:00:36.701 [info] > git status -z -uall [61ms] (cancelled)
2025-04-01 09:00:36.725 [info] > git ls-files --stage -- page/performance-evaluation/Adminmain.php [94ms]
2025-04-01 09:00:36.753 [info] > git config --get commit.template [29ms]
2025-04-01 09:00:36.764 [info] > git cat-file -s 997165fb9bffbf637cbca4f0c8430b3aa80a95be [18ms]
2025-04-01 09:00:37.304 [info] > git for-each-ref --format=%(refname)%00%(upstream:short)%00%(objectname)%00%(upstream:track)%00%(upstream:remotename)%00%(upstream:remoteref) refs/heads/kas refs/remotes/kas [542ms]
2025-04-01 09:00:37.347 [info] > git status -z -uall [27ms]
2025-04-01 09:00:37.364 [info] > git for-each-ref --sort -committerdate --format %(refname) %(objectname) %(*objectname) [34ms]
2025-04-01 09:00:37.943 [info] > git ls-files --stage -- page/performance-evaluation/Adminmain.php [20ms]
2025-04-01 09:00:37.997 [info] > git cat-file -s 997165fb9bffbf637cbca4f0c8430b3aa80a95be [43ms]
2025-04-01 09:00:38.214 [info] > git blame --root --incremental f526fd922837f28016a49c7d252e805e8aca6003 -- page/performance-evaluation/Adminmain.php [167ms]
2025-04-01 09:00:39.551 [info] > git show --textconv :page/performance-evaluation/Adminmain.php [199ms]
2025-04-01 09:01:34.245 [info] > git check-ignore -v -z --stdin [5ms]
2025-04-01 09:01:37.376 [info] > git check-ignore -v -z --stdin [2ms]
2025-04-01 09:01:39.120 [info] > git check-ignore -v -z --stdin [25ms]
2025-04-01 09:01:41.310 [info] > git check-ignore -v -z --stdin [8ms]
2025-04-01 09:01:43.596 [info] > git show --textconv :api/auth/auth.php [14ms]
2025-04-01 09:01:43.605 [info] > git ls-files --stage -- api/auth/auth.php [6ms]
2025-04-01 09:01:43.630 [info] > git cat-file -s a1fbbe80586652e2d4b8672a02c09681ebed74b1 [3ms]
2025-04-01 09:01:49.893 [info] > git blame --root --incremental f526fd922837f28016a49c7d252e805e8aca6003 -- api/auth/auth.php [320ms]
2025-04-01 09:02:07.408 [info] > git config --get commit.template [8ms]
2025-04-01 09:02:07.409 [info] > git for-each-ref --format=%(refname)%00%(upstream:short)%00%(objectname)%00%(upstream:track)%00%(upstream:remotename)%00%(upstream:remoteref) refs/heads/kas refs/remotes/kas [3ms]
2025-04-01 09:02:07.438 [info] > git status -z -uall [19ms]
2025-04-01 09:02:07.445 [info] > git for-each-ref --sort -committerdate --format %(refname) %(objectname) %(*objectname) [10ms]
2025-04-01 09:02:12.494 [info] > git config --get commit.template [25ms]
2025-04-01 09:02:12.497 [info] > git for-each-ref --format=%(refname)%00%(upstream:short)%00%(objectname)%00%(upstream:track)%00%(upstream:remotename)%00%(upstream:remoteref) refs/heads/kas refs/remotes/kas [4ms]
2025-04-01 09:02:12.543 [info] > git status -z -uall [24ms]
2025-04-01 09:02:12.543 [info] > git for-each-ref --sort -committerdate --format %(refname) %(objectname) %(*objectname) [2ms]
2025-04-01 09:02:17.797 [info] > git config --get commit.template [23ms]
2025-04-01 09:02:17.798 [info] > git for-each-ref --format=%(refname)%00%(upstream:short)%00%(objectname)%00%(upstream:track)%00%(upstream:remotename)%00%(upstream:remoteref) refs/heads/kas refs/remotes/kas [7ms]
2025-04-01 09:02:17.834 [info] > git status -z -uall [27ms]
2025-04-01 09:02:17.835 [info] > git for-each-ref --sort -committerdate --format %(refname) %(objectname) %(*objectname) [2ms]
2025-04-01 09:02:22.898 [info] > git config --get commit.template [30ms]
2025-04-01 09:02:22.917 [info] > git for-each-ref --format=%(refname)%00%(upstream:short)%00%(objectname)%00%(upstream:track)%00%(upstream:remotename)%00%(upstream:remoteref) refs/heads/kas refs/remotes/kas [27ms]
2025-04-01 09:02:22.957 [info] > git status -z -uall [17ms]
2025-04-01 09:02:22.966 [info] > git for-each-ref --sort -committerdate --format %(refname) %(objectname) %(*objectname) [9ms]
2025-04-01 09:02:28.065 [info] > git config --get commit.template [52ms]
2025-04-01 09:02:28.071 [info] > git for-each-ref --format=%(refname)%00%(upstream:short)%00%(objectname)%00%(upstream:track)%00%(upstream:remotename)%00%(upstream:remoteref) refs/heads/kas refs/remotes/kas [7ms]
2025-04-01 09:02:28.114 [info] > git status -z -uall [29ms]
2025-04-01 09:02:28.115 [info] > git for-each-ref --sort -committerdate --format %(refname) %(objectname) %(*objectname) [7ms]
2025-04-01 09:03:41.199 [info] > git fetch [368ms]
2025-04-01 09:03:41.263 [info] > git config --get commit.template [20ms]
2025-04-01 09:03:41.265 [info] > git for-each-ref --format=%(refname)%00%(upstream:short)%00%(objectname)%00%(upstream:track)%00%(upstream:remotename)%00%(upstream:remoteref) refs/heads/kas refs/remotes/kas [3ms]
2025-04-01 09:03:41.288 [info] > git status -z -uall [12ms]
2025-04-01 09:03:41.294 [info] > git for-each-ref --sort -committerdate --format %(refname) %(objectname) %(*objectname) [7ms]
2025-04-01 09:03:42.600 [info] > git config --get commit.template [8ms]
2025-04-01 09:03:42.605 [info] > git for-each-ref --format=%(refname)%00%(upstream:short)%00%(objectname)%00%(upstream:track)%00%(upstream:remotename)%00%(upstream:remoteref) refs/heads/kas refs/remotes/kas [6ms]
2025-04-01 09:03:42.628 [info] > git status -z -uall [12ms]
2025-04-01 09:03:42.633 [info] > git for-each-ref --sort -committerdate --format %(refname) %(objectname) %(*objectname) [5ms]
2025-04-01 09:03:42.956 [info] > git ls-files --stage -- api/auth/auth.php [14ms]
2025-04-01 09:03:42.965 [info] > git cat-file -s a1fbbe80586652e2d4b8672a02c09681ebed74b1 [4ms]
2025-04-01 09:03:43.253 [info] > git show --textconv :api/auth/auth.php [3ms]
2025-04-01 09:03:47.672 [info] > git config --get commit.template [20ms]
2025-04-01 09:03:47.675 [info] > git for-each-ref --format=%(refname)%00%(upstream:short)%00%(objectname)%00%(upstream:track)%00%(upstream:remotename)%00%(upstream:remoteref) refs/heads/kas refs/remotes/kas [4ms]
2025-04-01 09:03:47.698 [info] > git status -z -uall [14ms]
2025-04-01 09:03:47.699 [info] > git for-each-ref --sort -committerdate --format %(refname) %(objectname) %(*objectname) [3ms]
2025-04-01 09:03:52.732 [info] > git config --get commit.template [13ms]
2025-04-01 09:03:52.733 [info] > git for-each-ref --format=%(refname)%00%(upstream:short)%00%(objectname)%00%(upstream:track)%00%(upstream:remotename)%00%(upstream:remoteref) refs/heads/kas refs/remotes/kas [2ms]
2025-04-01 09:03:52.767 [info] > git status -z -uall [18ms]
2025-04-01 09:03:52.769 [info] > git for-each-ref --sort -committerdate --format %(refname) %(objectname) %(*objectname) [5ms]
2025-04-01 09:03:52.988 [info] > git show --textconv :page/performance-evaluation/Adminmain.php [12ms]
2025-04-01 09:03:52.989 [info] > git ls-files --stage -- page/performance-evaluation/Adminmain.php [2ms]
2025-04-01 09:03:53.035 [info] > git cat-file -s 997165fb9bffbf637cbca4f0c8430b3aa80a95be [35ms]
2025-04-01 09:03:57.800 [info] > git config --get commit.template [5ms]
2025-04-01 09:03:57.831 [info] > git for-each-ref --format=%(refname)%00%(upstream:short)%00%(objectname)%00%(upstream:track)%00%(upstream:remotename)%00%(upstream:remoteref) refs/heads/kas refs/remotes/kas [10ms]
2025-04-01 09:03:57.852 [info] > git status -z -uall [13ms]
2025-04-01 09:03:57.854 [info] > git for-each-ref --sort -committerdate --format %(refname) %(objectname) %(*objectname) [2ms]
2025-04-01 09:04:21.709 [info] > git config --get commit.template [1ms]
2025-04-01 09:04:21.728 [info] > git for-each-ref --format=%(refname)%00%(upstream:short)%00%(objectname)%00%(upstream:track)%00%(upstream:remotename)%00%(upstream:remoteref) refs/heads/kas refs/remotes/kas [8ms]
2025-04-01 09:04:21.752 [info] > git status -z -uall [10ms]
2025-04-01 09:04:21.757 [info] > git for-each-ref --sort -committerdate --format %(refname) %(objectname) %(*objectname) [7ms]
2025-04-01 09:04:21.835 [info] > git merge-base refs/heads/kas refs/remotes/origin/kas [10ms]
2025-04-01 09:04:21.854 [info] > git diff --name-status -z --diff-filter=ADMR f526fd922837f28016a49c7d252e805e8aca6003...refs/remotes/origin/kas [2ms]
2025-04-01 09:04:22.855 [info] > git config --get commit.template [12ms]
2025-04-01 09:04:22.856 [info] > git for-each-ref --format=%(refname)%00%(upstream:short)%00%(objectname)%00%(upstream:track)%00%(upstream:remotename)%00%(upstream:remoteref) refs/heads/kas refs/remotes/kas [3ms]
2025-04-01 09:04:22.885 [info] > git status -z -uall [20ms]
2025-04-01 09:04:22.885 [info] > git for-each-ref --sort -committerdate --format %(refname) %(objectname) %(*objectname) [1ms]
2025-04-01 09:04:25.213 [info] > git config --get commit.template [22ms]
2025-04-01 09:04:25.265 [info] > git for-each-ref --format=%(refname)%00%(upstream:short)%00%(objectname)%00%(upstream:track)%00%(upstream:remotename)%00%(upstream:remoteref) refs/heads/kas refs/remotes/kas [52ms]
2025-04-01 09:04:25.322 [info] > git status -z -uall [22ms]
2025-04-01 09:04:25.334 [info] > git for-each-ref --sort -committerdate --format %(refname) %(objectname) %(*objectname) [12ms]
2025-04-01 09:04:25.379 [info] > git merge-base refs/heads/kas refs/remotes/origin/kas [15ms]
2025-04-01 09:04:25.398 [info] > git diff --name-status -z --diff-filter=ADMR 0486c1a9efdce8c08ecd3d8259bf6ef3840d3cf5...refs/remotes/origin/kas [1ms]
2025-04-01 09:04:27.908 [info] > git config --get commit.template [8ms]
2025-04-01 09:04:27.915 [info] > git for-each-ref --format=%(refname)%00%(upstream:short)%00%(objectname)%00%(upstream:track)%00%(upstream:remotename)%00%(upstream:remoteref) refs/heads/kas refs/remotes/kas [8ms]
2025-04-01 09:04:27.951 [info] > git status -z -uall [17ms]
2025-04-01 09:04:27.956 [info] > git for-each-ref --sort -committerdate --format %(refname) %(objectname) %(*objectname) [14ms]
2025-04-01 09:04:46.282 [info] > git show --textconv :api/auth/auth.php [23ms]
2025-04-01 09:04:46.297 [info] > git ls-files --stage -- api/auth/auth.php [19ms]
2025-04-01 09:04:46.308 [info] > git cat-file -s 1b28f2903e0aab0186a1e775a413eed3143ef508 [3ms]
2025-04-01 09:04:46.624 [info] > git blame --root --incremental 0486c1a9efdce8c08ecd3d8259bf6ef3840d3cf5 -- api/auth/auth.php [23ms]
