2025-04-05 02:04:25.047 [info] [main] Log level: Info
2025-04-05 02:04:25.047 [info] [main] Validating found git in: "git"
2025-04-05 02:04:25.047 [info] [main] Using git "2.25.1" from "git"
2025-04-05 02:04:25.047 [info] [Model][doInitialScan] Initial repository scan started
2025-04-05 02:04:25.047 [info] > git rev-parse --show-toplevel [37ms]
2025-04-05 02:04:25.052 [info] > git rev-parse --git-dir --git-common-dir [12ms]
2025-04-05 02:04:25.103 [info] [Model][openRepository] Opened repository: /home/hr.bcp-sms1.com/public_html
2025-04-05 02:04:25.173 [info] > git config --get commit.template [13ms]
2025-04-05 02:04:25.188 [info] > git rev-parse --show-toplevel [19ms]
2025-04-05 02:04:25.242 [info] > git for-each-ref --format=%(refname)%00%(upstream:short)%00%(objectname)%00%(upstream:track)%00%(upstream:remotename)%00%(upstream:remoteref) refs/heads/kas refs/remotes/kas [57ms]
2025-04-05 02:04:25.728 [info] > git rev-parse --show-toplevel [517ms]
2025-04-05 02:04:25.863 [info] > git status -z -uall [28ms]
2025-04-05 02:04:25.864 [info] > git rev-parse --show-toplevel [73ms]
2025-04-05 02:04:26.277 [info] > git check-ignore -v -z --stdin [21ms]
2025-04-05 02:04:26.279 [info] > git rev-parse --show-toplevel [44ms]
2025-04-05 02:04:26.280 [info] > git fetch [1178ms]
2025-04-05 02:04:26.284 [info] > git for-each-ref --sort -committerdate --format %(refname)%00%(objectname)%00%(*objectname) [423ms] (cancelled)
2025-04-05 02:04:26.509 [info] > git config --get commit.template [66ms]
2025-04-05 02:04:26.509 [info] > git config --get commit.template [103ms]
2025-04-05 02:04:26.509 [info] > git rev-parse --show-toplevel [128ms]
2025-04-05 02:04:26.510 [info] > git for-each-ref --format=%(refname)%00%(upstream:short)%00%(objectname)%00%(upstream:track)%00%(upstream:remotename)%00%(upstream:remoteref) refs/heads/kas refs/remotes/kas [165ms]
2025-04-05 02:04:26.615 [info] > git config --get --local branch.kas.vscode-merge-base [83ms]
2025-04-05 02:04:26.804 [info] > git for-each-ref --format=%(refname)%00%(upstream:short)%00%(objectname)%00%(upstream:track)%00%(upstream:remotename)%00%(upstream:remoteref) refs/heads/kas refs/remotes/kas [190ms]
2025-04-05 02:04:26.805 [info] > git for-each-ref --format=%(refname)%00%(upstream:short)%00%(objectname)%00%(upstream:track)%00%(upstream:remotename)%00%(upstream:remoteref) refs/heads/kas refs/remotes/kas [211ms]
2025-04-05 02:04:26.805 [info] > git rev-parse --show-toplevel [238ms]
2025-04-05 02:04:26.811 [info] > git for-each-ref --format=%(refname)%00%(upstream:short)%00%(objectname)%00%(upstream:track)%00%(upstream:remotename)%00%(upstream:remoteref) refs/heads/origin/kas refs/remotes/origin/kas [126ms]
2025-04-05 02:04:28.094 [info] > git rev-parse --show-toplevel [1165ms]
2025-04-05 02:04:28.098 [info] [Model][doInitialScan] Initial repository scan completed - repositories (1), closed repositories (0), parent repositories (0), unsafe repositories (0)
2025-04-05 02:04:28.103 [info] > git merge-base refs/heads/kas refs/remotes/origin/kas [1250ms]
2025-04-05 02:04:28.784 [info] > git status -z -uall [616ms]
2025-04-05 02:04:28.784 [info] > git for-each-ref --sort -committerdate --format %(refname)%00%(objectname)%00%(*objectname) [591ms]
2025-04-05 02:04:29.002 [info] > git diff --name-status -z --diff-filter=ADMR 3de680cccb448b1a425eb385cafdfd7defa5abf4...refs/remotes/origin/kas [854ms]
2025-04-05 02:04:29.260 [info] > git merge-base refs/heads/kas refs/remotes/origin/kas [278ms]
2025-04-05 02:04:29.383 [info] > git merge-base refs/heads/kas refs/remotes/origin/kas [1150ms]
2025-04-05 02:04:29.728 [info] > git diff --name-status -z --diff-filter=ADMR 3de680cccb448b1a425eb385cafdfd7defa5abf4...refs/remotes/origin/kas [305ms]
2025-04-05 02:04:29.729 [info] > git diff --name-status -z --diff-filter=ADMR 3de680cccb448b1a425eb385cafdfd7defa5abf4...refs/remotes/origin/kas [347ms]
2025-04-05 02:04:29.738 [info] > git config --get commit.template [545ms]
2025-04-05 02:04:29.791 [info] > git for-each-ref --format=%(refname)%00%(upstream:short)%00%(objectname)%00%(upstream:track)%00%(upstream:remotename)%00%(upstream:remoteref) refs/heads/kas refs/remotes/kas [5ms]
2025-04-05 02:04:29.942 [info] > git status -z -uall [133ms]
2025-04-05 02:04:29.942 [info] > git for-each-ref --sort -committerdate --format %(refname)%00%(objectname)%00%(*objectname) [118ms]
2025-04-05 02:04:35.574 [info] > git diff --name-status -z --diff-filter=ADMR @{upstream} [12ms]
2025-04-05 02:04:35.584 [info] > git check-ignore -v -z --stdin [11ms]
2025-04-05 02:04:38.957 [info] > git show --textconv :api/user-management/create_user.php [149ms]
2025-04-05 02:04:38.961 [info] > git ls-files --stage -- api/user-management/create_user.php [131ms]
2025-04-05 02:04:38.980 [info] > git cat-file -s 2f217f0fabbdb49e7a0384b48af6e44f34c338c4 [5ms]
2025-04-05 02:04:41.054 [info] > git blame --root --incremental 3de680cccb448b1a425eb385cafdfd7defa5abf4 -- api/user-management/create_user.php [1431ms]
2025-04-05 02:06:35.612 [info] > git diff --name-status -z --diff-filter=ADMR @{upstream} [17ms]
2025-04-05 02:08:35.577 [info] > git diff --name-status -z --diff-filter=ADMR @{upstream} [7ms]
2025-04-05 02:10:35.587 [info] > git diff --name-status -z --diff-filter=ADMR @{upstream} [7ms]
2025-04-05 02:12:35.588 [info] > git diff --name-status -z --diff-filter=ADMR @{upstream} [9ms]
2025-04-05 02:14:35.590 [info] > git diff --name-status -z --diff-filter=ADMR @{upstream} [8ms]
2025-04-05 02:16:35.803 [info] > git diff --name-status -z --diff-filter=ADMR @{upstream} [2ms]
2025-04-05 02:18:35.606 [info] > git diff --name-status -z --diff-filter=ADMR @{upstream} [18ms]
2025-04-05 02:20:35.599 [info] > git diff --name-status -z --diff-filter=ADMR @{upstream} [14ms]
2025-04-05 02:22:35.597 [info] > git diff --name-status -z --diff-filter=ADMR @{upstream} [4ms]
2025-04-05 02:24:35.600 [info] > git diff --name-status -z --diff-filter=ADMR @{upstream} [15ms]
2025-04-05 02:26:35.593 [info] > git diff --name-status -z --diff-filter=ADMR @{upstream} [9ms]
2025-04-05 02:28:35.597 [info] > git diff --name-status -z --diff-filter=ADMR @{upstream} [7ms]
2025-04-05 02:30:35.616 [info] > git diff --name-status -z --diff-filter=ADMR @{upstream} [12ms]
2025-04-05 02:31:13.609 [info] > git fetch [664ms]
2025-04-05 02:31:13.626 [info] > git config --get commit.template [8ms]
2025-04-05 02:31:13.626 [info] > git for-each-ref --format=%(refname)%00%(upstream:short)%00%(objectname)%00%(upstream:track)%00%(upstream:remotename)%00%(upstream:remoteref) refs/heads/kas refs/remotes/kas [3ms]
2025-04-05 02:31:13.669 [info] > git status -z -uall [14ms]
2025-04-05 02:31:13.673 [info] > git for-each-ref --sort -committerdate --format %(refname)%00%(objectname)%00%(*objectname) [6ms]
2025-04-05 02:31:14.951 [info] > git config --get commit.template [5ms]
2025-04-05 02:31:14.960 [info] > git for-each-ref --format=%(refname)%00%(upstream:short)%00%(objectname)%00%(upstream:track)%00%(upstream:remotename)%00%(upstream:remoteref) refs/heads/kas refs/remotes/kas [3ms]
2025-04-05 02:31:14.980 [info] > git status -z -uall [14ms]
2025-04-05 02:31:14.980 [info] > git for-each-ref --sort -committerdate --format %(refname)%00%(objectname)%00%(*objectname) [1ms]
2025-04-05 02:31:15.329 [info] > git ls-files --stage -- api/user-management/create_user.php [9ms]
2025-04-05 02:31:15.337 [info] > git cat-file -s 2f217f0fabbdb49e7a0384b48af6e44f34c338c4 [2ms]
2025-04-05 02:31:15.621 [info] > git show --textconv :api/user-management/create_user.php [4ms]
2025-04-05 02:31:18.628 [info] > git check-ignore -v -z --stdin [5ms]
2025-04-05 02:31:19.662 [info] > git check-ignore -v -z --stdin [2ms]
2025-04-05 02:31:23.029 [info] > git check-ignore -v -z --stdin [4ms]
2025-04-05 02:31:24.831 [info] > git ls-files --stage -- page/user-management/Create.php [6ms]
2025-04-05 02:31:24.839 [info] > git show --textconv :page/user-management/Create.php [22ms]
2025-04-05 02:31:24.844 [info] > git cat-file -s 614d3218d5aa9e1054a02f96b230462374487c85 [6ms]
2025-04-05 02:31:25.516 [info] > git blame --root --incremental 3de680cccb448b1a425eb385cafdfd7defa5abf4 -- page/user-management/Create.php [232ms]
2025-04-05 02:31:54.946 [info] > git show --textconv :api/user-management/create_user.php [28ms]
2025-04-05 02:31:54.954 [info] > git ls-files --stage -- api/user-management/create_user.php [11ms]
2025-04-05 02:31:54.965 [info] > git cat-file -s 2f217f0fabbdb49e7a0384b48af6e44f34c338c4 [5ms]
2025-04-05 02:32:35.605 [info] > git diff --name-status -z --diff-filter=ADMR @{upstream} [19ms]
2025-04-05 02:33:47.784 [info] > git check-ignore -v -z --stdin [8ms]
2025-04-05 02:33:49.461 [info] > git show --textconv :page/user-management/Create.php [14ms]
2025-04-05 02:33:49.462 [info] > git ls-files --stage -- page/user-management/Create.php [3ms]
2025-04-05 02:33:49.474 [info] > git cat-file -s 614d3218d5aa9e1054a02f96b230462374487c85 [2ms]
2025-04-05 02:34:35.594 [info] > git diff --name-status -z --diff-filter=ADMR @{upstream} [7ms]
2025-04-05 02:36:35.656 [info] > git diff --name-status -z --diff-filter=ADMR @{upstream} [18ms]
2025-04-05 02:38:35.594 [info] > git diff --name-status -z --diff-filter=ADMR @{upstream} [6ms]
2025-04-05 02:40:35.612 [info] > git diff --name-status -z --diff-filter=ADMR @{upstream} [8ms]
2025-04-05 02:42:30.391 [info] > git fetch [342ms]
2025-04-05 02:42:30.448 [info] > git config --get commit.template [20ms]
2025-04-05 02:42:30.461 [info] > git for-each-ref --format=%(refname)%00%(upstream:short)%00%(objectname)%00%(upstream:track)%00%(upstream:remotename)%00%(upstream:remoteref) refs/heads/kas refs/remotes/kas [1ms]
2025-04-05 02:42:30.487 [info] > git status -z -uall [12ms]
2025-04-05 02:42:30.489 [info] > git for-each-ref --sort -committerdate --format %(refname)%00%(objectname)%00%(*objectname) [3ms]
2025-04-05 02:42:31.800 [info] > git for-each-ref --format=%(refname)%00%(upstream:short)%00%(objectname)%00%(upstream:track)%00%(upstream:remotename)%00%(upstream:remoteref) refs/heads/kas refs/remotes/kas [1ms]
2025-04-05 02:42:31.800 [info] > git config --get commit.template [19ms]
2025-04-05 02:42:31.821 [info] > git status -z -uall [10ms]
2025-04-05 02:42:31.823 [info] > git for-each-ref --sort -committerdate --format %(refname)%00%(objectname)%00%(*objectname) [3ms]
2025-04-05 02:42:32.172 [info] > git ls-files --stage -- page/user-management/Create.php [6ms]
2025-04-05 02:42:32.211 [info] > git cat-file -s 614d3218d5aa9e1054a02f96b230462374487c85 [6ms]
