2025-04-01 09:09:37.948 [info] [main] Log level: Info
2025-04-01 09:09:37.948 [info] [main] Validating found git in: "git"
2025-04-01 09:09:37.948 [info] [main] Using git "2.25.1" from "git"
2025-04-01 09:09:37.948 [info] [Model][doInitialScan] Initial repository scan started
2025-04-01 09:09:37.948 [info] > git rev-parse --show-toplevel [29ms]
2025-04-01 09:09:37.951 [info] > git rev-parse --git-dir --git-common-dir [13ms]
2025-04-01 09:09:37.978 [info] [Model][openRepository] Opened repository: /home/hr.bcp-sms1.com/public_html
2025-04-01 09:09:38.026 [info] > git rev-parse --show-toplevel [3ms]
2025-04-01 09:09:38.027 [info] > git config --get commit.template [17ms]
2025-04-01 09:09:38.053 [info] > git rev-parse --show-toplevel [14ms]
2025-04-01 09:09:38.094 [info] > git for-each-ref --format=%(refname)%00%(upstream:short)%00%(objectname)%00%(upstream:track)%00%(upstream:remotename)%00%(upstream:remoteref) refs/heads/kas refs/remotes/kas [43ms]
2025-04-01 09:09:38.107 [info] > git rev-parse --show-toplevel [40ms]
2025-04-01 09:09:38.146 [info] > git rev-parse --show-toplevel [3ms]
2025-04-01 09:09:39.537 [info] > git status -z -uall [1379ms]
2025-04-01 09:09:39.650 [info] > git rev-parse --show-toplevel [1429ms]
2025-04-01 09:09:39.651 [info] > git for-each-ref --sort -committerdate --format %(refname) %(objectname) %(*objectname) [1442ms]
2025-04-01 09:09:39.773 [info] > git check-ignore -v -z --stdin [188ms]
2025-04-01 09:09:39.776 [info] > git for-each-ref --format=%(refname)%00%(upstream:short)%00%(objectname)%00%(upstream:track)%00%(upstream:remotename)%00%(upstream:remoteref) refs/heads/kas refs/remotes/kas [42ms]
2025-04-01 09:09:39.802 [info] > git config --get commit.template [31ms]
2025-04-01 09:09:39.802 [info] > git rev-parse --show-toplevel [43ms]
2025-04-01 09:09:40.201 [info] > git config --get --local branch.kas.vscode-merge-base [404ms]
2025-04-01 09:09:40.239 [info] > git for-each-ref --format=%(refname)%00%(upstream:short)%00%(objectname)%00%(upstream:track)%00%(upstream:remotename)%00%(upstream:remoteref) refs/heads/origin/kas refs/remotes/origin/kas [25ms]
2025-04-01 09:09:40.266 [info] > git for-each-ref --format=%(refname)%00%(upstream:short)%00%(objectname)%00%(upstream:track)%00%(upstream:remotename)%00%(upstream:remoteref) refs/heads/kas refs/remotes/kas [98ms]
2025-04-01 09:09:40.266 [info] > git rev-parse --show-toplevel [227ms]
2025-04-01 09:09:40.293 [info] > git check-ignore -v -z --stdin [60ms]
2025-04-01 09:09:40.295 [info] > git merge-base refs/heads/kas refs/remotes/origin/kas [30ms]
2025-04-01 09:09:40.335 [info] > git rev-parse --show-toplevel [49ms]
2025-04-01 09:09:40.340 [info] [Model][doInitialScan] Initial repository scan completed - repositories (1), closed repositories (0), parent repositories (0), unsafe repositories (0)
2025-04-01 09:09:40.500 [info] > git show --textconv :api/auth/auth.php [144ms]
2025-04-01 09:09:40.501 [info] > git ls-files --stage -- api/auth/auth.php [113ms]
2025-04-01 09:09:40.526 [info] > git diff --name-status -z --diff-filter=ADMR 0486c1a9efdce8c08ecd3d8259bf6ef3840d3cf5...refs/remotes/origin/kas [215ms]
2025-04-01 09:09:40.575 [info] > git status -z -uall [33ms]
2025-04-01 09:09:40.576 [info] > git for-each-ref --sort -committerdate --format %(refname) %(objectname) %(*objectname) [10ms]
2025-04-01 09:09:40.584 [info] > git cat-file -s 1b28f2903e0aab0186a1e775a413eed3143ef508 [60ms]
2025-04-01 09:09:41.175 [info] > git config --get commit.template [564ms]
2025-04-01 09:09:41.181 [info] > git for-each-ref --format=%(refname)%00%(upstream:short)%00%(objectname)%00%(upstream:track)%00%(upstream:remotename)%00%(upstream:remoteref) refs/heads/kas refs/remotes/kas [45ms]
2025-04-01 09:09:41.286 [info] > git status -z -uall [44ms]
2025-04-01 09:09:41.287 [info] > git for-each-ref --sort -committerdate --format %(refname) %(objectname) %(*objectname) [20ms]
2025-04-01 09:09:41.535 [info] > git blame --root --incremental 0486c1a9efdce8c08ecd3d8259bf6ef3840d3cf5 -- api/auth/auth.php [51ms]
2025-04-01 09:11:18.717 [info] > git fetch [409ms]
2025-04-01 09:11:18.750 [info] > git config --get commit.template [4ms]
2025-04-01 09:11:18.784 [info] > git for-each-ref --format=%(refname)%00%(upstream:short)%00%(objectname)%00%(upstream:track)%00%(upstream:remotename)%00%(upstream:remoteref) refs/heads/kas refs/remotes/kas [5ms]
2025-04-01 09:11:18.947 [info] > git status -z -uall [29ms]
2025-04-01 09:11:18.948 [info] > git for-each-ref --sort -committerdate --format %(refname) %(objectname) %(*objectname) [8ms]
2025-04-01 09:11:20.300 [info] > git config --get commit.template [2ms]
2025-04-01 09:11:20.317 [info] > git for-each-ref --format=%(refname)%00%(upstream:short)%00%(objectname)%00%(upstream:track)%00%(upstream:remotename)%00%(upstream:remoteref) refs/heads/kas refs/remotes/kas [4ms]
2025-04-01 09:11:20.350 [info] > git status -z -uall [18ms]
2025-04-01 09:11:20.350 [info] > git for-each-ref --sort -committerdate --format %(refname) %(objectname) %(*objectname) [2ms]
2025-04-01 09:11:20.588 [info] > git ls-files --stage -- api/auth/auth.php [2ms]
2025-04-01 09:11:20.602 [info] > git cat-file -s 1b28f2903e0aab0186a1e775a413eed3143ef508 [2ms]
2025-04-01 09:11:20.902 [info] > git show --textconv :api/auth/auth.php [7ms]
2025-04-01 09:11:21.887 [info] > git check-ignore -v -z --stdin [2ms]
2025-04-01 09:11:23.838 [info] > git check-ignore -v -z --stdin [4ms]
2025-04-01 09:11:26.996 [info] > git check-ignore -v -z --stdin [3ms]
2025-04-01 09:11:30.495 [info] > git check-ignore -v -z --stdin [2ms]
2025-04-01 09:11:34.523 [info] > git show --textconv :page/complaint-feedback/List.php [26ms]
2025-04-01 09:11:34.523 [info] > git ls-files --stage -- page/complaint-feedback/List.php [1ms]
2025-04-01 09:11:34.543 [info] > git cat-file -s f433db54d57f6992ff9dfc01257b47bc89809ff4 [4ms]
2025-04-01 09:11:35.084 [info] > git blame --root --incremental 0486c1a9efdce8c08ecd3d8259bf6ef3840d3cf5 -- page/complaint-feedback/List.php [66ms]
2025-04-01 09:12:58.613 [info] > git config --get commit.template [14ms]
2025-04-01 09:12:58.614 [info] > git for-each-ref --format=%(refname)%00%(upstream:short)%00%(objectname)%00%(upstream:track)%00%(upstream:remotename)%00%(upstream:remoteref) refs/heads/kas refs/remotes/kas [3ms]
2025-04-01 09:12:58.651 [info] > git status -z -uall [21ms]
2025-04-01 09:12:58.653 [info] > git for-each-ref --sort -committerdate --format %(refname) %(objectname) %(*objectname) [5ms]
2025-04-01 09:13:12.237 [info] > git config --get commit.template [44ms]
2025-04-01 09:13:12.237 [info] > git for-each-ref --format=%(refname)%00%(upstream:short)%00%(objectname)%00%(upstream:track)%00%(upstream:remotename)%00%(upstream:remoteref) refs/heads/kas refs/remotes/kas [1ms]
2025-04-01 09:13:12.272 [info] > git status -z -uall [18ms]
2025-04-01 09:13:12.273 [info] > git for-each-ref --sort -committerdate --format %(refname) %(objectname) %(*objectname) [2ms]
2025-04-01 09:13:23.658 [info] > git config --get commit.template [18ms]
2025-04-01 09:13:23.660 [info] > git for-each-ref --format=%(refname)%00%(upstream:short)%00%(objectname)%00%(upstream:track)%00%(upstream:remotename)%00%(upstream:remoteref) refs/heads/kas refs/remotes/kas [3ms]
2025-04-01 09:13:23.736 [info] > git status -z -uall [17ms]
2025-04-01 09:13:23.738 [info] > git for-each-ref --sort -committerdate --format %(refname) %(objectname) %(*objectname) [3ms]
2025-04-01 09:15:03.606 [info] > git fetch [329ms]
2025-04-01 09:15:03.693 [info] > git for-each-ref --format=%(refname)%00%(upstream:short)%00%(objectname)%00%(upstream:track)%00%(upstream:remotename)%00%(upstream:remoteref) refs/heads/kas refs/remotes/kas [38ms]
2025-04-01 09:15:03.693 [info] > git config --get commit.template [67ms]
2025-04-01 09:15:03.729 [info] > git status -z -uall [21ms]
2025-04-01 09:15:03.736 [info] > git for-each-ref --sort -committerdate --format %(refname) %(objectname) %(*objectname) [8ms]
2025-04-01 09:15:05.063 [info] > git config --get commit.template [30ms]
2025-04-01 09:15:05.066 [info] > git for-each-ref --format=%(refname)%00%(upstream:short)%00%(objectname)%00%(upstream:track)%00%(upstream:remotename)%00%(upstream:remoteref) refs/heads/kas refs/remotes/kas [6ms]
2025-04-01 09:15:05.110 [info] > git status -z -uall [24ms]
2025-04-01 09:15:05.114 [info] > git for-each-ref --sort -committerdate --format %(refname) %(objectname) %(*objectname) [5ms]
2025-04-01 09:15:05.462 [info] > git ls-files --stage -- page/complaint-feedback/List.php [6ms]
2025-04-01 09:15:05.491 [info] > git cat-file -s f433db54d57f6992ff9dfc01257b47bc89809ff4 [5ms]
2025-04-01 09:15:05.847 [info] > git show --textconv :page/complaint-feedback/List.php [5ms]
2025-04-01 09:15:12.175 [info] > git config --get commit.template [3ms]
2025-04-01 09:15:12.191 [info] > git for-each-ref --format=%(refname)%00%(upstream:short)%00%(objectname)%00%(upstream:track)%00%(upstream:remotename)%00%(upstream:remoteref) refs/heads/kas refs/remotes/kas [2ms]
2025-04-01 09:15:12.278 [info] > git status -z -uall [42ms]
2025-04-01 09:15:12.287 [info] > git for-each-ref --sort -committerdate --format %(refname) %(objectname) %(*objectname) [10ms]
2025-04-01 09:15:58.059 [info] > git config --get commit.template [18ms]
2025-04-01 09:15:58.060 [info] > git for-each-ref --format=%(refname)%00%(upstream:short)%00%(objectname)%00%(upstream:track)%00%(upstream:remotename)%00%(upstream:remoteref) refs/heads/kas refs/remotes/kas [2ms]
2025-04-01 09:15:58.122 [info] > git status -z -uall [29ms]
2025-04-01 09:15:58.132 [info] > git for-each-ref --sort -committerdate --format %(refname) %(objectname) %(*objectname) [11ms]
2025-04-01 09:16:20.139 [info] > git config --get commit.template [19ms]
2025-04-01 09:16:20.180 [info] > git for-each-ref --format=%(refname)%00%(upstream:short)%00%(objectname)%00%(upstream:track)%00%(upstream:remotename)%00%(upstream:remoteref) refs/heads/kas refs/remotes/kas [10ms]
2025-04-01 09:16:20.218 [info] > git status -z -uall [23ms]
2025-04-01 09:16:20.221 [info] > git for-each-ref --sort -committerdate --format %(refname) %(objectname) %(*objectname) [7ms]
2025-04-01 09:16:45.935 [info] > git config --get commit.template [14ms]
2025-04-01 09:16:45.938 [info] > git for-each-ref --format=%(refname)%00%(upstream:short)%00%(objectname)%00%(upstream:track)%00%(upstream:remotename)%00%(upstream:remoteref) refs/heads/kas refs/remotes/kas [4ms]
2025-04-01 09:16:45.965 [info] > git status -z -uall [15ms]
2025-04-01 09:16:45.968 [info] > git for-each-ref --sort -committerdate --format %(refname) %(objectname) %(*objectname) [4ms]
2025-04-01 09:16:58.520 [info] > git config --get commit.template [1ms]
2025-04-01 09:16:58.537 [info] > git for-each-ref --format=%(refname)%00%(upstream:short)%00%(objectname)%00%(upstream:track)%00%(upstream:remotename)%00%(upstream:remoteref) refs/heads/kas refs/remotes/kas [0ms]
2025-04-01 09:16:58.582 [info] > git status -z -uall [28ms]
2025-04-01 09:16:58.582 [info] > git for-each-ref --sort -committerdate --format %(refname) %(objectname) %(*objectname) [5ms]
2025-04-01 09:17:08.394 [info] > git config --get commit.template [17ms]
2025-04-01 09:17:08.399 [info] > git for-each-ref --format=%(refname)%00%(upstream:short)%00%(objectname)%00%(upstream:track)%00%(upstream:remotename)%00%(upstream:remoteref) refs/heads/kas refs/remotes/kas [7ms]
2025-04-01 09:17:08.441 [info] > git status -z -uall [27ms]
2025-04-01 09:17:08.442 [info] > git for-each-ref --sort -committerdate --format %(refname) %(objectname) %(*objectname) [2ms]
2025-04-01 09:17:32.348 [info] > git config --get commit.template [1ms]
2025-04-01 09:17:32.370 [info] > git for-each-ref --format=%(refname)%00%(upstream:short)%00%(objectname)%00%(upstream:track)%00%(upstream:remotename)%00%(upstream:remoteref) refs/heads/kas refs/remotes/kas [4ms]
2025-04-01 09:17:32.430 [info] > git status -z -uall [42ms]
2025-04-01 09:17:32.436 [info] > git for-each-ref --sort -committerdate --format %(refname) %(objectname) %(*objectname) [10ms]
2025-04-01 09:17:55.633 [info] > git config --get commit.template [26ms]
2025-04-01 09:17:55.648 [info] > git for-each-ref --format=%(refname)%00%(upstream:short)%00%(objectname)%00%(upstream:track)%00%(upstream:remotename)%00%(upstream:remoteref) refs/heads/kas refs/remotes/kas [15ms]
2025-04-01 09:17:55.753 [info] > git status -z -uall [60ms]
2025-04-01 09:17:55.768 [info] > git for-each-ref --sort -committerdate --format %(refname) %(objectname) %(*objectname) [16ms]
2025-04-01 09:18:04.201 [info] > git fetch [402ms]
2025-04-01 09:18:04.312 [info] > git config --get commit.template [55ms]
2025-04-01 09:18:04.491 [info] > git for-each-ref --format=%(refname)%00%(upstream:short)%00%(objectname)%00%(upstream:track)%00%(upstream:remotename)%00%(upstream:remoteref) refs/heads/kas refs/remotes/kas [26ms]
2025-04-01 09:18:04.544 [info] > git status -z -uall [20ms]
2025-04-01 09:18:04.545 [info] > git for-each-ref --sort -committerdate --format %(refname) %(objectname) %(*objectname) [2ms]
2025-04-01 09:18:05.908 [info] > git config --get commit.template [63ms]
2025-04-01 09:18:05.910 [info] > git for-each-ref --format=%(refname)%00%(upstream:short)%00%(objectname)%00%(upstream:track)%00%(upstream:remotename)%00%(upstream:remoteref) refs/heads/kas refs/remotes/kas [3ms]
2025-04-01 09:18:06.005 [info] > git status -z -uall [63ms]
2025-04-01 09:18:06.009 [info] > git for-each-ref --sort -committerdate --format %(refname) %(objectname) %(*objectname) [4ms]
2025-04-01 09:18:06.200 [info] > git ls-files --stage -- page/complaint-feedback/List.php [4ms]
2025-04-01 09:18:06.215 [info] > git cat-file -s f433db54d57f6992ff9dfc01257b47bc89809ff4 [3ms]
2025-04-01 09:18:06.573 [info] > git show --textconv :page/complaint-feedback/List.php [3ms]
2025-04-01 09:18:11.092 [info] > git config --get commit.template [12ms]
2025-04-01 09:18:11.109 [info] > git for-each-ref --format=%(refname)%00%(upstream:short)%00%(objectname)%00%(upstream:track)%00%(upstream:remotename)%00%(upstream:remoteref) refs/heads/kas refs/remotes/kas [4ms]
2025-04-01 09:18:11.184 [info] > git status -z -uall [53ms]
2025-04-01 09:18:11.184 [info] > git for-each-ref --sort -committerdate --format %(refname) %(objectname) %(*objectname) [29ms]
2025-04-01 09:18:16.240 [info] > git config --get commit.template [25ms]
2025-04-01 09:18:16.252 [info] > git for-each-ref --format=%(refname)%00%(upstream:short)%00%(objectname)%00%(upstream:track)%00%(upstream:remotename)%00%(upstream:remoteref) refs/heads/kas refs/remotes/kas [13ms]
2025-04-01 09:18:16.309 [info] > git status -z -uall [26ms]
2025-04-01 09:18:16.312 [info] > git for-each-ref --sort -committerdate --format %(refname) %(objectname) %(*objectname) [5ms]
2025-04-01 09:18:36.539 [info] > git config --get commit.template [2ms]
2025-04-01 09:18:36.561 [info] > git for-each-ref --format=%(refname)%00%(upstream:short)%00%(objectname)%00%(upstream:track)%00%(upstream:remotename)%00%(upstream:remoteref) refs/heads/kas refs/remotes/kas [5ms]
2025-04-01 09:18:36.618 [info] > git status -z -uall [22ms]
2025-04-01 09:18:36.618 [info] > git for-each-ref --sort -committerdate --format %(refname) %(objectname) %(*objectname) [4ms]
2025-04-01 09:19:07.157 [info] > git config --get commit.template [3ms]
2025-04-01 09:19:07.186 [info] > git for-each-ref --format=%(refname)%00%(upstream:short)%00%(objectname)%00%(upstream:track)%00%(upstream:remotename)%00%(upstream:remoteref) refs/heads/kas refs/remotes/kas [1ms]
2025-04-01 09:19:07.308 [info] > git status -z -uall [40ms]
2025-04-01 09:19:07.312 [info] > git for-each-ref --sort -committerdate --format %(refname) %(objectname) %(*objectname) [5ms]
2025-04-01 09:19:12.378 [info] > git config --get commit.template [30ms]
2025-04-01 09:19:12.384 [info] > git for-each-ref --format=%(refname)%00%(upstream:short)%00%(objectname)%00%(upstream:track)%00%(upstream:remotename)%00%(upstream:remoteref) refs/heads/kas refs/remotes/kas [6ms]
2025-04-01 09:19:12.473 [info] > git status -z -uall [49ms]
2025-04-01 09:19:12.473 [info] > git for-each-ref --sort -committerdate --format %(refname) %(objectname) %(*objectname) [12ms]
2025-04-01 09:19:32.361 [info] > git config --get commit.template [22ms]
2025-04-01 09:19:32.362 [info] > git for-each-ref --format=%(refname)%00%(upstream:short)%00%(objectname)%00%(upstream:track)%00%(upstream:remotename)%00%(upstream:remoteref) refs/heads/kas refs/remotes/kas [3ms]
2025-04-01 09:19:32.394 [info] > git status -z -uall [12ms]
2025-04-01 09:19:32.397 [info] > git for-each-ref --sort -committerdate --format %(refname) %(objectname) %(*objectname) [4ms]
2025-04-01 09:19:37.433 [info] > git config --get commit.template [2ms]
2025-04-01 09:19:37.468 [info] > git for-each-ref --format=%(refname)%00%(upstream:short)%00%(objectname)%00%(upstream:track)%00%(upstream:remotename)%00%(upstream:remoteref) refs/heads/kas refs/remotes/kas [5ms]
2025-04-01 09:19:37.647 [info] > git status -z -uall [151ms]
2025-04-01 09:19:37.663 [info] > git for-each-ref --sort -committerdate --format %(refname) %(objectname) %(*objectname) [17ms]
2025-04-01 09:20:01.356 [info] > git config --get commit.template [59ms]
2025-04-01 09:20:01.360 [info] > git for-each-ref --format=%(refname)%00%(upstream:short)%00%(objectname)%00%(upstream:track)%00%(upstream:remotename)%00%(upstream:remoteref) refs/heads/kas refs/remotes/kas [6ms]
2025-04-01 09:20:01.446 [info] > git status -z -uall [72ms]
2025-04-01 09:20:01.446 [info] > git for-each-ref --sort -committerdate --format %(refname) %(objectname) %(*objectname) [1ms]
2025-04-01 09:20:01.559 [info] > git merge-base refs/heads/kas refs/remotes/origin/kas [5ms]
2025-04-01 09:20:01.589 [info] > git blame --root --incremental 597c0b4333262cdd964bd5e95324da40e26f9322 -- page/complaint-feedback/List.php [97ms]
2025-04-01 09:20:01.600 [info] > git diff --name-status -z --diff-filter=ADMR 0486c1a9efdce8c08ecd3d8259bf6ef3840d3cf5...refs/remotes/origin/kas [12ms]
2025-04-01 09:20:02.297 [info] > git config --get commit.template [36ms]
2025-04-01 09:20:02.619 [info] > git for-each-ref --format=%(refname)%00%(upstream:short)%00%(objectname)%00%(upstream:track)%00%(upstream:remotename)%00%(upstream:remoteref) refs/heads/kas refs/remotes/kas [149ms]
2025-04-01 09:20:02.800 [info] > git status -z -uall [48ms]
2025-04-01 09:20:02.801 [info] > git for-each-ref --sort -committerdate --format %(refname) %(objectname) %(*objectname) [10ms]
2025-04-01 09:20:02.923 [info] > git ls-files --stage -- page/complaint-feedback/List.php [14ms]
2025-04-01 09:20:02.979 [info] > git cat-file -s 3d87cf8d3ad320039b81582c580c425f05216628 [14ms]
2025-04-01 09:20:03.338 [info] > git show --textconv :page/complaint-feedback/List.php [10ms]
2025-04-01 09:20:09.543 [info] > git config --get commit.template [43ms]
2025-04-01 09:20:09.554 [info] > git for-each-ref --format=%(refname)%00%(upstream:short)%00%(objectname)%00%(upstream:track)%00%(upstream:remotename)%00%(upstream:remoteref) refs/heads/kas refs/remotes/kas [15ms]
2025-04-01 09:20:09.607 [info] > git status -z -uall [16ms]
2025-04-01 09:20:09.608 [info] > git for-each-ref --sort -committerdate --format %(refname) %(objectname) %(*objectname) [2ms]
2025-04-01 09:20:09.643 [info] > git merge-base refs/heads/kas refs/remotes/origin/kas [3ms]
2025-04-01 09:20:09.662 [info] > git diff --name-status -z --diff-filter=ADMR 597c0b4333262cdd964bd5e95324da40e26f9322...refs/remotes/origin/kas [3ms]
2025-04-01 09:20:10.676 [info] > git config --get commit.template [16ms]
2025-04-01 09:20:10.685 [info] > git for-each-ref --format=%(refname)%00%(upstream:short)%00%(objectname)%00%(upstream:track)%00%(upstream:remotename)%00%(upstream:remoteref) refs/heads/kas refs/remotes/kas [8ms]
2025-04-01 09:20:10.757 [info] > git status -z -uall [30ms]
2025-04-01 09:20:10.762 [info] > git for-each-ref --sort -committerdate --format %(refname) %(objectname) %(*objectname) [5ms]
2025-04-01 09:20:11.260 [info] > git ls-files --stage -- page/complaint-feedback/List.php [1ms]
2025-04-01 09:20:11.281 [info] > git cat-file -s 3d87cf8d3ad320039b81582c580c425f05216628 [5ms]
2025-04-01 09:20:11.681 [info] > git show --textconv :page/complaint-feedback/List.php [6ms]
